2021-01-26 10:32:45 info: 🚀 App listening on the port 3000
2021-01-26 10:38:43 info: ::1 - - [26/Jan/2021:05:08:43 +0000] "GET /api-docs/ HTTP/1.1" 304 - "-" "Mozilla/5.0 (Windows NT 10.0; Win64; x64) AppleWebKit/537.36 (KHTML, like Gecko) Chrome/87.0.4280.141 Safari/537.36"
2021-01-26 10:38:43 info: ::1 - - [26/Jan/2021:05:08:43 +0000] "GET /api-docs/swagger-ui-bundle.js HTTP/1.1" 304 - "-" "Mozilla/5.0 (Windows NT 10.0; Win64; x64) AppleWebKit/537.36 (KHTML, like Gecko) Chrome/87.0.4280.141 Safari/537.36"
2021-01-26 10:38:43 info: ::1 - - [26/Jan/2021:05:08:43 +0000] "GET /api-docs/swagger-ui.css HTTP/1.1" 304 - "-" "Mozilla/5.0 (Windows NT 10.0; Win64; x64) AppleWebKit/537.36 (KHTML, like Gecko) Chrome/87.0.4280.141 Safari/537.36"
2021-01-26 10:38:43 info: ::1 - - [26/Jan/2021:05:08:43 +0000] "GET /api-docs/swagger-ui-init.js HTTP/1.1" 304 - "-" "Mozilla/5.0 (Windows NT 10.0; Win64; x64) AppleWebKit/537.36 (KHTML, like Gecko) Chrome/87.0.4280.141 Safari/537.36"
2021-01-26 10:38:44 info: ::1 - - [26/Jan/2021:05:08:44 +0000] "GET /api-docs/swagger-ui-standalone-preset.js HTTP/1.1" 304 - "-" "Mozilla/5.0 (Windows NT 10.0; Win64; x64) AppleWebKit/537.36 (KHTML, like Gecko) Chrome/87.0.4280.141 Safari/537.36"
2021-01-26 10:38:48 info: ::1 - - [26/Jan/2021:05:08:48 +0000] "GET /api-docs/[object%20Module] HTTP/1.1" 304 - "-" "Mozilla/5.0 (Windows NT 10.0; Win64; x64) AppleWebKit/537.36 (KHTML, like Gecko) Chrome/87.0.4280.141 Safari/537.36"
2021-01-26 10:38:50 info: ::1 - - [26/Jan/2021:05:08:50 +0000] "GET /api-docs/[object%20Module] HTTP/1.1" 304 - "-" "Mozilla/5.0 (Windows NT 10.0; Win64; x64) AppleWebKit/537.36 (KHTML, like Gecko) Chrome/87.0.4280.141 Safari/537.36"
2021-01-26 10:38:53 info: ::1 - - [26/Jan/2021:05:08:53 +0000] "GET /users HTTP/1.1" 304 - "-" "Mozilla/5.0 (Windows NT 10.0; Win64; x64) AppleWebKit/537.36 (KHTML, like Gecko) Chrome/87.0.4280.141 Safari/537.36"
2021-01-26 11:07:48 info: ::1 - - [26/Jan/2021:05:37:48 +0000] "GET /api-docs/ HTTP/1.1" 304 - "-" "Mozilla/5.0 (Windows NT 10.0; Win64; x64) AppleWebKit/537.36 (KHTML, like Gecko) Chrome/87.0.4280.141 Safari/537.36"
2021-01-26 11:07:48 info: ::1 - - [26/Jan/2021:05:37:48 +0000] "GET /api-docs/swagger-ui.css HTTP/1.1" 304 - "-" "Mozilla/5.0 (Windows NT 10.0; Win64; x64) AppleWebKit/537.36 (KHTML, like Gecko) Chrome/87.0.4280.141 Safari/537.36"
2021-01-26 11:07:48 info: ::1 - - [26/Jan/2021:05:37:48 +0000] "GET /api-docs/swagger-ui-bundle.js HTTP/1.1" 304 - "-" "Mozilla/5.0 (Windows NT 10.0; Win64; x64) AppleWebKit/537.36 (KHTML, like Gecko) Chrome/87.0.4280.141 Safari/537.36"
2021-01-26 11:07:48 info: ::1 - - [26/Jan/2021:05:37:48 +0000] "GET /api-docs/swagger-ui-init.js HTTP/1.1" 304 - "-" "Mozilla/5.0 (Windows NT 10.0; Win64; x64) AppleWebKit/537.36 (KHTML, like Gecko) Chrome/87.0.4280.141 Safari/537.36"
2021-01-26 11:07:48 info: ::1 - - [26/Jan/2021:05:37:48 +0000] "GET /api-docs/swagger-ui-standalone-preset.js HTTP/1.1" 304 - "-" "Mozilla/5.0 (Windows NT 10.0; Win64; x64) AppleWebKit/537.36 (KHTML, like Gecko) Chrome/87.0.4280.141 Safari/537.36"
2021-01-26 11:07:52 info: ::1 - - [26/Jan/2021:05:37:52 +0000] "GET /api-docs/[object%20Module] HTTP/1.1" 304 - "-" "Mozilla/5.0 (Windows NT 10.0; Win64; x64) AppleWebKit/537.36 (KHTML, like Gecko) Chrome/87.0.4280.141 Safari/537.36"
2021-01-26 11:08:21 info: ::1 - - [26/Jan/2021:05:38:21 +0000] "GET /api-docs/[object%20Module] HTTP/1.1" 304 - "-" "Mozilla/5.0 (Windows NT 10.0; Win64; x64) AppleWebKit/537.36 (KHTML, like Gecko) Chrome/87.0.4280.141 Safari/537.36"
2021-01-26 11:08:36 info: ::1 - - [26/Jan/2021:05:38:36 +0000] "GET /users HTTP/1.1" 304 - "-" "Mozilla/5.0 (Windows NT 10.0; Win64; x64) AppleWebKit/537.36 (KHTML, like Gecko) Chrome/87.0.4280.141 Safari/537.36"
2021-01-26 11:23:38 info: 🚀 App listening on the port 3000
2021-01-26 11:23:46 info: ::1 - - [26/Jan/2021:05:53:46 +0000] "GET /api-docs/ HTTP/1.1" 304 - "-" "Mozilla/5.0 (Windows NT 10.0; Win64; x64) AppleWebKit/537.36 (KHTML, like Gecko) Chrome/87.0.4280.141 Safari/537.36"
2021-01-26 11:23:47 info: ::1 - - [26/Jan/2021:05:53:47 +0000] "GET /api-docs/swagger-ui-init.js HTTP/1.1" 304 - "-" "Mozilla/5.0 (Windows NT 10.0; Win64; x64) AppleWebKit/537.36 (KHTML, like Gecko) Chrome/87.0.4280.141 Safari/537.36"
2021-01-26 11:23:47 info: ::1 - - [26/Jan/2021:05:53:47 +0000] "GET /api-docs/swagger-ui.css HTTP/1.1" 304 - "-" "Mozilla/5.0 (Windows NT 10.0; Win64; x64) AppleWebKit/537.36 (KHTML, like Gecko) Chrome/87.0.4280.141 Safari/537.36"
2021-01-26 11:23:47 info: ::1 - - [26/Jan/2021:05:53:47 +0000] "GET /api-docs/swagger-ui-bundle.js HTTP/1.1" 304 - "-" "Mozilla/5.0 (Windows NT 10.0; Win64; x64) AppleWebKit/537.36 (KHTML, like Gecko) Chrome/87.0.4280.141 Safari/537.36"
2021-01-26 11:23:47 info: ::1 - - [26/Jan/2021:05:53:47 +0000] "GET /api-docs/swagger-ui-standalone-preset.js HTTP/1.1" 304 - "-" "Mozilla/5.0 (Windows NT 10.0; Win64; x64) AppleWebKit/537.36 (KHTML, like Gecko) Chrome/87.0.4280.141 Safari/537.36"
2021-01-26 11:23:47 info: ::1 - - [26/Jan/2021:05:53:47 +0000] "GET /api-docs/[object%20Module] HTTP/1.1" 304 - "-" "Mozilla/5.0 (Windows NT 10.0; Win64; x64) AppleWebKit/537.36 (KHTML, like Gecko) Chrome/87.0.4280.141 Safari/537.36"
2021-01-26 11:23:47 info: ::1 - - [26/Jan/2021:05:53:47 +0000] "GET /api-docs/favicon-32x32.png HTTP/1.1" 304 - "-" "Mozilla/5.0 (Windows NT 10.0; Win64; x64) AppleWebKit/537.36 (KHTML, like Gecko) Chrome/87.0.4280.141 Safari/537.36"
2021-01-26 11:23:52 info: ::1 - - [26/Jan/2021:05:53:52 +0000] "GET /users HTTP/1.1" 304 - "-" "Mozilla/5.0 (Windows NT 10.0; Win64; x64) AppleWebKit/537.36 (KHTML, like Gecko) Chrome/87.0.4280.141 Safari/537.36"
2021-01-26 11:23:58 info: ::1 - - [26/Jan/2021:05:53:58 +0000] "GET /api-docs/[object%20Module] HTTP/1.1" 304 - "-" "Mozilla/5.0 (Windows NT 10.0; Win64; x64) AppleWebKit/537.36 (KHTML, like Gecko) Chrome/87.0.4280.141 Safari/537.36"
2021-01-26 11:25:34 info: ::1 - - [26/Jan/2021:05:55:34 +0000] "GET /api-docs/ HTTP/1.1" 304 - "-" "Mozilla/5.0 (Windows NT 10.0; Win64; x64) AppleWebKit/537.36 (KHTML, like Gecko) Chrome/87.0.4280.141 Safari/537.36"
2021-01-26 11:25:34 info: ::1 - - [26/Jan/2021:05:55:34 +0000] "GET /api-docs/swagger-ui.css HTTP/1.1" 304 - "-" "Mozilla/5.0 (Windows NT 10.0; Win64; x64) AppleWebKit/537.36 (KHTML, like Gecko) Chrome/87.0.4280.141 Safari/537.36"
2021-01-26 11:25:34 info: ::1 - - [26/Jan/2021:05:55:34 +0000] "GET /api-docs/swagger-ui-bundle.js HTTP/1.1" 304 - "-" "Mozilla/5.0 (Windows NT 10.0; Win64; x64) AppleWebKit/537.36 (KHTML, like Gecko) Chrome/87.0.4280.141 Safari/537.36"
2021-01-26 11:25:34 info: ::1 - - [26/Jan/2021:05:55:34 +0000] "GET /api-docs/swagger-ui-init.js HTTP/1.1" 304 - "-" "Mozilla/5.0 (Windows NT 10.0; Win64; x64) AppleWebKit/537.36 (KHTML, like Gecko) Chrome/87.0.4280.141 Safari/537.36"
2021-01-26 11:25:34 info: ::1 - - [26/Jan/2021:05:55:34 +0000] "GET /api-docs/swagger-ui-standalone-preset.js HTTP/1.1" 304 - "-" "Mozilla/5.0 (Windows NT 10.0; Win64; x64) AppleWebKit/537.36 (KHTML, like Gecko) Chrome/87.0.4280.141 Safari/537.36"
2021-01-26 11:26:03 info: 🚀 App listening on the port 3000
2021-01-26 11:26:10 info: ::1 - - [26/Jan/2021:05:56:10 +0000] "GET /api-docs/ HTTP/1.1" 304 - "-" "Mozilla/5.0 (Windows NT 10.0; Win64; x64) AppleWebKit/537.36 (KHTML, like Gecko) Chrome/87.0.4280.141 Safari/537.36"
2021-01-26 11:26:10 info: ::1 - - [26/Jan/2021:05:56:10 +0000] "GET /api-docs/swagger-ui-init.js HTTP/1.1" 304 - "-" "Mozilla/5.0 (Windows NT 10.0; Win64; x64) AppleWebKit/537.36 (KHTML, like Gecko) Chrome/87.0.4280.141 Safari/537.36"
2021-01-26 11:26:10 info: ::1 - - [26/Jan/2021:05:56:10 +0000] "GET /api-docs/swagger-ui.css HTTP/1.1" 304 - "-" "Mozilla/5.0 (Windows NT 10.0; Win64; x64) AppleWebKit/537.36 (KHTML, like Gecko) Chrome/87.0.4280.141 Safari/537.36"
2021-01-26 11:26:10 info: ::1 - - [26/Jan/2021:05:56:10 +0000] "GET /api-docs/swagger-ui-bundle.js HTTP/1.1" 304 - "-" "Mozilla/5.0 (Windows NT 10.0; Win64; x64) AppleWebKit/537.36 (KHTML, like Gecko) Chrome/87.0.4280.141 Safari/537.36"
2021-01-26 11:26:10 info: ::1 - - [26/Jan/2021:05:56:10 +0000] "GET /api-docs/swagger-ui-standalone-preset.js HTTP/1.1" 304 - "-" "Mozilla/5.0 (Windows NT 10.0; Win64; x64) AppleWebKit/537.36 (KHTML, like Gecko) Chrome/87.0.4280.141 Safari/537.36"
2021-01-26 11:26:11 info: ::1 - - [26/Jan/2021:05:56:11 +0000] "GET /api-docs/[object%20Module] HTTP/1.1" 304 - "-" "Mozilla/5.0 (Windows NT 10.0; Win64; x64) AppleWebKit/537.36 (KHTML, like Gecko) Chrome/87.0.4280.141 Safari/537.36"
2021-01-26 11:26:25 info: ::1 - - [26/Jan/2021:05:56:25 +0000] "GET /api-docs/[object%20Module] HTTP/1.1" 304 - "-" "Mozilla/5.0 (Windows NT 10.0; Win64; x64) AppleWebKit/537.36 (KHTML, like Gecko) Chrome/87.0.4280.141 Safari/537.36"
2021-01-26 11:26:34 info: ::1 - - [26/Jan/2021:05:56:34 +0000] "GET /api-docs/[object%20Module] HTTP/1.1" 304 - "-" "Mozilla/5.0 (Windows NT 10.0; Win64; x64) AppleWebKit/537.36 (KHTML, like Gecko) Chrome/87.0.4280.141 Safari/537.36"
2021-01-26 12:36:38 info: ::1 - - [26/Jan/2021:07:06:38 +0000] "GET /users HTTP/1.1" 304 - "-" "Mozilla/5.0 (Windows NT 10.0; Win64; x64) AppleWebKit/537.36 (KHTML, like Gecko) Chrome/87.0.4280.141 Safari/537.36"
2021-01-26 12:36:51 info: ::1 - - [26/Jan/2021:07:06:51 +0000] "GET /api-docs/[object%20Module] HTTP/1.1" 304 - "-" "Mozilla/5.0 (Windows NT 10.0; Win64; x64) AppleWebKit/537.36 (KHTML, like Gecko) Chrome/87.0.4280.141 Safari/537.36"
2021-01-26 12:38:58 info: 🚀 App listening on the port 3000
2021-01-26 12:39:10 info: ::1 - - [26/Jan/2021:07:09:10 +0000] "GET /api-docs/ HTTP/1.1" 304 - "-" "Mozilla/5.0 (Windows NT 10.0; Win64; x64) AppleWebKit/537.36 (KHTML, like Gecko) Chrome/87.0.4280.141 Safari/537.36"
2021-01-26 12:39:10 info: ::1 - - [26/Jan/2021:07:09:10 +0000] "GET /api-docs/swagger-ui.css HTTP/1.1" 304 - "-" "Mozilla/5.0 (Windows NT 10.0; Win64; x64) AppleWebKit/537.36 (KHTML, like Gecko) Chrome/87.0.4280.141 Safari/537.36"
2021-01-26 12:39:10 info: ::1 - - [26/Jan/2021:07:09:10 +0000] "GET /api-docs/swagger-ui-bundle.js HTTP/1.1" 304 - "-" "Mozilla/5.0 (Windows NT 10.0; Win64; x64) AppleWebKit/537.36 (KHTML, like Gecko) Chrome/87.0.4280.141 Safari/537.36"
2021-01-26 12:39:10 info: ::1 - - [26/Jan/2021:07:09:10 +0000] "GET /api-docs/swagger-ui-standalone-preset.js HTTP/1.1" 304 - "-" "Mozilla/5.0 (Windows NT 10.0; Win64; x64) AppleWebKit/537.36 (KHTML, like Gecko) Chrome/87.0.4280.141 Safari/537.36"
2021-01-26 12:39:10 info: ::1 - - [26/Jan/2021:07:09:10 +0000] "GET /api-docs/swagger-ui-init.js HTTP/1.1" 200 - "-" "Mozilla/5.0 (Windows NT 10.0; Win64; x64) AppleWebKit/537.36 (KHTML, like Gecko) Chrome/87.0.4280.141 Safari/537.36"
2021-01-26 12:39:10 info: ::1 - - [26/Jan/2021:07:09:10 +0000] "GET /api-docs/[object%20Module] HTTP/1.1" 304 - "-" "Mozilla/5.0 (Windows NT 10.0; Win64; x64) AppleWebKit/537.36 (KHTML, like Gecko) Chrome/87.0.4280.141 Safari/537.36"
2021-01-26 12:39:10 info: ::1 - - [26/Jan/2021:07:09:10 +0000] "GET /api-docs/favicon-32x32.png HTTP/1.1" 304 - "-" "Mozilla/5.0 (Windows NT 10.0; Win64; x64) AppleWebKit/537.36 (KHTML, like Gecko) Chrome/87.0.4280.141 Safari/537.36"
2021-01-26 12:39:22 info: ::1 - - [26/Jan/2021:07:09:22 +0000] "GET /api-docs/[object%20Module] HTTP/1.1" 304 - "-" "Mozilla/5.0 (Windows NT 10.0; Win64; x64) AppleWebKit/537.36 (KHTML, like Gecko) Chrome/87.0.4280.141 Safari/537.36"
2021-01-26 12:39:26 info: ::1 - - [26/Jan/2021:07:09:26 +0000] "GET /users HTTP/1.1" 304 - "-" "Mozilla/5.0 (Windows NT 10.0; Win64; x64) AppleWebKit/537.36 (KHTML, like Gecko) Chrome/87.0.4280.141 Safari/537.36"
2021-01-26 12:40:41 info: 🚀 App listening on the port 3000
2021-01-26 12:40:41 info: ::1 - - [26/Jan/2021:07:10:41 +0000] "GET /api-docs/ HTTP/1.1" 304 - "-" "Mozilla/5.0 (Windows NT 10.0; Win64; x64) AppleWebKit/537.36 (KHTML, like Gecko) Chrome/87.0.4280.141 Safari/537.36"
2021-01-26 12:40:41 info: ::1 - - [26/Jan/2021:07:10:41 +0000] "GET /api-docs/swagger-ui.css HTTP/1.1" 304 - "-" "Mozilla/5.0 (Windows NT 10.0; Win64; x64) AppleWebKit/537.36 (KHTML, like Gecko) Chrome/87.0.4280.141 Safari/537.36"
2021-01-26 12:40:41 info: ::1 - - [26/Jan/2021:07:10:41 +0000] "GET /api-docs/swagger-ui-bundle.js HTTP/1.1" 304 - "-" "Mozilla/5.0 (Windows NT 10.0; Win64; x64) AppleWebKit/537.36 (KHTML, like Gecko) Chrome/87.0.4280.141 Safari/537.36"
2021-01-26 12:40:41 info: ::1 - - [26/Jan/2021:07:10:41 +0000] "GET /api-docs/swagger-ui-standalone-preset.js HTTP/1.1" 304 - "-" "Mozilla/5.0 (Windows NT 10.0; Win64; x64) AppleWebKit/537.36 (KHTML, like Gecko) Chrome/87.0.4280.141 Safari/537.36"
2021-01-26 12:40:41 info: ::1 - - [26/Jan/2021:07:10:41 +0000] "GET /api-docs/swagger-ui-init.js HTTP/1.1" 200 - "-" "Mozilla/5.0 (Windows NT 10.0; Win64; x64) AppleWebKit/537.36 (KHTML, like Gecko) Chrome/87.0.4280.141 Safari/537.36"
2021-01-26 12:40:41 info: ::1 - - [26/Jan/2021:07:10:41 +0000] "GET /api-docs/[object%20Module] HTTP/1.1" 304 - "-" "Mozilla/5.0 (Windows NT 10.0; Win64; x64) AppleWebKit/537.36 (KHTML, like Gecko) Chrome/87.0.4280.141 Safari/537.36"
2021-01-26 12:40:41 info: ::1 - - [26/Jan/2021:07:10:41 +0000] "GET /api-docs/favicon-32x32.png HTTP/1.1" 304 - "-" "Mozilla/5.0 (Windows NT 10.0; Win64; x64) AppleWebKit/537.36 (KHTML, like Gecko) Chrome/87.0.4280.141 Safari/537.36"
2021-01-26 12:40:44 info: ::1 - - [26/Jan/2021:07:10:44 +0000] "GET /api-docs/[object%20Module] HTTP/1.1" 304 - "-" "Mozilla/5.0 (Windows NT 10.0; Win64; x64) AppleWebKit/537.36 (KHTML, like Gecko) Chrome/87.0.4280.141 Safari/537.36"
2021-01-26 12:40:55 info: ::1 - - [26/Jan/2021:07:10:55 +0000] "PUT /users/600e93d8580c334880abdacb HTTP/1.1" 404 169 "-" "Mozilla/5.0 (Windows NT 10.0; Win64; x64) AppleWebKit/537.36 (KHTML, like Gecko) Chrome/87.0.4280.141 Safari/537.36"
2021-01-26 12:43:28 info: ::1 - - [26/Jan/2021:07:13:28 +0000] "PUT /users/600e93d8580c334880abdacb HTTP/1.1" 404 169 "-" "Mozilla/5.0 (Windows NT 10.0; Win64; x64) AppleWebKit/537.36 (KHTML, like Gecko) Chrome/87.0.4280.141 Safari/537.36"
2021-01-26 12:43:45 info: ::1 - - [26/Jan/2021:07:13:45 +0000] "GET /api-docs/swagger-ui.css HTTP/1.1" 304 - "-" "Mozilla/5.0 (Windows NT 10.0; Win64; x64) AppleWebKit/537.36 (KHTML, like Gecko) Chrome/87.0.4280.141 Safari/537.36"
2021-01-26 12:43:45 info: ::1 - - [26/Jan/2021:07:13:45 +0000] "GET /api-docs/swagger-ui.css.map HTTP/1.1" 200 - "-" "Mozilla/5.0 (Windows NT 10.0; Win64; x64) AppleWebKit/537.36 (KHTML, like Gecko) Chrome/87.0.4280.141 Safari/537.36"
2021-01-26 12:43:45 info: ::1 - - [26/Jan/2021:07:13:45 +0000] "GET /api-docs/swagger-ui-standalone-preset.js.map HTTP/1.1" 200 - "-" "Mozilla/5.0 (Windows NT 10.0; Win64; x64) AppleWebKit/537.36 (KHTML, like Gecko) Chrome/87.0.4280.141 Safari/537.36"
2021-01-26 12:43:45 info: ::1 - - [26/Jan/2021:07:13:45 +0000] "GET /api-docs/swagger-ui-bundle.js.map HTTP/1.1" 200 - "-" "Mozilla/5.0 (Windows NT 10.0; Win64; x64) AppleWebKit/537.36 (KHTML, like Gecko) Chrome/87.0.4280.141 Safari/537.36"
2021-01-26 12:46:55 info: ::1 - - [26/Jan/2021:07:16:55 +0000] "GET /api-docs/[object%20Module] HTTP/1.1" 304 - "-" "Mozilla/5.0 (Windows NT 10.0; Win64; x64) AppleWebKit/537.36 (KHTML, like Gecko) Chrome/87.0.4280.141 Safari/537.36"
2021-01-26 12:47:09 error: StatusCode : 500, Message : Cannot read property 'find' of undefined
2021-01-26 12:47:09 info: ::1 - - [26/Jan/2021:07:17:09 +0000] "GET /users/1 HTTP/1.1" 500 54 "-" "Mozilla/5.0 (Windows NT 10.0; Win64; x64) AppleWebKit/537.36 (KHTML, like Gecko) Chrome/87.0.4280.141 Safari/537.36"
2021-01-26 12:48:40 info: ::1 - - [26/Jan/2021:07:18:40 +0000] "PUT /users/1 HTTP/1.1" 200 21 "-" "Mozilla/5.0 (Windows NT 10.0; Win64; x64) AppleWebKit/537.36 (KHTML, like Gecko) Chrome/87.0.4280.141 Safari/537.36"
2021-01-26 12:49:03 info: ::1 - - [26/Jan/2021:07:19:03 +0000] "GET /users HTTP/1.1" 304 - "-" "Mozilla/5.0 (Windows NT 10.0; Win64; x64) AppleWebKit/537.36 (KHTML, like Gecko) Chrome/87.0.4280.141 Safari/537.36"
2021-01-26 12:55:47 info: 🚀 App listening on the port 3000
2021-01-26 12:55:47 info: ::1 - - [26/Jan/2021:07:25:47 +0000] "GET /api-docs/ HTTP/1.1" 304 - "-" "Mozilla/5.0 (Windows NT 10.0; Win64; x64) AppleWebKit/537.36 (KHTML, like Gecko) Chrome/87.0.4280.141 Safari/537.36"
2021-01-26 12:55:47 info: ::1 - - [26/Jan/2021:07:25:47 +0000] "GET /api-docs/swagger-ui-init.js HTTP/1.1" 304 - "-" "Mozilla/5.0 (Windows NT 10.0; Win64; x64) AppleWebKit/537.36 (KHTML, like Gecko) Chrome/87.0.4280.141 Safari/537.36"
2021-01-26 12:55:47 info: ::ffff:127.0.0.1 - - [26/Jan/2021:07:25:47 +0000] "GET /api-docs/swagger-ui-standalone-preset.js HTTP/1.1" 304 - "-" "Mozilla/5.0 (Windows NT 10.0; Win64; x64) AppleWebKit/537.36 (KHTML, like Gecko) Chrome/87.0.4280.141 Safari/537.36"
2021-01-26 12:55:47 info: ::ffff:127.0.0.1 - - [26/Jan/2021:07:25:47 +0000] "GET /api-docs/swagger-ui-bundle.js HTTP/1.1" 304 - "-" "Mozilla/5.0 (Windows NT 10.0; Win64; x64) AppleWebKit/537.36 (KHTML, like Gecko) Chrome/87.0.4280.141 Safari/537.36"
2021-01-26 12:55:47 info: ::1 - - [26/Jan/2021:07:25:47 +0000] "GET /api-docs/swagger-ui.css HTTP/1.1" 304 - "-" "Mozilla/5.0 (Windows NT 10.0; Win64; x64) AppleWebKit/537.36 (KHTML, like Gecko) Chrome/87.0.4280.141 Safari/537.36"
2021-01-26 12:55:47 info: ::1 - - [26/Jan/2021:07:25:47 +0000] "GET /api-docs/swagger-ui.css.map HTTP/1.1" 200 - "-" "Mozilla/5.0 (Windows NT 10.0; Win64; x64) AppleWebKit/537.36 (KHTML, like Gecko) Chrome/87.0.4280.141 Safari/537.36"
2021-01-26 12:55:47 info: ::ffff:127.0.0.1 - - [26/Jan/2021:07:25:47 +0000] "GET /api-docs/swagger-ui-standalone-preset.js.map HTTP/1.1" 200 - "-" "Mozilla/5.0 (Windows NT 10.0; Win64; x64) AppleWebKit/537.36 (KHTML, like Gecko) Chrome/87.0.4280.141 Safari/537.36"
2021-01-26 12:55:47 info: ::ffff:127.0.0.1 - - [26/Jan/2021:07:25:47 +0000] "GET /api-docs/[object%20Module] HTTP/1.1" 304 - "-" "Mozilla/5.0 (Windows NT 10.0; Win64; x64) AppleWebKit/537.36 (KHTML, like Gecko) Chrome/87.0.4280.141 Safari/537.36"
2021-01-26 12:55:47 info: ::ffff:127.0.0.1 - - [26/Jan/2021:07:25:47 +0000] "GET /api-docs/favicon-32x32.png HTTP/1.1" 304 - "-" "Mozilla/5.0 (Windows NT 10.0; Win64; x64) AppleWebKit/537.36 (KHTML, like Gecko) Chrome/87.0.4280.141 Safari/537.36"
2021-01-26 12:55:48 info: ::1 - - [26/Jan/2021:07:25:48 +0000] "GET /api-docs/swagger-ui-bundle.js.map HTTP/1.1" 200 - "-" "Mozilla/5.0 (Windows NT 10.0; Win64; x64) AppleWebKit/537.36 (KHTML, like Gecko) Chrome/87.0.4280.141 Safari/537.36"
2021-01-26 12:55:50 info: ::1 - - [26/Jan/2021:07:25:50 +0000] "GET /api-docs/[object%20Module] HTTP/1.1" 304 - "-" "Mozilla/5.0 (Windows NT 10.0; Win64; x64) AppleWebKit/537.36 (KHTML, like Gecko) Chrome/87.0.4280.141 Safari/537.36"
2021-01-26 12:55:57 info: ::1 - - [26/Jan/2021:07:25:57 +0000] "GET /users HTTP/1.1" 304 - "-" "Mozilla/5.0 (Windows NT 10.0; Win64; x64) AppleWebKit/537.36 (KHTML, like Gecko) Chrome/87.0.4280.141 Safari/537.36"
2021-01-26 12:56:15 info: ::1 - - [26/Jan/2021:07:26:15 +0000] "GET /api-docs/[object%20Module] HTTP/1.1" 304 - "-" "Mozilla/5.0 (Windows NT 10.0; Win64; x64) AppleWebKit/537.36 (KHTML, like Gecko) Chrome/87.0.4280.141 Safari/537.36"
2021-01-26 12:56:33 info: ::1 - - [26/Jan/2021:07:26:33 +0000] "PUT /users/1 HTTP/1.1" 200 21 "-" "Mozilla/5.0 (Windows NT 10.0; Win64; x64) AppleWebKit/537.36 (KHTML, like Gecko) Chrome/87.0.4280.141 Safari/537.36"
2021-01-26 13:01:08 info: ::1 - - [26/Jan/2021:07:31:08 +0000] "PUT /users/1 HTTP/1.1" 200 21 "-" "Mozilla/5.0 (Windows NT 10.0; Win64; x64) AppleWebKit/537.36 (KHTML, like Gecko) Chrome/87.0.4280.141 Safari/537.36"
2021-01-26 13:02:49 info: ::1 - - [26/Jan/2021:07:32:49 +0000] "PUT /users/1 HTTP/1.1" 200 21 "-" "Mozilla/5.0 (Windows NT 10.0; Win64; x64) AppleWebKit/537.36 (KHTML, like Gecko) Chrome/87.0.4280.141 Safari/537.36"
2021-01-26 13:03:08 info: 🚀 App listening on the port 3000
2021-01-26 13:03:10 info: ::1 - - [26/Jan/2021:07:33:10 +0000] "PUT /users/1 HTTP/1.1" 200 21 "-" "Mozilla/5.0 (Windows NT 10.0; Win64; x64) AppleWebKit/537.36 (KHTML, like Gecko) Chrome/87.0.4280.141 Safari/537.36"
2021-01-26 13:04:08 info: 🚀 App listening on the port 3000
2021-01-26 13:04:17 info: ::1 - - [26/Jan/2021:07:34:17 +0000] "PUT /users/1 HTTP/1.1" 200 21 "-" "Mozilla/5.0 (Windows NT 10.0; Win64; x64) AppleWebKit/537.36 (KHTML, like Gecko) Chrome/87.0.4280.141 Safari/537.36"
2021-01-26 13:08:12 info: 🚀 App listening on the port 3000
2021-01-26 13:08:13 info: ::1 - - [26/Jan/2021:07:38:13 +0000] "PUT /users/1 HTTP/1.1" 200 876 "-" "Mozilla/5.0 (Windows NT 10.0; Win64; x64) AppleWebKit/537.36 (KHTML, like Gecko) Chrome/87.0.4280.141 Safari/537.36"
2021-01-26 13:08:40 info: ::1 - - [26/Jan/2021:07:38:40 +0000] "GET /users HTTP/1.1" 304 - "-" "Mozilla/5.0 (Windows NT 10.0; Win64; x64) AppleWebKit/537.36 (KHTML, like Gecko) Chrome/87.0.4280.141 Safari/537.36"
2021-01-26 13:14:42 info: 🚀 App listening on the port 3000
2021-01-26 13:15:06 info: ::1 - - [26/Jan/2021:07:45:06 +0000] "PUT /users/600e93d8580c334880abdacb HTTP/1.1" 200 876 "-" "Mozilla/5.0 (Windows NT 10.0; Win64; x64) AppleWebKit/537.36 (KHTML, like Gecko) Chrome/87.0.4280.141 Safari/537.36"
2021-01-26 13:16:02 info: ::1 - - [26/Jan/2021:07:46:02 +0000] "GET /users HTTP/1.1" 304 - "-" "Mozilla/5.0 (Windows NT 10.0; Win64; x64) AppleWebKit/537.36 (KHTML, like Gecko) Chrome/87.0.4280.141 Safari/537.36"
2021-01-26 13:18:20 info: 🚀 App listening on the port 3000
2021-01-26 13:18:52 info: ::1 - - [26/Jan/2021:07:48:52 +0000] "PUT /users/600e93d8580c334880abdacb HTTP/1.1" 200 763 "-" "Mozilla/5.0 (Windows NT 10.0; Win64; x64) AppleWebKit/537.36 (KHTML, like Gecko) Chrome/87.0.4280.141 Safari/537.36"
2021-01-26 13:19:50 info: 🚀 App listening on the port 3000
2021-01-26 13:20:03 info: ::1 - - [26/Jan/2021:07:50:03 +0000] "PUT /users/600e93d8580c334880abdacb HTTP/1.1" 200 21 "-" "Mozilla/5.0 (Windows NT 10.0; Win64; x64) AppleWebKit/537.36 (KHTML, like Gecko) Chrome/87.0.4280.141 Safari/537.36"
2021-01-26 13:20:19 info: ::1 - - [26/Jan/2021:07:50:19 +0000] "GET /users HTTP/1.1" 304 - "-" "Mozilla/5.0 (Windows NT 10.0; Win64; x64) AppleWebKit/537.36 (KHTML, like Gecko) Chrome/87.0.4280.141 Safari/537.36"
2021-01-26 13:23:20 info: 🚀 App listening on the port 3000
2021-01-26 13:23:24 info: ::1 - - [26/Jan/2021:07:53:24 +0000] "PUT /users/600e93d8580c334880abdacb HTTP/1.1" 200 21 "-" "Mozilla/5.0 (Windows NT 10.0; Win64; x64) AppleWebKit/537.36 (KHTML, like Gecko) Chrome/87.0.4280.141 Safari/537.36"
2021-01-26 13:32:39 info: 🚀 App listening on the port 3000
2021-01-26 13:32:49 info: ::1 - - [26/Jan/2021:08:02:49 +0000] "PUT /users/600e93d8580c334880abdacb HTTP/1.1" 200 21 "-" "Mozilla/5.0 (Windows NT 10.0; Win64; x64) AppleWebKit/537.36 (KHTML, like Gecko) Chrome/87.0.4280.141 Safari/537.36"
2021-01-26 13:33:24 info: 🚀 App listening on the port 3000
2021-01-26 13:33:31 info: ::1 - - [26/Jan/2021:08:03:31 +0000] "PUT /users/600e93d8580c334880abdacb HTTP/1.1" 200 21 "-" "Mozilla/5.0 (Windows NT 10.0; Win64; x64) AppleWebKit/537.36 (KHTML, like Gecko) Chrome/87.0.4280.141 Safari/537.36"
2021-01-26 13:33:57 info: ::1 - - [26/Jan/2021:08:03:57 +0000] "GET /users HTTP/1.1" 200 888 "-" "Mozilla/5.0 (Windows NT 10.0; Win64; x64) AppleWebKit/537.36 (KHTML, like Gecko) Chrome/87.0.4280.141 Safari/537.36"
2021-01-26 16:36:31 info: 🚀 App listening on the port 3000
2021-01-26 17:13:15 info: ::1 - - [26/Jan/2021:11:43:15 +0000] "GET /api-docs/ HTTP/1.1" 304 - "-" "Mozilla/5.0 (Windows NT 10.0; Win64; x64) AppleWebKit/537.36 (KHTML, like Gecko) Chrome/87.0.4280.141 Safari/537.36"
2021-01-26 17:13:15 info: ::1 - - [26/Jan/2021:11:43:15 +0000] "GET /api-docs/swagger-ui-bundle.js HTTP/1.1" 304 - "-" "Mozilla/5.0 (Windows NT 10.0; Win64; x64) AppleWebKit/537.36 (KHTML, like Gecko) Chrome/87.0.4280.141 Safari/537.36"
2021-01-26 17:13:15 info: ::1 - - [26/Jan/2021:11:43:15 +0000] "GET /api-docs/swagger-ui.css HTTP/1.1" 304 - "-" "Mozilla/5.0 (Windows NT 10.0; Win64; x64) AppleWebKit/537.36 (KHTML, like Gecko) Chrome/87.0.4280.141 Safari/537.36"
2021-01-26 17:13:15 info: ::1 - - [26/Jan/2021:11:43:15 +0000] "GET /api-docs/swagger-ui-init.js HTTP/1.1" 304 - "-" "Mozilla/5.0 (Windows NT 10.0; Win64; x64) AppleWebKit/537.36 (KHTML, like Gecko) Chrome/87.0.4280.141 Safari/537.36"
2021-01-26 17:13:15 info: ::1 - - [26/Jan/2021:11:43:15 +0000] "GET /api-docs/swagger-ui-standalone-preset.js HTTP/1.1" 304 - "-" "Mozilla/5.0 (Windows NT 10.0; Win64; x64) AppleWebKit/537.36 (KHTML, like Gecko) Chrome/87.0.4280.141 Safari/537.36"
2021-01-26 17:13:21 info: ::1 - - [26/Jan/2021:11:43:21 +0000] "GET /api-docs/[object%20Module] HTTP/1.1" 304 - "-" "Mozilla/5.0 (Windows NT 10.0; Win64; x64) AppleWebKit/537.36 (KHTML, like Gecko) Chrome/87.0.4280.141 Safari/537.36"
2021-01-26 17:13:27 info: ::1 - - [26/Jan/2021:11:43:27 +0000] "GET /api-docs/[object%20Module] HTTP/1.1" 304 - "-" "Mozilla/5.0 (Windows NT 10.0; Win64; x64) AppleWebKit/537.36 (KHTML, like Gecko) Chrome/87.0.4280.141 Safari/537.36"
2021-01-26 17:13:40 info: ::1 - - [26/Jan/2021:11:43:40 +0000] "GET /users HTTP/1.1" 304 - "-" "Mozilla/5.0 (Windows NT 10.0; Win64; x64) AppleWebKit/537.36 (KHTML, like Gecko) Chrome/87.0.4280.141 Safari/537.36"
2021-01-26 17:18:20 info: ::1 - - [26/Jan/2021:11:48:20 +0000] "PUT /users/600e93d8580c334880abdacb HTTP/1.1" 200 21 "-" "Mozilla/5.0 (Windows NT 10.0; Win64; x64) AppleWebKit/537.36 (KHTML, like Gecko) Chrome/87.0.4280.141 Safari/537.36"
2021-01-26 17:18:43 info: ::1 - - [26/Jan/2021:11:48:43 +0000] "GET /users HTTP/1.1" 304 - "-" "Mozilla/5.0 (Windows NT 10.0; Win64; x64) AppleWebKit/537.36 (KHTML, like Gecko) Chrome/87.0.4280.141 Safari/537.36"
2021-01-26 17:18:50 info: ::1 - - [26/Jan/2021:11:48:50 +0000] "GET /users HTTP/1.1" 304 - "-" "Mozilla/5.0 (Windows NT 10.0; Win64; x64) AppleWebKit/537.36 (KHTML, like Gecko) Chrome/87.0.4280.141 Safari/537.36"
2021-01-26 17:19:36 info: ::1 - - [26/Jan/2021:11:49:36 +0000] "PUT /users/600e93d8580c334880abdacb HTTP/1.1" 200 21 "-" "Mozilla/5.0 (Windows NT 10.0; Win64; x64) AppleWebKit/537.36 (KHTML, like Gecko) Chrome/87.0.4280.141 Safari/537.36"
2021-01-26 17:19:41 info: ::1 - - [26/Jan/2021:11:49:41 +0000] "PUT /users/600e93d8580c334880abdacb HTTP/1.1" 200 21 "-" "Mozilla/5.0 (Windows NT 10.0; Win64; x64) AppleWebKit/537.36 (KHTML, like Gecko) Chrome/87.0.4280.141 Safari/537.36"
2021-01-26 17:19:49 info: ::1 - - [26/Jan/2021:11:49:49 +0000] "GET /users HTTP/1.1" 304 - "-" "Mozilla/5.0 (Windows NT 10.0; Win64; x64) AppleWebKit/537.36 (KHTML, like Gecko) Chrome/87.0.4280.141 Safari/537.36"
2021-01-26 17:19:57 info: ::1 - - [26/Jan/2021:11:49:57 +0000] "GET /users HTTP/1.1" 304 - "-" "Mozilla/5.0 (Windows NT 10.0; Win64; x64) AppleWebKit/537.36 (KHTML, like Gecko) Chrome/87.0.4280.141 Safari/537.36"
2021-01-26 17:28:18 info: ::1 - - [26/Jan/2021:11:58:18 +0000] "GET /api-docs/[object%20Module] HTTP/1.1" 304 - "-" "Mozilla/5.0 (Windows NT 10.0; Win64; x64) AppleWebKit/537.36 (KHTML, like Gecko) Chrome/87.0.4280.141 Safari/537.36"
2021-01-26 17:29:21 info: ::1 - - [26/Jan/2021:11:59:21 +0000] "GET /api-docs/[object%20Module] HTTP/1.1" 304 - "-" "Mozilla/5.0 (Windows NT 10.0; Win64; x64) AppleWebKit/537.36 (KHTML, like Gecko) Chrome/87.0.4280.141 Safari/537.36"
2021-01-26 17:29:33 info: ::1 - - [26/Jan/2021:11:59:33 +0000] "PUT /users/600e93d8580c334880abdacb HTTP/1.1" 200 21 "-" "Mozilla/5.0 (Windows NT 10.0; Win64; x64) AppleWebKit/537.36 (KHTML, like Gecko) Chrome/87.0.4280.141 Safari/537.36"
2021-01-26 18:22:33 info: ::1 - - [26/Jan/2021:12:52:33 +0000] "GET /api-docs/[object%20Module] HTTP/1.1" 304 - "-" "Mozilla/5.0 (Windows NT 10.0; Win64; x64) AppleWebKit/537.36 (KHTML, like Gecko) Chrome/87.0.4280.141 Safari/537.36"
2021-01-26 18:23:16 info: ::1 - - [26/Jan/2021:12:53:16 +0000] "POST /users HTTP/1.1" 201 20 "-" "Mozilla/5.0 (Windows NT 10.0; Win64; x64) AppleWebKit/537.36 (KHTML, like Gecko) Chrome/87.0.4280.141 Safari/537.36"
2021-01-26 19:06:16 info: ::1 - - [26/Jan/2021:13:36:16 +0000] "GET /api-docs/swagger-ui.css HTTP/1.1" 304 - "-" "Mozilla/5.0 (Windows NT 10.0; Win64; x64) AppleWebKit/537.36 (KHTML, like Gecko) Chrome/87.0.4280.141 Safari/537.36"
2021-01-26 19:06:16 info: ::1 - - [26/Jan/2021:13:36:16 +0000] "GET /api-docs/swagger-ui.css.map HTTP/1.1" 200 - "-" "Mozilla/5.0 (Windows NT 10.0; Win64; x64) AppleWebKit/537.36 (KHTML, like Gecko) Chrome/87.0.4280.141 Safari/537.36"
2021-01-26 19:06:17 info: ::1 - - [26/Jan/2021:13:36:17 +0000] "GET /api-docs/swagger-ui-standalone-preset.js.map HTTP/1.1" 200 - "-" "Mozilla/5.0 (Windows NT 10.0; Win64; x64) AppleWebKit/537.36 (KHTML, like Gecko) Chrome/87.0.4280.141 Safari/537.36"
2021-01-26 19:06:17 info: ::1 - - [26/Jan/2021:13:36:17 +0000] "GET /api-docs/swagger-ui-bundle.js.map HTTP/1.1" 200 - "-" "Mozilla/5.0 (Windows NT 10.0; Win64; x64) AppleWebKit/537.36 (KHTML, like Gecko) Chrome/87.0.4280.141 Safari/537.36"
2021-01-26 19:06:30 info: ::1 - - [26/Jan/2021:13:36:30 +0000] "GET /users HTTP/1.1" 200 1006 "-" "Mozilla/5.0 (Windows NT 10.0; Win64; x64) AppleWebKit/537.36 (KHTML, like Gecko) Chrome/87.0.4280.141 Safari/537.36"
2021-01-26 19:07:20 info: ::1 - - [26/Jan/2021:13:37:20 +0000] "PUT /users/600e93d8580c334880abdacb HTTP/1.1" 200 21 "-" "Mozilla/5.0 (Windows NT 10.0; Win64; x64) AppleWebKit/537.36 (KHTML, like Gecko) Chrome/87.0.4280.141 Safari/537.36"
2021-01-26 20:28:17 info: 🚀 App listening on the port 3000
2021-01-26 20:28:35 info: ::1 - - [26/Jan/2021:14:58:35 +0000] "PUT /users/600e93d8580c334880abdacb HTTP/1.1" 200 21 "-" "Mozilla/5.0 (Windows NT 10.0; Win64; x64) AppleWebKit/537.36 (KHTML, like Gecko) Chrome/87.0.4280.141 Safari/537.36"
2021-01-26 20:28:58 info: ::1 - - [26/Jan/2021:14:58:58 +0000] "GET /users HTTP/1.1" 200 1006 "-" "Mozilla/5.0 (Windows NT 10.0; Win64; x64) AppleWebKit/537.36 (KHTML, like Gecko) Chrome/87.0.4280.141 Safari/537.36"
2021-01-26 20:37:59 info: 🚀 App listening on the port 3000
2021-01-26 20:37:59 info: ::1 - - [26/Jan/2021:15:07:59 +0000] "GET /api-docs/ HTTP/1.1" 200 - "-" "Mozilla/5.0 (Windows NT 10.0; Win64; x64) AppleWebKit/537.36 (KHTML, like Gecko) Chrome/87.0.4280.141 Safari/537.36"
2021-01-26 20:37:59 info: ::1 - - [26/Jan/2021:15:07:59 +0000] "GET /api-docs/swagger-ui.css HTTP/1.1" 304 - "-" "Mozilla/5.0 (Windows NT 10.0; Win64; x64) AppleWebKit/537.36 (KHTML, like Gecko) Chrome/87.0.4280.141 Safari/537.36"
2021-01-26 20:37:59 info: ::1 - - [26/Jan/2021:15:07:59 +0000] "GET /api-docs/swagger-ui-init.js HTTP/1.1" 304 - "-" "Mozilla/5.0 (Windows NT 10.0; Win64; x64) AppleWebKit/537.36 (KHTML, like Gecko) Chrome/87.0.4280.141 Safari/537.36"
2021-01-26 20:37:59 info: ::1 - - [26/Jan/2021:15:07:59 +0000] "GET /api-docs/swagger-ui-standalone-preset.js HTTP/1.1" 304 - "-" "Mozilla/5.0 (Windows NT 10.0; Win64; x64) AppleWebKit/537.36 (KHTML, like Gecko) Chrome/87.0.4280.141 Safari/537.36"
2021-01-26 20:37:59 info: ::1 - - [26/Jan/2021:15:07:59 +0000] "GET /api-docs/swagger-ui-bundle.js HTTP/1.1" 304 - "-" "Mozilla/5.0 (Windows NT 10.0; Win64; x64) AppleWebKit/537.36 (KHTML, like Gecko) Chrome/87.0.4280.141 Safari/537.36"
2021-01-26 20:37:59 info: ::1 - - [26/Jan/2021:15:07:59 +0000] "GET /api-docs/swagger-ui.css.map HTTP/1.1" 200 - "-" "Mozilla/5.0 (Windows NT 10.0; Win64; x64) AppleWebKit/537.36 (KHTML, like Gecko) Chrome/87.0.4280.141 Safari/537.36"
2021-01-26 20:37:59 info: ::1 - - [26/Jan/2021:15:07:59 +0000] "GET /api-docs/swagger-ui-standalone-preset.js.map HTTP/1.1" 200 - "-" "Mozilla/5.0 (Windows NT 10.0; Win64; x64) AppleWebKit/537.36 (KHTML, like Gecko) Chrome/87.0.4280.141 Safari/537.36"
2021-01-26 20:37:59 info: ::1 - - [26/Jan/2021:15:07:59 +0000] "GET /api-docs/[object%20Module] HTTP/1.1" 304 - "-" "Mozilla/5.0 (Windows NT 10.0; Win64; x64) AppleWebKit/537.36 (KHTML, like Gecko) Chrome/87.0.4280.141 Safari/537.36"
2021-01-26 20:38:00 info: ::1 - - [26/Jan/2021:15:08:00 +0000] "GET /api-docs/swagger-ui-bundle.js.map HTTP/1.1" 200 - "-" "Mozilla/5.0 (Windows NT 10.0; Win64; x64) AppleWebKit/537.36 (KHTML, like Gecko) Chrome/87.0.4280.141 Safari/537.36"
2021-01-26 20:38:00 info: ::1 - - [26/Jan/2021:15:08:00 +0000] "GET /api-docs/favicon-32x32.png HTTP/1.1" 304 - "-" "Mozilla/5.0 (Windows NT 10.0; Win64; x64) AppleWebKit/537.36 (KHTML, like Gecko) Chrome/87.0.4280.141 Safari/537.36"
2021-01-26 20:38:06 info: ::ffff:127.0.0.1 - - [26/Jan/2021:15:08:06 +0000] "GET /api-docs/[object%20Module] HTTP/1.1" 304 - "-" "Mozilla/5.0 (Windows NT 10.0; Win64; x64) AppleWebKit/537.36 (KHTML, like Gecko) Chrome/87.0.4280.141 Safari/537.36"
2021-01-26 20:38:10 info: ::1 - - [26/Jan/2021:15:08:10 +0000] "GET /users HTTP/1.1" 304 - "-" "Mozilla/5.0 (Windows NT 10.0; Win64; x64) AppleWebKit/537.36 (KHTML, like Gecko) Chrome/87.0.4280.141 Safari/537.36"
2021-01-26 20:38:22 info: ::1 - - [26/Jan/2021:15:08:22 +0000] "GET /api-docs/[object%20Module] HTTP/1.1" 304 - "-" "Mozilla/5.0 (Windows NT 10.0; Win64; x64) AppleWebKit/537.36 (KHTML, like Gecko) Chrome/87.0.4280.141 Safari/537.36"
2021-01-26 20:41:57 info: 🚀 App listening on the port 3000
2021-01-26 20:41:57 info: ::1 - - [26/Jan/2021:15:11:57 +0000] "GET /api-docs/ HTTP/1.1" 304 - "-" "Mozilla/5.0 (Windows NT 10.0; Win64; x64) AppleWebKit/537.36 (KHTML, like Gecko) Chrome/87.0.4280.141 Safari/537.36"
2021-01-26 20:41:57 info: ::1 - - [26/Jan/2021:15:11:57 +0000] "GET /api-docs/swagger-ui-standalone-preset.js HTTP/1.1" 304 - "-" "Mozilla/5.0 (Windows NT 10.0; Win64; x64) AppleWebKit/537.36 (KHTML, like Gecko) Chrome/87.0.4280.141 Safari/537.36"
2021-01-26 20:41:57 info: ::1 - - [26/Jan/2021:15:11:57 +0000] "GET /api-docs/swagger-ui.css HTTP/1.1" 304 - "-" "Mozilla/5.0 (Windows NT 10.0; Win64; x64) AppleWebKit/537.36 (KHTML, like Gecko) Chrome/87.0.4280.141 Safari/537.36"
2021-01-26 20:41:57 info: ::1 - - [26/Jan/2021:15:11:57 +0000] "GET /api-docs/swagger-ui-bundle.js HTTP/1.1" 304 - "-" "Mozilla/5.0 (Windows NT 10.0; Win64; x64) AppleWebKit/537.36 (KHTML, like Gecko) Chrome/87.0.4280.141 Safari/537.36"
2021-01-26 20:41:57 info: ::1 - - [26/Jan/2021:15:11:57 +0000] "GET /api-docs/swagger-ui-init.js HTTP/1.1" 200 - "-" "Mozilla/5.0 (Windows NT 10.0; Win64; x64) AppleWebKit/537.36 (KHTML, like Gecko) Chrome/87.0.4280.141 Safari/537.36"
2021-01-26 20:41:57 info: ::1 - - [26/Jan/2021:15:11:57 +0000] "GET /api-docs/swagger-ui.css.map HTTP/1.1" 200 - "-" "Mozilla/5.0 (Windows NT 10.0; Win64; x64) AppleWebKit/537.36 (KHTML, like Gecko) Chrome/87.0.4280.141 Safari/537.36"
2021-01-26 20:41:58 info: ::1 - - [26/Jan/2021:15:11:58 +0000] "GET /api-docs/swagger-ui-standalone-preset.js.map HTTP/1.1" 200 - "-" "Mozilla/5.0 (Windows NT 10.0; Win64; x64) AppleWebKit/537.36 (KHTML, like Gecko) Chrome/87.0.4280.141 Safari/537.36"
2021-01-26 20:41:58 info: ::1 - - [26/Jan/2021:15:11:58 +0000] "GET /api-docs/[object%20Module] HTTP/1.1" 304 - "-" "Mozilla/5.0 (Windows NT 10.0; Win64; x64) AppleWebKit/537.36 (KHTML, like Gecko) Chrome/87.0.4280.141 Safari/537.36"
2021-01-26 20:41:58 info: ::1 - - [26/Jan/2021:15:11:58 +0000] "GET /api-docs/swagger-ui-bundle.js.map HTTP/1.1" 200 - "-" "Mozilla/5.0 (Windows NT 10.0; Win64; x64) AppleWebKit/537.36 (KHTML, like Gecko) Chrome/87.0.4280.141 Safari/537.36"
2021-01-26 20:42:04 info: ::1 - - [26/Jan/2021:15:12:04 +0000] "DELETE /users/01010bc4b3be7485c2615fc HTTP/1.1" 404 171 "-" "Mozilla/5.0 (Windows NT 10.0; Win64; x64) AppleWebKit/537.36 (KHTML, like Gecko) Chrome/87.0.4280.141 Safari/537.36"
2021-01-26 20:44:20 info: 🚀 App listening on the port 3000
2021-01-26 20:44:21 info: ::1 - - [26/Jan/2021:15:14:21 +0000] "GET /api-docs/ HTTP/1.1" 200 - "-" "Mozilla/5.0 (Windows NT 10.0; Win64; x64) AppleWebKit/537.36 (KHTML, like Gecko) Chrome/87.0.4280.141 Safari/537.36"
2021-01-26 20:44:21 info: ::1 - - [26/Jan/2021:15:14:21 +0000] "GET /api-docs/swagger-ui-init.js HTTP/1.1" 304 - "-" "Mozilla/5.0 (Windows NT 10.0; Win64; x64) AppleWebKit/537.36 (KHTML, like Gecko) Chrome/87.0.4280.141 Safari/537.36"
2021-01-26 20:44:21 info: ::1 - - [26/Jan/2021:15:14:21 +0000] "GET /api-docs/swagger-ui.css HTTP/1.1" 304 - "-" "Mozilla/5.0 (Windows NT 10.0; Win64; x64) AppleWebKit/537.36 (KHTML, like Gecko) Chrome/87.0.4280.141 Safari/537.36"
2021-01-26 20:44:21 info: ::1 - - [26/Jan/2021:15:14:21 +0000] "GET /api-docs/swagger-ui-bundle.js HTTP/1.1" 304 - "-" "Mozilla/5.0 (Windows NT 10.0; Win64; x64) AppleWebKit/537.36 (KHTML, like Gecko) Chrome/87.0.4280.141 Safari/537.36"
2021-01-26 20:44:21 info: ::1 - - [26/Jan/2021:15:14:21 +0000] "GET /api-docs/swagger-ui-standalone-preset.js HTTP/1.1" 304 - "-" "Mozilla/5.0 (Windows NT 10.0; Win64; x64) AppleWebKit/537.36 (KHTML, like Gecko) Chrome/87.0.4280.141 Safari/537.36"
2021-01-26 20:44:21 info: ::1 - - [26/Jan/2021:15:14:21 +0000] "GET /api-docs/swagger-ui.css.map HTTP/1.1" 200 - "-" "Mozilla/5.0 (Windows NT 10.0; Win64; x64) AppleWebKit/537.36 (KHTML, like Gecko) Chrome/87.0.4280.141 Safari/537.36"
2021-01-26 20:44:21 info: ::1 - - [26/Jan/2021:15:14:21 +0000] "GET /api-docs/swagger-ui-standalone-preset.js.map HTTP/1.1" 200 - "-" "Mozilla/5.0 (Windows NT 10.0; Win64; x64) AppleWebKit/537.36 (KHTML, like Gecko) Chrome/87.0.4280.141 Safari/537.36"
2021-01-26 20:44:21 info: ::1 - - [26/Jan/2021:15:14:21 +0000] "GET /api-docs/[object%20Module] HTTP/1.1" 304 - "-" "Mozilla/5.0 (Windows NT 10.0; Win64; x64) AppleWebKit/537.36 (KHTML, like Gecko) Chrome/87.0.4280.141 Safari/537.36"
2021-01-26 20:44:21 info: ::1 - - [26/Jan/2021:15:14:21 +0000] "GET /api-docs/favicon-32x32.png HTTP/1.1" 304 - "-" "Mozilla/5.0 (Windows NT 10.0; Win64; x64) AppleWebKit/537.36 (KHTML, like Gecko) Chrome/87.0.4280.141 Safari/537.36"
2021-01-26 20:44:21 info: ::1 - - [26/Jan/2021:15:14:21 +0000] "GET /api-docs/swagger-ui-bundle.js.map HTTP/1.1" 200 - "-" "Mozilla/5.0 (Windows NT 10.0; Win64; x64) AppleWebKit/537.36 (KHTML, like Gecko) Chrome/87.0.4280.141 Safari/537.36"
2021-01-26 20:44:29 info: ::1 - - [26/Jan/2021:15:14:29 +0000] "DELETE /users/01010bc4b3be7485c2615fc HTTP/1.1" 404 171 "-" "Mozilla/5.0 (Windows NT 10.0; Win64; x64) AppleWebKit/537.36 (KHTML, like Gecko) Chrome/87.0.4280.141 Safari/537.36"
2021-01-26 20:46:41 info: 🚀 App listening on the port 3000
2021-01-26 20:46:44 info: ::1 - - [26/Jan/2021:15:16:44 +0000] "GET /api-docs/ HTTP/1.1" 304 - "-" "Mozilla/5.0 (Windows NT 10.0; Win64; x64) AppleWebKit/537.36 (KHTML, like Gecko) Chrome/87.0.4280.141 Safari/537.36"
2021-01-26 20:46:44 info: ::1 - - [26/Jan/2021:15:16:44 +0000] "GET /api-docs/swagger-ui.css HTTP/1.1" 304 - "-" "Mozilla/5.0 (Windows NT 10.0; Win64; x64) AppleWebKit/537.36 (KHTML, like Gecko) Chrome/87.0.4280.141 Safari/537.36"
2021-01-26 20:46:44 info: ::1 - - [26/Jan/2021:15:16:44 +0000] "GET /api-docs/swagger-ui-bundle.js HTTP/1.1" 304 - "-" "Mozilla/5.0 (Windows NT 10.0; Win64; x64) AppleWebKit/537.36 (KHTML, like Gecko) Chrome/87.0.4280.141 Safari/537.36"
2021-01-26 20:46:44 info: ::1 - - [26/Jan/2021:15:16:44 +0000] "GET /api-docs/swagger-ui-init.js HTTP/1.1" 304 - "-" "Mozilla/5.0 (Windows NT 10.0; Win64; x64) AppleWebKit/537.36 (KHTML, like Gecko) Chrome/87.0.4280.141 Safari/537.36"
2021-01-26 20:46:44 info: ::1 - - [26/Jan/2021:15:16:44 +0000] "GET /api-docs/swagger-ui-standalone-preset.js HTTP/1.1" 304 - "-" "Mozilla/5.0 (Windows NT 10.0; Win64; x64) AppleWebKit/537.36 (KHTML, like Gecko) Chrome/87.0.4280.141 Safari/537.36"
2021-01-26 20:46:44 info: ::1 - - [26/Jan/2021:15:16:44 +0000] "GET /api-docs/swagger-ui.css.map HTTP/1.1" 200 - "-" "Mozilla/5.0 (Windows NT 10.0; Win64; x64) AppleWebKit/537.36 (KHTML, like Gecko) Chrome/87.0.4280.141 Safari/537.36"
2021-01-26 20:46:44 info: ::1 - - [26/Jan/2021:15:16:44 +0000] "GET /api-docs/swagger-ui-standalone-preset.js.map HTTP/1.1" 200 - "-" "Mozilla/5.0 (Windows NT 10.0; Win64; x64) AppleWebKit/537.36 (KHTML, like Gecko) Chrome/87.0.4280.141 Safari/537.36"
2021-01-26 20:46:44 info: ::1 - - [26/Jan/2021:15:16:44 +0000] "GET /api-docs/[object%20Module] HTTP/1.1" 304 - "-" "Mozilla/5.0 (Windows NT 10.0; Win64; x64) AppleWebKit/537.36 (KHTML, like Gecko) Chrome/87.0.4280.141 Safari/537.36"
2021-01-26 20:46:45 info: ::1 - - [26/Jan/2021:15:16:45 +0000] "GET /api-docs/swagger-ui-bundle.js.map HTTP/1.1" 200 - "-" "Mozilla/5.0 (Windows NT 10.0; Win64; x64) AppleWebKit/537.36 (KHTML, like Gecko) Chrome/87.0.4280.141 Safari/537.36"
2021-01-26 20:46:45 info: ::1 - - [26/Jan/2021:15:16:45 +0000] "GET /api-docs/[object%20Module] HTTP/1.1" 304 - "-" "Mozilla/5.0 (Windows NT 10.0; Win64; x64) AppleWebKit/537.36 (KHTML, like Gecko) Chrome/87.0.4280.141 Safari/537.36"
2021-01-26 20:46:47 info: ::1 - - [26/Jan/2021:15:16:47 +0000] "GET /api-docs/[object%20Module] HTTP/1.1" 304 - "-" "Mozilla/5.0 (Windows NT 10.0; Win64; x64) AppleWebKit/537.36 (KHTML, like Gecko) Chrome/87.0.4280.141 Safari/537.36"
2021-01-26 20:46:52 info: ::1 - - [26/Jan/2021:15:16:52 +0000] "GET /api-docs/[object%20Module] HTTP/1.1" 304 - "-" "Mozilla/5.0 (Windows NT 10.0; Win64; x64) AppleWebKit/537.36 (KHTML, like Gecko) Chrome/87.0.4280.141 Safari/537.36"
2021-01-26 20:46:57 info: ::1 - - [26/Jan/2021:15:16:57 +0000] "GET /users HTTP/1.1" 304 - "-" "Mozilla/5.0 (Windows NT 10.0; Win64; x64) AppleWebKit/537.36 (KHTML, like Gecko) Chrome/87.0.4280.141 Safari/537.36"
2021-01-26 20:47:15 info: ::1 - - [26/Jan/2021:15:17:15 +0000] "DELETE /users/600bd8d88897284b5d8977c1 HTTP/1.1" 404 172 "-" "Mozilla/5.0 (Windows NT 10.0; Win64; x64) AppleWebKit/537.36 (KHTML, like Gecko) Chrome/87.0.4280.141 Safari/537.36"
2021-01-26 20:47:22 info: ::1 - - [26/Jan/2021:15:17:22 +0000] "GET /api-docs/[object%20Module] HTTP/1.1" 304 - "-" "Mozilla/5.0 (Windows NT 10.0; Win64; x64) AppleWebKit/537.36 (KHTML, like Gecko) Chrome/87.0.4280.141 Safari/537.36"
