2021-01-22 18:58:45 info: 🚀 App listening on the port 3000
2021-01-22 18:58:56 info: ::1 - - [22/Jan/2021:13:28:56 +0000] "GET /api-docs/ HTTP/1.1" 200 - "-" "Mozilla/5.0 (Windows NT 10.0; Win64; x64) AppleWebKit/537.36 (KHTML, like Gecko) Chrome/87.0.4280.141 Safari/537.36"
2021-01-22 18:58:56 info: ::1 - - [22/Jan/2021:13:28:56 +0000] "GET /api-docs/swagger-ui-init.js HTTP/1.1" 304 - "-" "Mozilla/5.0 (Windows NT 10.0; Win64; x64) AppleWebKit/537.36 (KHTML, like Gecko) Chrome/87.0.4280.141 Safari/537.36"
2021-01-22 18:58:56 info: ::1 - - [22/Jan/2021:13:28:56 +0000] "GET /api-docs/swagger-ui-standalone-preset.js HTTP/1.1" 304 - "-" "Mozilla/5.0 (Windows NT 10.0; Win64; x64) AppleWebKit/537.36 (KHTML, like Gecko) Chrome/87.0.4280.141 Safari/537.36"
2021-01-22 18:58:56 info: ::1 - - [22/Jan/2021:13:28:56 +0000] "GET /api-docs/swagger-ui-bundle.js HTTP/1.1" 304 - "-" "Mozilla/5.0 (Windows NT 10.0; Win64; x64) AppleWebKit/537.36 (KHTML, like Gecko) Chrome/87.0.4280.141 Safari/537.36"
2021-01-22 18:58:56 info: ::1 - - [22/Jan/2021:13:28:56 +0000] "GET /api-docs/swagger-ui.css HTTP/1.1" 304 - "-" "Mozilla/5.0 (Windows NT 10.0; Win64; x64) AppleWebKit/537.36 (KHTML, like Gecko) Chrome/87.0.4280.141 Safari/537.36"
2021-01-22 18:58:56 info: ::1 - - [22/Jan/2021:13:28:56 +0000] "GET /api-docs/favicon-32x32.png HTTP/1.1" 200 628 "-" "Mozilla/5.0 (Windows NT 10.0; Win64; x64) AppleWebKit/537.36 (KHTML, like Gecko) Chrome/87.0.4280.141 Safari/537.36"
2021-01-22 18:59:03 info: ::1 - - [22/Jan/2021:13:29:03 +0000] "GET /api-docs/[object%20Module] HTTP/1.1" 304 - "-" "Mozilla/5.0 (Windows NT 10.0; Win64; x64) AppleWebKit/537.36 (KHTML, like Gecko) Chrome/87.0.4280.141 Safari/537.36"
2021-01-22 18:59:11 info: ::1 - - [22/Jan/2021:13:29:11 +0000] "GET /users HTTP/1.1" 200 31 "-" "Mozilla/5.0 (Windows NT 10.0; Win64; x64) AppleWebKit/537.36 (KHTML, like Gecko) Chrome/87.0.4280.141 Safari/537.36"
2021-01-22 19:02:04 info: 🚀 App listening on the port 3000
2021-01-22 19:02:10 info: ::1 - - [22/Jan/2021:13:32:10 +0000] "GET /api-docs/ HTTP/1.1" 304 - "-" "Mozilla/5.0 (Windows NT 10.0; Win64; x64) AppleWebKit/537.36 (KHTML, like Gecko) Chrome/87.0.4280.141 Safari/537.36"
2021-01-22 19:02:10 info: ::1 - - [22/Jan/2021:13:32:10 +0000] "GET /api-docs/swagger-ui-init.js HTTP/1.1" 304 - "-" "Mozilla/5.0 (Windows NT 10.0; Win64; x64) AppleWebKit/537.36 (KHTML, like Gecko) Chrome/87.0.4280.141 Safari/537.36"
2021-01-22 19:02:10 info: ::1 - - [22/Jan/2021:13:32:10 +0000] "GET /api-docs/swagger-ui.css HTTP/1.1" 304 - "-" "Mozilla/5.0 (Windows NT 10.0; Win64; x64) AppleWebKit/537.36 (KHTML, like Gecko) Chrome/87.0.4280.141 Safari/537.36"
2021-01-22 19:02:10 info: ::1 - - [22/Jan/2021:13:32:10 +0000] "GET /api-docs/swagger-ui-standalone-preset.js HTTP/1.1" 304 - "-" "Mozilla/5.0 (Windows NT 10.0; Win64; x64) AppleWebKit/537.36 (KHTML, like Gecko) Chrome/87.0.4280.141 Safari/537.36"
2021-01-22 19:02:10 info: ::1 - - [22/Jan/2021:13:32:10 +0000] "GET /api-docs/swagger-ui-bundle.js HTTP/1.1" 304 - "-" "Mozilla/5.0 (Windows NT 10.0; Win64; x64) AppleWebKit/537.36 (KHTML, like Gecko) Chrome/87.0.4280.141 Safari/537.36"
2021-01-22 19:02:11 info: ::1 - - [22/Jan/2021:13:32:11 +0000] "GET /api-docs/[object%20Module] HTTP/1.1" 304 - "-" "Mozilla/5.0 (Windows NT 10.0; Win64; x64) AppleWebKit/537.36 (KHTML, like Gecko) Chrome/87.0.4280.141 Safari/537.36"
2021-01-22 19:02:18 info: ::1 - - [22/Jan/2021:13:32:18 +0000] "GET /users HTTP/1.1" 304 - "-" "Mozilla/5.0 (Windows NT 10.0; Win64; x64) AppleWebKit/537.36 (KHTML, like Gecko) Chrome/87.0.4280.141 Safari/537.36"
2021-01-22 21:47:06 info: 🚀 App listening on the port 3000
2021-01-22 21:47:45 info: ::1 - - [22/Jan/2021:16:17:45 +0000] "GET / HTTP/1.1" 200 2 "-" "Mozilla/5.0 (Windows NT 10.0; Win64; x64) AppleWebKit/537.36 (KHTML, like Gecko) Chrome/87.0.4280.141 Safari/537.36"
2021-01-22 21:47:45 info: ::1 - - [22/Jan/2021:16:17:45 +0000] "GET /favicon.ico HTTP/1.1" 404 150 "-" "Mozilla/5.0 (Windows NT 10.0; Win64; x64) AppleWebKit/537.36 (KHTML, like Gecko) Chrome/87.0.4280.141 Safari/537.36"
2021-01-22 21:50:53 info: ::1 - - [22/Jan/2021:16:20:53 +0000] "GET /api-docs/ HTTP/1.1" 304 - "-" "Mozilla/5.0 (Windows NT 10.0; Win64; x64) AppleWebKit/537.36 (KHTML, like Gecko) Chrome/87.0.4280.141 Safari/537.36"
2021-01-22 21:50:54 info: ::1 - - [22/Jan/2021:16:20:54 +0000] "GET /api-docs/swagger-ui-init.js HTTP/1.1" 304 - "-" "Mozilla/5.0 (Windows NT 10.0; Win64; x64) AppleWebKit/537.36 (KHTML, like Gecko) Chrome/87.0.4280.141 Safari/537.36"
2021-01-22 21:50:54 info: ::1 - - [22/Jan/2021:16:20:54 +0000] "GET /api-docs/swagger-ui.css HTTP/1.1" 304 - "-" "Mozilla/5.0 (Windows NT 10.0; Win64; x64) AppleWebKit/537.36 (KHTML, like Gecko) Chrome/87.0.4280.141 Safari/537.36"
2021-01-22 21:50:54 info: ::1 - - [22/Jan/2021:16:20:54 +0000] "GET /api-docs/swagger-ui-standalone-preset.js HTTP/1.1" 304 - "-" "Mozilla/5.0 (Windows NT 10.0; Win64; x64) AppleWebKit/537.36 (KHTML, like Gecko) Chrome/87.0.4280.141 Safari/537.36"
2021-01-22 21:50:54 info: ::1 - - [22/Jan/2021:16:20:54 +0000] "GET /api-docs/swagger-ui-bundle.js HTTP/1.1" 304 - "-" "Mozilla/5.0 (Windows NT 10.0; Win64; x64) AppleWebKit/537.36 (KHTML, like Gecko) Chrome/87.0.4280.141 Safari/537.36"
2021-01-22 21:51:27 info: ::1 - - [22/Jan/2021:16:21:27 +0000] "GET /api-docs/[object%20Module] HTTP/1.1" 304 - "-" "Mozilla/5.0 (Windows NT 10.0; Win64; x64) AppleWebKit/537.36 (KHTML, like Gecko) Chrome/87.0.4280.141 Safari/537.36"
2021-01-22 21:53:36 info: ::1 - - [22/Jan/2021:16:23:36 +0000] "GET /api-docs/ HTTP/1.1" 304 - "-" "Mozilla/5.0 (Windows NT 10.0; Win64; x64) AppleWebKit/537.36 (KHTML, like Gecko) Chrome/87.0.4280.141 Safari/537.36"
2021-01-22 21:53:36 info: ::1 - - [22/Jan/2021:16:23:36 +0000] "GET /api-docs/swagger-ui-init.js HTTP/1.1" 304 - "-" "Mozilla/5.0 (Windows NT 10.0; Win64; x64) AppleWebKit/537.36 (KHTML, like Gecko) Chrome/87.0.4280.141 Safari/537.36"
2021-01-22 21:53:36 info: ::1 - - [22/Jan/2021:16:23:36 +0000] "GET /api-docs/swagger-ui.css HTTP/1.1" 304 - "-" "Mozilla/5.0 (Windows NT 10.0; Win64; x64) AppleWebKit/537.36 (KHTML, like Gecko) Chrome/87.0.4280.141 Safari/537.36"
2021-01-22 21:53:36 info: ::1 - - [22/Jan/2021:16:23:36 +0000] "GET /api-docs/swagger-ui-bundle.js HTTP/1.1" 304 - "-" "Mozilla/5.0 (Windows NT 10.0; Win64; x64) AppleWebKit/537.36 (KHTML, like Gecko) Chrome/87.0.4280.141 Safari/537.36"
2021-01-22 21:53:36 info: ::1 - - [22/Jan/2021:16:23:36 +0000] "GET /api-docs/swagger-ui-standalone-preset.js HTTP/1.1" 304 - "-" "Mozilla/5.0 (Windows NT 10.0; Win64; x64) AppleWebKit/537.36 (KHTML, like Gecko) Chrome/87.0.4280.141 Safari/537.36"
2021-01-22 21:53:40 info: ::1 - - [22/Jan/2021:16:23:40 +0000] "GET /api-docs/[object%20Module] HTTP/1.1" 304 - "-" "Mozilla/5.0 (Windows NT 10.0; Win64; x64) AppleWebKit/537.36 (KHTML, like Gecko) Chrome/87.0.4280.141 Safari/537.36"
2021-01-22 21:53:50 info: ::1 - - [22/Jan/2021:16:23:50 +0000] "GET /users HTTP/1.1" 200 21 "-" "Mozilla/5.0 (Windows NT 10.0; Win64; x64) AppleWebKit/537.36 (KHTML, like Gecko) Chrome/87.0.4280.141 Safari/537.36"
2021-01-22 23:03:24 info: 🚀 App listening on the port 3000
2021-01-22 23:05:29 info: ::1 - - [22/Jan/2021:17:35:29 +0000] "GET / HTTP/1.1" 304 - "-" "Mozilla/5.0 (Windows NT 10.0; Win64; x64) AppleWebKit/537.36 (KHTML, like Gecko) Chrome/87.0.4280.141 Safari/537.36"
2021-01-22 23:05:33 info: ::1 - - [22/Jan/2021:17:35:33 +0000] "GET /api-docs/ HTTP/1.1" 304 - "-" "Mozilla/5.0 (Windows NT 10.0; Win64; x64) AppleWebKit/537.36 (KHTML, like Gecko) Chrome/87.0.4280.141 Safari/537.36"
2021-01-22 23:05:33 info: ::1 - - [22/Jan/2021:17:35:33 +0000] "GET /api-docs/swagger-ui-init.js HTTP/1.1" 304 - "-" "Mozilla/5.0 (Windows NT 10.0; Win64; x64) AppleWebKit/537.36 (KHTML, like Gecko) Chrome/87.0.4280.141 Safari/537.36"
2021-01-22 23:05:33 info: ::1 - - [22/Jan/2021:17:35:33 +0000] "GET /api-docs/swagger-ui.css HTTP/1.1" 304 - "-" "Mozilla/5.0 (Windows NT 10.0; Win64; x64) AppleWebKit/537.36 (KHTML, like Gecko) Chrome/87.0.4280.141 Safari/537.36"
2021-01-22 23:05:34 info: ::1 - - [22/Jan/2021:17:35:34 +0000] "GET /api-docs/swagger-ui-bundle.js HTTP/1.1" 304 - "-" "Mozilla/5.0 (Windows NT 10.0; Win64; x64) AppleWebKit/537.36 (KHTML, like Gecko) Chrome/87.0.4280.141 Safari/537.36"
2021-01-22 23:05:34 info: ::1 - - [22/Jan/2021:17:35:34 +0000] "GET /api-docs/swagger-ui-standalone-preset.js HTTP/1.1" 304 - "-" "Mozilla/5.0 (Windows NT 10.0; Win64; x64) AppleWebKit/537.36 (KHTML, like Gecko) Chrome/87.0.4280.141 Safari/537.36"
2021-01-22 23:05:55 info: ::1 - - [22/Jan/2021:17:35:55 +0000] "GET /api-docs/[object%20Module] HTTP/1.1" 304 - "-" "Mozilla/5.0 (Windows NT 10.0; Win64; x64) AppleWebKit/537.36 (KHTML, like Gecko) Chrome/87.0.4280.141 Safari/537.36"
2021-01-22 23:06:03 info: ::1 - - [22/Jan/2021:17:36:03 +0000] "GET /users HTTP/1.1" 200 31 "-" "Mozilla/5.0 (Windows NT 10.0; Win64; x64) AppleWebKit/537.36 (KHTML, like Gecko) Chrome/87.0.4280.141 Safari/537.36"
2021-01-22 23:07:25 info: ::1 - - [22/Jan/2021:17:37:25 +0000] "GET /api-docs/ HTTP/1.1" 304 - "-" "Mozilla/5.0 (Windows NT 10.0; Win64; x64) AppleWebKit/537.36 (KHTML, like Gecko) Chrome/87.0.4280.141 Safari/537.36"
2021-01-22 23:07:25 info: ::1 - - [22/Jan/2021:17:37:25 +0000] "GET /api-docs/swagger-ui.css HTTP/1.1" 304 - "-" "Mozilla/5.0 (Windows NT 10.0; Win64; x64) AppleWebKit/537.36 (KHTML, like Gecko) Chrome/87.0.4280.141 Safari/537.36"
2021-01-22 23:07:25 info: ::1 - - [22/Jan/2021:17:37:25 +0000] "GET /api-docs/swagger-ui-bundle.js HTTP/1.1" 304 - "-" "Mozilla/5.0 (Windows NT 10.0; Win64; x64) AppleWebKit/537.36 (KHTML, like Gecko) Chrome/87.0.4280.141 Safari/537.36"
2021-01-22 23:07:26 info: ::1 - - [22/Jan/2021:17:37:26 +0000] "GET /api-docs/swagger-ui-init.js HTTP/1.1" 304 - "-" "Mozilla/5.0 (Windows NT 10.0; Win64; x64) AppleWebKit/537.36 (KHTML, like Gecko) Chrome/87.0.4280.141 Safari/537.36"
2021-01-22 23:07:26 info: ::1 - - [22/Jan/2021:17:37:26 +0000] "GET /api-docs/swagger-ui-standalone-preset.js HTTP/1.1" 304 - "-" "Mozilla/5.0 (Windows NT 10.0; Win64; x64) AppleWebKit/537.36 (KHTML, like Gecko) Chrome/87.0.4280.141 Safari/537.36"
2021-01-22 23:07:26 info: ::1 - - [22/Jan/2021:17:37:26 +0000] "GET /api-docs/[object%20Module] HTTP/1.1" 304 - "-" "Mozilla/5.0 (Windows NT 10.0; Win64; x64) AppleWebKit/537.36 (KHTML, like Gecko) Chrome/87.0.4280.141 Safari/537.36"
2021-01-22 23:08:47 info: 🚀 App listening on the port 3000
2021-01-22 23:10:10 info: ::1 - - [22/Jan/2021:17:40:10 +0000] "GET /api-docs/ HTTP/1.1" 304 - "-" "Mozilla/5.0 (Windows NT 10.0; Win64; x64) AppleWebKit/537.36 (KHTML, like Gecko) Chrome/87.0.4280.141 Safari/537.36"
2021-01-22 23:10:10 info: ::1 - - [22/Jan/2021:17:40:10 +0000] "GET /api-docs/swagger-ui.css HTTP/1.1" 304 - "-" "Mozilla/5.0 (Windows NT 10.0; Win64; x64) AppleWebKit/537.36 (KHTML, like Gecko) Chrome/87.0.4280.141 Safari/537.36"
2021-01-22 23:10:10 info: ::1 - - [22/Jan/2021:17:40:10 +0000] "GET /api-docs/swagger-ui-init.js HTTP/1.1" 304 - "-" "Mozilla/5.0 (Windows NT 10.0; Win64; x64) AppleWebKit/537.36 (KHTML, like Gecko) Chrome/87.0.4280.141 Safari/537.36"
2021-01-22 23:10:10 info: ::1 - - [22/Jan/2021:17:40:10 +0000] "GET /api-docs/swagger-ui-bundle.js HTTP/1.1" 304 - "-" "Mozilla/5.0 (Windows NT 10.0; Win64; x64) AppleWebKit/537.36 (KHTML, like Gecko) Chrome/87.0.4280.141 Safari/537.36"
2021-01-22 23:10:10 info: ::1 - - [22/Jan/2021:17:40:10 +0000] "GET /api-docs/swagger-ui-standalone-preset.js HTTP/1.1" 304 - "-" "Mozilla/5.0 (Windows NT 10.0; Win64; x64) AppleWebKit/537.36 (KHTML, like Gecko) Chrome/87.0.4280.141 Safari/537.36"
2021-01-22 23:11:10 info: ::1 - - [22/Jan/2021:17:41:10 +0000] "GET /api-docs/[object%20Module] HTTP/1.1" 304 - "-" "Mozilla/5.0 (Windows NT 10.0; Win64; x64) AppleWebKit/537.36 (KHTML, like Gecko) Chrome/87.0.4280.141 Safari/537.36"
2021-01-22 23:11:18 info: ::1 - - [22/Jan/2021:17:41:18 +0000] "GET /users HTTP/1.1" 304 - "-" "Mozilla/5.0 (Windows NT 10.0; Win64; x64) AppleWebKit/537.36 (KHTML, like Gecko) Chrome/87.0.4280.141 Safari/537.36"
2021-01-22 23:18:22 info: ::1 - - [22/Jan/2021:17:48:22 +0000] "GET / HTTP/1.1" 304 - "-" "Mozilla/5.0 (Windows NT 10.0; Win64; x64) AppleWebKit/537.36 (KHTML, like Gecko) Chrome/87.0.4280.141 Safari/537.36"
2021-01-22 23:18:25 info: ::1 - - [22/Jan/2021:17:48:25 +0000] "GET /api-docs/ HTTP/1.1" 304 - "-" "Mozilla/5.0 (Windows NT 10.0; Win64; x64) AppleWebKit/537.36 (KHTML, like Gecko) Chrome/87.0.4280.141 Safari/537.36"
2021-01-22 23:18:26 info: ::1 - - [22/Jan/2021:17:48:26 +0000] "GET /api-docs/swagger-ui.css HTTP/1.1" 304 - "-" "Mozilla/5.0 (Windows NT 10.0; Win64; x64) AppleWebKit/537.36 (KHTML, like Gecko) Chrome/87.0.4280.141 Safari/537.36"
2021-01-22 23:18:26 info: ::1 - - [22/Jan/2021:17:48:26 +0000] "GET /api-docs/swagger-ui-bundle.js HTTP/1.1" 304 - "-" "Mozilla/5.0 (Windows NT 10.0; Win64; x64) AppleWebKit/537.36 (KHTML, like Gecko) Chrome/87.0.4280.141 Safari/537.36"
2021-01-22 23:18:26 info: ::1 - - [22/Jan/2021:17:48:26 +0000] "GET /api-docs/swagger-ui-init.js HTTP/1.1" 304 - "-" "Mozilla/5.0 (Windows NT 10.0; Win64; x64) AppleWebKit/537.36 (KHTML, like Gecko) Chrome/87.0.4280.141 Safari/537.36"
2021-01-22 23:18:26 info: ::1 - - [22/Jan/2021:17:48:26 +0000] "GET /api-docs/swagger-ui-standalone-preset.js HTTP/1.1" 304 - "-" "Mozilla/5.0 (Windows NT 10.0; Win64; x64) AppleWebKit/537.36 (KHTML, like Gecko) Chrome/87.0.4280.141 Safari/537.36"
2021-01-22 23:19:22 info: ::1 - - [22/Jan/2021:17:49:22 +0000] "GET /api-docs/[object%20Module] HTTP/1.1" 304 - "-" "Mozilla/5.0 (Windows NT 10.0; Win64; x64) AppleWebKit/537.36 (KHTML, like Gecko) Chrome/87.0.4280.141 Safari/537.36"
2021-01-22 23:19:33 info: ::1 - - [22/Jan/2021:17:49:33 +0000] "GET /users HTTP/1.1" 304 - "-" "Mozilla/5.0 (Windows NT 10.0; Win64; x64) AppleWebKit/537.36 (KHTML, like Gecko) Chrome/87.0.4280.141 Safari/537.36"
2021-01-22 23:26:17 info: 🚀 App listening on the port 3000
