2021-02-01 14:00:59 info: 🚀 App listening on the port 3000
2021-02-01 14:01:47 info: ::1 - - [01/Feb/2021:08:31:47 +0000] "GET /api-docs/ HTTP/1.1" 304 - "-" "Mozilla/5.0 (Windows NT 10.0; Win64; x64) AppleWebKit/537.36 (KHTML, like Gecko) Chrome/88.0.4324.104 Safari/537.36"
2021-02-01 14:01:47 info: ::1 - - [01/Feb/2021:08:31:47 +0000] "GET /api-docs/swagger-ui-init.js HTTP/1.1" 304 - "-" "Mozilla/5.0 (Windows NT 10.0; Win64; x64) AppleWebKit/537.36 (KHTML, like Gecko) Chrome/88.0.4324.104 Safari/537.36"
2021-02-01 14:01:47 info: ::1 - - [01/Feb/2021:08:31:47 +0000] "GET /api-docs/swagger-ui.css HTTP/1.1" 304 - "-" "Mozilla/5.0 (Windows NT 10.0; Win64; x64) AppleWebKit/537.36 (KHTML, like Gecko) Chrome/88.0.4324.104 Safari/537.36"
2021-02-01 14:01:47 info: ::1 - - [01/Feb/2021:08:31:47 +0000] "GET /api-docs/swagger-ui-bundle.js HTTP/1.1" 304 - "-" "Mozilla/5.0 (Windows NT 10.0; Win64; x64) AppleWebKit/537.36 (KHTML, like Gecko) Chrome/88.0.4324.104 Safari/537.36"
2021-02-01 14:01:47 info: ::1 - - [01/Feb/2021:08:31:47 +0000] "GET /api-docs/swagger-ui-standalone-preset.js HTTP/1.1" 304 - "-" "Mozilla/5.0 (Windows NT 10.0; Win64; x64) AppleWebKit/537.36 (KHTML, like Gecko) Chrome/88.0.4324.104 Safari/537.36"
2021-02-01 14:01:52 info: ::1 - - [01/Feb/2021:08:31:52 +0000] "GET /api-docs/[object%20Module] HTTP/1.1" 304 - "-" "Mozilla/5.0 (Windows NT 10.0; Win64; x64) AppleWebKit/537.36 (KHTML, like Gecko) Chrome/88.0.4324.104 Safari/537.36"
2021-02-01 14:02:02 info: ::1 - - [01/Feb/2021:08:32:02 +0000] "GET /users HTTP/1.1" 304 - "-" "Mozilla/5.0 (Windows NT 10.0; Win64; x64) AppleWebKit/537.36 (KHTML, like Gecko) Chrome/88.0.4324.104 Safari/537.36"
2021-02-01 14:02:16 info: ::1 - - [01/Feb/2021:08:32:16 +0000] "GET /api-docs/[object%20Module] HTTP/1.1" 304 - "-" "Mozilla/5.0 (Windows NT 10.0; Win64; x64) AppleWebKit/537.36 (KHTML, like Gecko) Chrome/88.0.4324.104 Safari/537.36"
2021-02-01 14:02:23 info: ::1 - - [01/Feb/2021:08:32:23 +0000] "GET /users/600e93d8580c334880abdacb HTTP/1.1" 304 - "-" "Mozilla/5.0 (Windows NT 10.0; Win64; x64) AppleWebKit/537.36 (KHTML, like Gecko) Chrome/88.0.4324.104 Safari/537.36"
2021-02-01 14:40:35 info: ::1 - - [01/Feb/2021:09:10:35 +0000] "GET /api-docs/[object%20Module] HTTP/1.1" 304 - "-" "Mozilla/5.0 (Windows NT 10.0; Win64; x64) AppleWebKit/537.36 (KHTML, like Gecko) Chrome/88.0.4324.104 Safari/537.36"
2021-02-01 14:43:46 info: ::1 - - [01/Feb/2021:09:13:46 +0000] "PUT /users/6012a09fc362dc0544429a45 HTTP/1.1" 200 21 "-" "Mozilla/5.0 (Windows NT 10.0; Win64; x64) AppleWebKit/537.36 (KHTML, like Gecko) Chrome/88.0.4324.104 Safari/537.36"
2021-02-01 14:44:11 info: ::1 - - [01/Feb/2021:09:14:11 +0000] "PUT /users/6012a09fc362dc0544429a45 HTTP/1.1" 200 21 "-" "Mozilla/5.0 (Windows NT 10.0; Win64; x64) AppleWebKit/537.36 (KHTML, like Gecko) Chrome/88.0.4324.104 Safari/537.36"
2021-02-01 14:47:33 info: ::1 - - [01/Feb/2021:09:17:33 +0000] "PUT /users/6012a09fc362dc0544429a45 HTTP/1.1" 200 21 "-" "Mozilla/5.0 (Windows NT 10.0; Win64; x64) AppleWebKit/537.36 (KHTML, like Gecko) Chrome/88.0.4324.104 Safari/537.36"
2021-02-01 14:49:20 info: ::1 - - [01/Feb/2021:09:19:20 +0000] "PUT /users/6012a09fc362dc0544429a45 HTTP/1.1" 200 21 "-" "Mozilla/5.0 (Windows NT 10.0; Win64; x64) AppleWebKit/537.36 (KHTML, like Gecko) Chrome/88.0.4324.104 Safari/537.36"
2021-02-01 15:00:41 info: 🚀 App listening on the port 3000
2021-02-01 15:01:54 info: ::1 - - [01/Feb/2021:09:31:54 +0000] "GET /api-docs/ HTTP/1.1" 200 - "-" "Mozilla/5.0 (Windows NT 10.0; Win64; x64) AppleWebKit/537.36 (KHTML, like Gecko) Chrome/88.0.4324.104 Safari/537.36"
2021-02-01 15:01:55 info: ::1 - - [01/Feb/2021:09:31:55 +0000] "GET /api-docs/swagger-ui.css HTTP/1.1" 304 - "-" "Mozilla/5.0 (Windows NT 10.0; Win64; x64) AppleWebKit/537.36 (KHTML, like Gecko) Chrome/88.0.4324.104 Safari/537.36"
2021-02-01 15:01:55 info: ::1 - - [01/Feb/2021:09:31:55 +0000] "GET /api-docs/swagger-ui-standalone-preset.js HTTP/1.1" 304 - "-" "Mozilla/5.0 (Windows NT 10.0; Win64; x64) AppleWebKit/537.36 (KHTML, like Gecko) Chrome/88.0.4324.104 Safari/537.36"
2021-02-01 15:01:55 info: ::1 - - [01/Feb/2021:09:31:55 +0000] "GET /api-docs/swagger-ui-bundle.js HTTP/1.1" 304 - "-" "Mozilla/5.0 (Windows NT 10.0; Win64; x64) AppleWebKit/537.36 (KHTML, like Gecko) Chrome/88.0.4324.104 Safari/537.36"
2021-02-01 15:01:55 info: ::1 - - [01/Feb/2021:09:31:55 +0000] "GET /api-docs/swagger-ui-init.js HTTP/1.1" 304 - "-" "Mozilla/5.0 (Windows NT 10.0; Win64; x64) AppleWebKit/537.36 (KHTML, like Gecko) Chrome/88.0.4324.104 Safari/537.36"
2021-02-01 15:01:56 info: ::1 - - [01/Feb/2021:09:31:56 +0000] "GET /api-docs/favicon-32x32.png HTTP/1.1" 200 628 "-" "Mozilla/5.0 (Windows NT 10.0; Win64; x64) AppleWebKit/537.36 (KHTML, like Gecko) Chrome/88.0.4324.104 Safari/537.36"
2021-02-01 15:02:00 info: ::1 - - [01/Feb/2021:09:32:00 +0000] "GET /api-docs/ HTTP/1.1" 304 - "-" "Mozilla/5.0 (Windows NT 10.0; Win64; x64) AppleWebKit/537.36 (KHTML, like Gecko) Chrome/88.0.4324.104 Safari/537.36"
2021-02-01 15:02:00 info: ::1 - - [01/Feb/2021:09:32:00 +0000] "GET /api-docs/swagger-ui.css HTTP/1.1" 304 - "-" "Mozilla/5.0 (Windows NT 10.0; Win64; x64) AppleWebKit/537.36 (KHTML, like Gecko) Chrome/88.0.4324.104 Safari/537.36"
2021-02-01 15:02:00 info: ::1 - - [01/Feb/2021:09:32:00 +0000] "GET /api-docs/swagger-ui-bundle.js HTTP/1.1" 304 - "-" "Mozilla/5.0 (Windows NT 10.0; Win64; x64) AppleWebKit/537.36 (KHTML, like Gecko) Chrome/88.0.4324.104 Safari/537.36"
2021-02-01 15:02:00 info: ::1 - - [01/Feb/2021:09:32:00 +0000] "GET /api-docs/swagger-ui-standalone-preset.js HTTP/1.1" 304 - "-" "Mozilla/5.0 (Windows NT 10.0; Win64; x64) AppleWebKit/537.36 (KHTML, like Gecko) Chrome/88.0.4324.104 Safari/537.36"
2021-02-01 15:02:00 info: ::1 - - [01/Feb/2021:09:32:00 +0000] "GET /api-docs/swagger-ui-init.js HTTP/1.1" 304 - "-" "Mozilla/5.0 (Windows NT 10.0; Win64; x64) AppleWebKit/537.36 (KHTML, like Gecko) Chrome/88.0.4324.104 Safari/537.36"
2021-02-01 15:02:04 info: ::1 - - [01/Feb/2021:09:32:04 +0000] "GET /api-docs/[object%20Module] HTTP/1.1" 304 - "-" "Mozilla/5.0 (Windows NT 10.0; Win64; x64) AppleWebKit/537.36 (KHTML, like Gecko) Chrome/88.0.4324.104 Safari/537.36"
2021-02-01 15:02:11 info: ::1 - - [01/Feb/2021:09:32:11 +0000] "GET /users HTTP/1.1" 304 - "-" "Mozilla/5.0 (Windows NT 10.0; Win64; x64) AppleWebKit/537.36 (KHTML, like Gecko) Chrome/88.0.4324.104 Safari/537.36"
2021-02-01 15:02:23 info: ::1 - - [01/Feb/2021:09:32:23 +0000] "GET /api-docs/[object%20Module] HTTP/1.1" 304 - "-" "Mozilla/5.0 (Windows NT 10.0; Win64; x64) AppleWebKit/537.36 (KHTML, like Gecko) Chrome/88.0.4324.104 Safari/537.36"
2021-02-01 15:03:04 info: ::1 - - [01/Feb/2021:09:33:04 +0000] "PUT /users/6012a09fc362dc0544429a45 HTTP/1.1" 200 21 "-" "Mozilla/5.0 (Windows NT 10.0; Win64; x64) AppleWebKit/537.36 (KHTML, like Gecko) Chrome/88.0.4324.104 Safari/537.36"
2021-02-01 17:58:23 info: ::1 - - [01/Feb/2021:12:28:23 +0000] "GET /api-docs/[object%20Module] HTTP/1.1" 304 - "-" "Mozilla/5.0 (Windows NT 10.0; Win64; x64) AppleWebKit/537.36 (KHTML, like Gecko) Chrome/88.0.4324.104 Safari/537.36"
2021-02-01 17:58:58 info: ::1 - - [01/Feb/2021:12:28:58 +0000] "GET /api-docs/swagger-ui.css HTTP/1.1" 304 - "-" "Mozilla/5.0 (Windows NT 10.0; Win64; x64) AppleWebKit/537.36 (KHTML, like Gecko) Chrome/88.0.4324.104 Safari/537.36"
2021-02-01 17:58:58 info: ::1 - - [01/Feb/2021:12:28:58 +0000] "GET /api-docs/swagger-ui.css.map HTTP/1.1" 200 - "-" "Mozilla/5.0 (Windows NT 10.0; Win64; x64) AppleWebKit/537.36 (KHTML, like Gecko) Chrome/88.0.4324.104 Safari/537.36"
2021-02-01 17:58:58 info: ::1 - - [01/Feb/2021:12:28:58 +0000] "GET /api-docs/swagger-ui-standalone-preset.js.map HTTP/1.1" 200 - "-" "Mozilla/5.0 (Windows NT 10.0; Win64; x64) AppleWebKit/537.36 (KHTML, like Gecko) Chrome/88.0.4324.104 Safari/537.36"
2021-02-01 17:58:59 info: ::1 - - [01/Feb/2021:12:28:59 +0000] "GET /api-docs/swagger-ui-bundle.js.map HTTP/1.1" 200 - "-" "Mozilla/5.0 (Windows NT 10.0; Win64; x64) AppleWebKit/537.36 (KHTML, like Gecko) Chrome/88.0.4324.104 Safari/537.36"
2021-02-01 17:59:07 info: ::1 - - [01/Feb/2021:12:29:07 +0000] "GET /api-docs/swagger-ui.css HTTP/1.1" 304 - "-" "Mozilla/5.0 (Windows NT 10.0; Win64; x64) AppleWebKit/537.36 (KHTML, like Gecko) Chrome/88.0.4324.104 Safari/537.36"
2021-02-01 17:59:08 info: ::1 - - [01/Feb/2021:12:29:08 +0000] "GET /favicon.ico HTTP/1.1" 404 150 "-" "Mozilla/5.0 (Windows NT 10.0; Win64; x64) AppleWebKit/537.36 (KHTML, like Gecko) Chrome/88.0.4324.104 Safari/537.36"
