2021-01-31 19:58:25 info: 🚀 App listening on the port 3000
2021-01-31 20:00:00 info: ::1 - - [31/Jan/2021:14:30:00 +0000] "GET /api-docs/ HTTP/1.1" 304 - "-" "Mozilla/5.0 (Windows NT 10.0; Win64; x64) AppleWebKit/537.36 (KHTML, like Gecko) Chrome/88.0.4324.104 Safari/537.36"
2021-01-31 20:00:00 info: ::1 - - [31/Jan/2021:14:30:00 +0000] "GET /api-docs/swagger-ui.css HTTP/1.1" 304 - "-" "Mozilla/5.0 (Windows NT 10.0; Win64; x64) AppleWebKit/537.36 (KHTML, like Gecko) Chrome/88.0.4324.104 Safari/537.36"
2021-01-31 20:00:00 info: ::1 - - [31/Jan/2021:14:30:00 +0000] "GET /api-docs/swagger-ui-bundle.js HTTP/1.1" 304 - "-" "Mozilla/5.0 (Windows NT 10.0; Win64; x64) AppleWebKit/537.36 (KHTML, like Gecko) Chrome/88.0.4324.104 Safari/537.36"
2021-01-31 20:00:00 info: ::1 - - [31/Jan/2021:14:30:00 +0000] "GET /api-docs/swagger-ui-init.js HTTP/1.1" 304 - "-" "Mozilla/5.0 (Windows NT 10.0; Win64; x64) AppleWebKit/537.36 (KHTML, like Gecko) Chrome/88.0.4324.104 Safari/537.36"
2021-01-31 20:00:00 info: ::1 - - [31/Jan/2021:14:30:00 +0000] "GET /api-docs/swagger-ui-standalone-preset.js HTTP/1.1" 304 - "-" "Mozilla/5.0 (Windows NT 10.0; Win64; x64) AppleWebKit/537.36 (KHTML, like Gecko) Chrome/88.0.4324.104 Safari/537.36"
2021-01-31 20:00:17 info: ::1 - - [31/Jan/2021:14:30:17 +0000] "GET /api-docs/[object%20Module] HTTP/1.1" 304 - "-" "Mozilla/5.0 (Windows NT 10.0; Win64; x64) AppleWebKit/537.36 (KHTML, like Gecko) Chrome/88.0.4324.104 Safari/537.36"
2021-01-31 20:00:37 info: ::1 - - [31/Jan/2021:14:30:37 +0000] "GET /users HTTP/1.1" 304 - "-" "Mozilla/5.0 (Windows NT 10.0; Win64; x64) AppleWebKit/537.36 (KHTML, like Gecko) Chrome/88.0.4324.104 Safari/537.36"
2021-01-31 20:26:18 info: 🚀 App listening on the port 3000
2021-01-31 20:26:26 info: ::1 - - [31/Jan/2021:14:56:26 +0000] "GET /api-docs/swagger-ui-init.js HTTP/1.1" 304 - "-" "Mozilla/5.0 (Windows NT 10.0; Win64; x64) AppleWebKit/537.36 (KHTML, like Gecko) Chrome/88.0.4324.104 Safari/537.36"
2021-01-31 20:26:26 info: ::1 - - [31/Jan/2021:14:56:26 +0000] "GET /api-docs/swagger-ui.css HTTP/1.1" 304 - "-" "Mozilla/5.0 (Windows NT 10.0; Win64; x64) AppleWebKit/537.36 (KHTML, like Gecko) Chrome/88.0.4324.104 Safari/537.36"
2021-01-31 20:26:26 info: ::1 - - [31/Jan/2021:14:56:26 +0000] "GET /api-docs/swagger-ui-bundle.js HTTP/1.1" 304 - "-" "Mozilla/5.0 (Windows NT 10.0; Win64; x64) AppleWebKit/537.36 (KHTML, like Gecko) Chrome/88.0.4324.104 Safari/537.36"
2021-01-31 20:26:26 info: ::1 - - [31/Jan/2021:14:56:26 +0000] "GET /api-docs/swagger-ui-standalone-preset.js HTTP/1.1" 304 - "-" "Mozilla/5.0 (Windows NT 10.0; Win64; x64) AppleWebKit/537.36 (KHTML, like Gecko) Chrome/88.0.4324.104 Safari/537.36"
2021-01-31 20:26:27 info: ::1 - - [31/Jan/2021:14:56:27 +0000] "GET /api-docs/[object%20Module] HTTP/1.1" 304 - "-" "Mozilla/5.0 (Windows NT 10.0; Win64; x64) AppleWebKit/537.36 (KHTML, like Gecko) Chrome/88.0.4324.104 Safari/537.36"
2021-01-31 20:26:33 info: ::1 - - [31/Jan/2021:14:56:33 +0000] "GET /users HTTP/1.1" 304 - "-" "Mozilla/5.0 (Windows NT 10.0; Win64; x64) AppleWebKit/537.36 (KHTML, like Gecko) Chrome/88.0.4324.104 Safari/537.36"
2021-01-31 20:26:40 info: ::1 - - [31/Jan/2021:14:56:40 +0000] "GET /users HTTP/1.1" 304 - "-" "Mozilla/5.0 (Windows NT 10.0; Win64; x64) AppleWebKit/537.36 (KHTML, like Gecko) Chrome/88.0.4324.104 Safari/537.36"
2021-01-31 20:26:47 info: ::1 - - [31/Jan/2021:14:56:47 +0000] "GET /api-docs/ HTTP/1.1" 304 - "-" "Mozilla/5.0 (Windows NT 10.0; Win64; x64) AppleWebKit/537.36 (KHTML, like Gecko) Chrome/88.0.4324.104 Safari/537.36"
2021-01-31 20:26:47 info: ::1 - - [31/Jan/2021:14:56:47 +0000] "GET /api-docs/swagger-ui.css HTTP/1.1" 304 - "-" "Mozilla/5.0 (Windows NT 10.0; Win64; x64) AppleWebKit/537.36 (KHTML, like Gecko) Chrome/88.0.4324.104 Safari/537.36"
2021-01-31 20:26:47 info: ::1 - - [31/Jan/2021:14:56:47 +0000] "GET /api-docs/swagger-ui-bundle.js HTTP/1.1" 304 - "-" "Mozilla/5.0 (Windows NT 10.0; Win64; x64) AppleWebKit/537.36 (KHTML, like Gecko) Chrome/88.0.4324.104 Safari/537.36"
2021-01-31 20:26:47 info: ::1 - - [31/Jan/2021:14:56:47 +0000] "GET /api-docs/swagger-ui-standalone-preset.js HTTP/1.1" 304 - "-" "Mozilla/5.0 (Windows NT 10.0; Win64; x64) AppleWebKit/537.36 (KHTML, like Gecko) Chrome/88.0.4324.104 Safari/537.36"
2021-01-31 20:26:47 info: ::1 - - [31/Jan/2021:14:56:47 +0000] "GET /api-docs/swagger-ui-init.js HTTP/1.1" 304 - "-" "Mozilla/5.0 (Windows NT 10.0; Win64; x64) AppleWebKit/537.36 (KHTML, like Gecko) Chrome/88.0.4324.104 Safari/537.36"
2021-01-31 20:26:53 info: ::1 - - [31/Jan/2021:14:56:53 +0000] "GET /api-docs/[object%20Module] HTTP/1.1" 304 - "-" "Mozilla/5.0 (Windows NT 10.0; Win64; x64) AppleWebKit/537.36 (KHTML, like Gecko) Chrome/88.0.4324.104 Safari/537.36"
2021-01-31 20:26:59 info: ::1 - - [31/Jan/2021:14:56:59 +0000] "GET /users HTTP/1.1" 304 - "-" "Mozilla/5.0 (Windows NT 10.0; Win64; x64) AppleWebKit/537.36 (KHTML, like Gecko) Chrome/88.0.4324.104 Safari/537.36"
2021-01-31 20:28:09 info: 🚀 App listening on the port 3000
2021-01-31 20:28:14 info: ::1 - - [31/Jan/2021:14:58:14 +0000] "GET /api-docs/ HTTP/1.1" 304 - "-" "Mozilla/5.0 (Windows NT 10.0; Win64; x64) AppleWebKit/537.36 (KHTML, like Gecko) Chrome/88.0.4324.104 Safari/537.36"
2021-01-31 20:28:14 info: ::1 - - [31/Jan/2021:14:58:14 +0000] "GET /api-docs/swagger-ui-init.js HTTP/1.1" 304 - "-" "Mozilla/5.0 (Windows NT 10.0; Win64; x64) AppleWebKit/537.36 (KHTML, like Gecko) Chrome/88.0.4324.104 Safari/537.36"
2021-01-31 20:28:14 info: ::1 - - [31/Jan/2021:14:58:14 +0000] "GET /api-docs/swagger-ui.css HTTP/1.1" 304 - "-" "Mozilla/5.0 (Windows NT 10.0; Win64; x64) AppleWebKit/537.36 (KHTML, like Gecko) Chrome/88.0.4324.104 Safari/537.36"
2021-01-31 20:28:14 info: ::1 - - [31/Jan/2021:14:58:14 +0000] "GET /api-docs/swagger-ui-bundle.js HTTP/1.1" 304 - "-" "Mozilla/5.0 (Windows NT 10.0; Win64; x64) AppleWebKit/537.36 (KHTML, like Gecko) Chrome/88.0.4324.104 Safari/537.36"
2021-01-31 20:28:14 info: ::1 - - [31/Jan/2021:14:58:14 +0000] "GET /api-docs/swagger-ui-standalone-preset.js HTTP/1.1" 304 - "-" "Mozilla/5.0 (Windows NT 10.0; Win64; x64) AppleWebKit/537.36 (KHTML, like Gecko) Chrome/88.0.4324.104 Safari/537.36"
2021-01-31 20:28:15 info: ::1 - - [31/Jan/2021:14:58:15 +0000] "GET /api-docs/[object%20Module] HTTP/1.1" 304 - "-" "Mozilla/5.0 (Windows NT 10.0; Win64; x64) AppleWebKit/537.36 (KHTML, like Gecko) Chrome/88.0.4324.104 Safari/537.36"
2021-01-31 20:28:15 info: ::1 - - [31/Jan/2021:14:58:15 +0000] "GET /api-docs/favicon-32x32.png HTTP/1.1" 304 - "-" "Mozilla/5.0 (Windows NT 10.0; Win64; x64) AppleWebKit/537.36 (KHTML, like Gecko) Chrome/88.0.4324.104 Safari/537.36"
2021-01-31 20:28:26 info: ::1 - - [31/Jan/2021:14:58:26 +0000] "GET /users HTTP/1.1" 200 - "-" "Mozilla/5.0 (Windows NT 10.0; Win64; x64) AppleWebKit/537.36 (KHTML, like Gecko) Chrome/88.0.4324.104 Safari/537.36"
2021-01-31 21:06:43 info: ::1 - - [31/Jan/2021:15:36:43 +0000] "GET /api-docs/[object%20Module] HTTP/1.1" 304 - "-" "Mozilla/5.0 (Windows NT 10.0; Win64; x64) AppleWebKit/537.36 (KHTML, like Gecko) Chrome/88.0.4324.104 Safari/537.36"
2021-01-31 21:32:06 info: ::1 - - [31/Jan/2021:16:02:06 +0000] "GET /api-docs/[object%20Module] HTTP/1.1" 304 - "-" "Mozilla/5.0 (Windows NT 10.0; Win64; x64) AppleWebKit/537.36 (KHTML, like Gecko) Chrome/88.0.4324.104 Safari/537.36"
2021-01-31 21:32:17 info: ::1 - - [31/Jan/2021:16:02:17 +0000] "DELETE /users/601514a8e8feb4249c7e0a2a HTTP/1.1" 200 21 "-" "Mozilla/5.0 (Windows NT 10.0; Win64; x64) AppleWebKit/537.36 (KHTML, like Gecko) Chrome/88.0.4324.104 Safari/537.36"
2021-01-31 21:32:42 info: ::1 - - [31/Jan/2021:16:02:42 +0000] "GET /users HTTP/1.1" 200 1002 "-" "Mozilla/5.0 (Windows NT 10.0; Win64; x64) AppleWebKit/537.36 (KHTML, like Gecko) Chrome/88.0.4324.104 Safari/537.36"
2021-01-31 21:42:11 info: ::1 - - [31/Jan/2021:16:12:11 +0000] "POST /users HTTP/1.1" 201 21 "-" "Mozilla/5.0 (Windows NT 10.0; Win64; x64) AppleWebKit/537.36 (KHTML, like Gecko) Chrome/88.0.4324.104 Safari/537.36"
2021-01-31 21:42:26 info: ::1 - - [31/Jan/2021:16:12:26 +0000] "POST /users HTTP/1.1" 201 21 "-" "Mozilla/5.0 (Windows NT 10.0; Win64; x64) AppleWebKit/537.36 (KHTML, like Gecko) Chrome/88.0.4324.104 Safari/537.36"
2021-01-31 21:43:07 info: ::1 - - [31/Jan/2021:16:13:07 +0000] "GET /api-docs/[object%20Module] HTTP/1.1" 304 - "-" "Mozilla/5.0 (Windows NT 10.0; Win64; x64) AppleWebKit/537.36 (KHTML, like Gecko) Chrome/88.0.4324.104 Safari/537.36"
2021-01-31 21:43:50 error: StatusCode : 400, Message : email must be an email
2021-01-31 21:43:50 info: ::1 - - [31/Jan/2021:16:13:50 +0000] "PUT /users/6016d6daadc7513890ca12f9 HTTP/1.1" 400 36 "-" "Mozilla/5.0 (Windows NT 10.0; Win64; x64) AppleWebKit/537.36 (KHTML, like Gecko) Chrome/88.0.4324.104 Safari/537.36"
2021-01-31 21:45:23 info: ::1 - - [31/Jan/2021:16:15:23 +0000] "GET /users HTTP/1.1" 200 - "-" "Mozilla/5.0 (Windows NT 10.0; Win64; x64) AppleWebKit/537.36 (KHTML, like Gecko) Chrome/88.0.4324.104 Safari/537.36"
2021-01-31 21:46:05 info: ::1 - - [31/Jan/2021:16:16:05 +0000] "PUT /users/6016d6daadc7513890ca12f9 HTTP/1.1" 200 21 "-" "Mozilla/5.0 (Windows NT 10.0; Win64; x64) AppleWebKit/537.36 (KHTML, like Gecko) Chrome/88.0.4324.104 Safari/537.36"
2021-01-31 21:48:33 info: 🚀 App listening on the port 3000
2021-01-31 21:48:47 info: ::1 - - [31/Jan/2021:16:18:47 +0000] "GET /api-docs/ HTTP/1.1" 304 - "-" "Mozilla/5.0 (Windows NT 10.0; Win64; x64) AppleWebKit/537.36 (KHTML, like Gecko) Chrome/88.0.4324.104 Safari/537.36"
2021-01-31 21:48:47 info: ::1 - - [31/Jan/2021:16:18:47 +0000] "GET /api-docs/swagger-ui-bundle.js HTTP/1.1" 304 - "-" "Mozilla/5.0 (Windows NT 10.0; Win64; x64) AppleWebKit/537.36 (KHTML, like Gecko) Chrome/88.0.4324.104 Safari/537.36"
2021-01-31 21:48:47 info: ::1 - - [31/Jan/2021:16:18:47 +0000] "GET /api-docs/swagger-ui.css HTTP/1.1" 304 - "-" "Mozilla/5.0 (Windows NT 10.0; Win64; x64) AppleWebKit/537.36 (KHTML, like Gecko) Chrome/88.0.4324.104 Safari/537.36"
2021-01-31 21:48:48 info: ::1 - - [31/Jan/2021:16:18:48 +0000] "GET /api-docs/swagger-ui-init.js HTTP/1.1" 304 - "-" "Mozilla/5.0 (Windows NT 10.0; Win64; x64) AppleWebKit/537.36 (KHTML, like Gecko) Chrome/88.0.4324.104 Safari/537.36"
2021-01-31 21:48:48 info: ::1 - - [31/Jan/2021:16:18:48 +0000] "GET /api-docs/swagger-ui-standalone-preset.js HTTP/1.1" 304 - "-" "Mozilla/5.0 (Windows NT 10.0; Win64; x64) AppleWebKit/537.36 (KHTML, like Gecko) Chrome/88.0.4324.104 Safari/537.36"
2021-01-31 21:49:06 info: ::1 - - [31/Jan/2021:16:19:06 +0000] "GET /api-docs/[object%20Module] HTTP/1.1" 304 - "-" "Mozilla/5.0 (Windows NT 10.0; Win64; x64) AppleWebKit/537.36 (KHTML, like Gecko) Chrome/88.0.4324.104 Safari/537.36"
2021-01-31 21:49:35 info: ::1 - - [31/Jan/2021:16:19:35 +0000] "PUT /users/6016d6daadc7513890ca12f9 HTTP/1.1" 200 21 "-" "Mozilla/5.0 (Windows NT 10.0; Win64; x64) AppleWebKit/537.36 (KHTML, like Gecko) Chrome/88.0.4324.104 Safari/537.36"
2021-01-31 21:51:55 info: 🚀 App listening on the port 3000
2021-01-31 21:51:55 info: ::1 - - [31/Jan/2021:16:21:55 +0000] "GET /api-docs/ HTTP/1.1" 304 - "-" "Mozilla/5.0 (Windows NT 10.0; Win64; x64) AppleWebKit/537.36 (KHTML, like Gecko) Chrome/88.0.4324.104 Safari/537.36"
2021-01-31 21:51:55 info: ::1 - - [31/Jan/2021:16:21:55 +0000] "GET /api-docs/swagger-ui-init.js HTTP/1.1" 304 - "-" "Mozilla/5.0 (Windows NT 10.0; Win64; x64) AppleWebKit/537.36 (KHTML, like Gecko) Chrome/88.0.4324.104 Safari/537.36"
2021-01-31 21:51:55 info: ::1 - - [31/Jan/2021:16:21:55 +0000] "GET /api-docs/swagger-ui.css HTTP/1.1" 304 - "-" "Mozilla/5.0 (Windows NT 10.0; Win64; x64) AppleWebKit/537.36 (KHTML, like Gecko) Chrome/88.0.4324.104 Safari/537.36"
2021-01-31 21:51:55 info: ::ffff:127.0.0.1 - - [31/Jan/2021:16:21:55 +0000] "GET /api-docs/swagger-ui-bundle.js HTTP/1.1" 304 - "-" "Mozilla/5.0 (Windows NT 10.0; Win64; x64) AppleWebKit/537.36 (KHTML, like Gecko) Chrome/88.0.4324.104 Safari/537.36"
2021-01-31 21:51:55 info: ::ffff:127.0.0.1 - - [31/Jan/2021:16:21:55 +0000] "GET /api-docs/swagger-ui-standalone-preset.js HTTP/1.1" 304 - "-" "Mozilla/5.0 (Windows NT 10.0; Win64; x64) AppleWebKit/537.36 (KHTML, like Gecko) Chrome/88.0.4324.104 Safari/537.36"
2021-01-31 21:51:55 info: ::ffff:127.0.0.1 - - [31/Jan/2021:16:21:55 +0000] "GET /api-docs/[object%20Module] HTTP/1.1" 304 - "-" "Mozilla/5.0 (Windows NT 10.0; Win64; x64) AppleWebKit/537.36 (KHTML, like Gecko) Chrome/88.0.4324.104 Safari/537.36"
2021-01-31 21:56:43 info: ::1 - - [31/Jan/2021:16:26:43 +0000] "PUT /users/6016d6daadc7513890ca12f9 HTTP/1.1" 200 21 "-" "Mozilla/5.0 (Windows NT 10.0; Win64; x64) AppleWebKit/537.36 (KHTML, like Gecko) Chrome/88.0.4324.104 Safari/537.36"
2021-01-31 23:15:06 info: ::1 - - [31/Jan/2021:17:45:06 +0000] "GET /api-docs/[object%20Module] HTTP/1.1" 304 - "-" "Mozilla/5.0 (Windows NT 10.0; Win64; x64) AppleWebKit/537.36 (KHTML, like Gecko) Chrome/88.0.4324.104 Safari/537.36"
2021-01-31 23:15:12 info: ::1 - - [31/Jan/2021:17:45:12 +0000] "GET /users HTTP/1.1" 200 - "-" "Mozilla/5.0 (Windows NT 10.0; Win64; x64) AppleWebKit/537.36 (KHTML, like Gecko) Chrome/88.0.4324.104 Safari/537.36"
2021-01-31 23:15:40 info: ::1 - - [31/Jan/2021:17:45:40 +0000] "GET /api-docs/[object%20Module] HTTP/1.1" 304 - "-" "Mozilla/5.0 (Windows NT 10.0; Win64; x64) AppleWebKit/537.36 (KHTML, like Gecko) Chrome/88.0.4324.104 Safari/537.36"
2021-01-31 23:15:48 info: ::1 - - [31/Jan/2021:17:45:48 +0000] "GET /users/600eb15f603a5758283cff60 HTTP/1.1" 200 21 "-" "Mozilla/5.0 (Windows NT 10.0; Win64; x64) AppleWebKit/537.36 (KHTML, like Gecko) Chrome/88.0.4324.104 Safari/537.36"
