2021-01-29 12:00:42 info: 🚀 App listening on the port 3000
2021-01-29 12:00:55 info: ::1 - - [29/Jan/2021:06:30:55 +0000] "GET /api-docs/ HTTP/1.1" 304 - "-" "Mozilla/5.0 (Windows NT 10.0; Win64; x64) AppleWebKit/537.36 (KHTML, like Gecko) Chrome/87.0.4280.141 Safari/537.36"
2021-01-29 12:00:55 info: ::1 - - [29/Jan/2021:06:30:55 +0000] "GET /api-docs/swagger-ui-init.js HTTP/1.1" 304 - "-" "Mozilla/5.0 (Windows NT 10.0; Win64; x64) AppleWebKit/537.36 (KHTML, like Gecko) Chrome/87.0.4280.141 Safari/537.36"
2021-01-29 12:00:55 info: ::1 - - [29/Jan/2021:06:30:55 +0000] "GET /api-docs/swagger-ui.css HTTP/1.1" 304 - "-" "Mozilla/5.0 (Windows NT 10.0; Win64; x64) AppleWebKit/537.36 (KHTML, like Gecko) Chrome/87.0.4280.141 Safari/537.36"
2021-01-29 12:00:55 info: ::1 - - [29/Jan/2021:06:30:55 +0000] "GET /api-docs/swagger-ui-standalone-preset.js HTTP/1.1" 304 - "-" "Mozilla/5.0 (Windows NT 10.0; Win64; x64) AppleWebKit/537.36 (KHTML, like Gecko) Chrome/87.0.4280.141 Safari/537.36"
2021-01-29 12:00:55 info: ::1 - - [29/Jan/2021:06:30:55 +0000] "GET /api-docs/swagger-ui-bundle.js HTTP/1.1" 304 - "-" "Mozilla/5.0 (Windows NT 10.0; Win64; x64) AppleWebKit/537.36 (KHTML, like Gecko) Chrome/87.0.4280.141 Safari/537.36"
2021-01-29 12:02:24 info: ::1 - - [29/Jan/2021:06:32:24 +0000] "GET /api-docs/[object%20Module] HTTP/1.1" 304 - "-" "Mozilla/5.0 (Windows NT 10.0; Win64; x64) AppleWebKit/537.36 (KHTML, like Gecko) Chrome/87.0.4280.141 Safari/537.36"
2021-01-29 12:02:31 info: ::1 - - [29/Jan/2021:06:32:31 +0000] "GET /api-docs/[object%20Module] HTTP/1.1" 304 - "-" "Mozilla/5.0 (Windows NT 10.0; Win64; x64) AppleWebKit/537.36 (KHTML, like Gecko) Chrome/87.0.4280.141 Safari/537.36"
2021-01-29 12:02:36 info: ::1 - - [29/Jan/2021:06:32:36 +0000] "GET /users HTTP/1.1" 304 - "-" "Mozilla/5.0 (Windows NT 10.0; Win64; x64) AppleWebKit/537.36 (KHTML, like Gecko) Chrome/87.0.4280.141 Safari/537.36"
2021-01-29 12:03:51 info: ::1 - - [29/Jan/2021:06:33:51 +0000] "GET /api-docs/swagger-ui.css HTTP/1.1" 304 - "-" "Mozilla/5.0 (Windows NT 10.0; Win64; x64) AppleWebKit/537.36 (KHTML, like Gecko) Chrome/87.0.4280.141 Safari/537.36"
2021-01-29 12:03:51 info: ::1 - - [29/Jan/2021:06:33:51 +0000] "GET /api-docs/swagger-ui.css.map HTTP/1.1" 200 - "-" "Mozilla/5.0 (Windows NT 10.0; Win64; x64) AppleWebKit/537.36 (KHTML, like Gecko) Chrome/87.0.4280.141 Safari/537.36"
2021-01-29 12:03:51 info: ::1 - - [29/Jan/2021:06:33:51 +0000] "GET /api-docs/swagger-ui-standalone-preset.js.map HTTP/1.1" 200 - "-" "Mozilla/5.0 (Windows NT 10.0; Win64; x64) AppleWebKit/537.36 (KHTML, like Gecko) Chrome/87.0.4280.141 Safari/537.36"
2021-01-29 12:03:51 info: ::1 - - [29/Jan/2021:06:33:51 +0000] "GET /api-docs/swagger-ui-bundle.js.map HTTP/1.1" 200 - "-" "Mozilla/5.0 (Windows NT 10.0; Win64; x64) AppleWebKit/537.36 (KHTML, like Gecko) Chrome/87.0.4280.141 Safari/537.36"
2021-01-29 12:04:02 info: ::1 - - [29/Jan/2021:06:34:02 +0000] "PUT /users/600e93d8580c334880abdaca HTTP/1.1" 200 21 "-" "Mozilla/5.0 (Windows NT 10.0; Win64; x64) AppleWebKit/537.36 (KHTML, like Gecko) Chrome/87.0.4280.141 Safari/537.36"
2021-01-29 16:12:39 info: 🚀 App listening on the port 3000
2021-01-29 16:43:10 info: 🚀 App listening on the port 3000
2021-01-29 16:56:12 info: ::1 - - [29/Jan/2021:11:26:12 +0000] "GET /api-docs/ HTTP/1.1" 304 - "-" "Mozilla/5.0 (Windows NT 10.0; Win64; x64) AppleWebKit/537.36 (KHTML, like Gecko) Chrome/87.0.4280.141 Safari/537.36"
2021-01-29 16:56:12 info: ::1 - - [29/Jan/2021:11:26:12 +0000] "GET /api-docs/swagger-ui.css HTTP/1.1" 304 - "-" "Mozilla/5.0 (Windows NT 10.0; Win64; x64) AppleWebKit/537.36 (KHTML, like Gecko) Chrome/87.0.4280.141 Safari/537.36"
2021-01-29 16:56:12 info: ::1 - - [29/Jan/2021:11:26:12 +0000] "GET /api-docs/swagger-ui-bundle.js HTTP/1.1" 304 - "-" "Mozilla/5.0 (Windows NT 10.0; Win64; x64) AppleWebKit/537.36 (KHTML, like Gecko) Chrome/87.0.4280.141 Safari/537.36"
2021-01-29 16:56:12 info: ::1 - - [29/Jan/2021:11:26:12 +0000] "GET /api-docs/swagger-ui-init.js HTTP/1.1" 304 - "-" "Mozilla/5.0 (Windows NT 10.0; Win64; x64) AppleWebKit/537.36 (KHTML, like Gecko) Chrome/87.0.4280.141 Safari/537.36"
2021-01-29 16:56:12 info: ::1 - - [29/Jan/2021:11:26:12 +0000] "GET /api-docs/swagger-ui-standalone-preset.js HTTP/1.1" 304 - "-" "Mozilla/5.0 (Windows NT 10.0; Win64; x64) AppleWebKit/537.36 (KHTML, like Gecko) Chrome/87.0.4280.141 Safari/537.36"
2021-01-29 16:56:16 info: ::1 - - [29/Jan/2021:11:26:16 +0000] "GET /api-docs/favicon-32x32.png HTTP/1.1" 304 - "-" "Mozilla/5.0 (Windows NT 10.0; Win64; x64) AppleWebKit/537.36 (KHTML, like Gecko) Chrome/87.0.4280.141 Safari/537.36"
2021-01-29 16:56:19 info: ::1 - - [29/Jan/2021:11:26:19 +0000] "GET /api-docs/[object%20Module] HTTP/1.1" 304 - "-" "Mozilla/5.0 (Windows NT 10.0; Win64; x64) AppleWebKit/537.36 (KHTML, like Gecko) Chrome/87.0.4280.141 Safari/537.36"
2021-01-29 16:56:31 info: ::1 - - [29/Jan/2021:11:26:31 +0000] "GET /users HTTP/1.1" 304 - "-" "Mozilla/5.0 (Windows NT 10.0; Win64; x64) AppleWebKit/537.36 (KHTML, like Gecko) Chrome/87.0.4280.141 Safari/537.36"
2021-01-29 16:56:41 info: ::1 - - [29/Jan/2021:11:26:41 +0000] "GET /api-docs/[object%20Module] HTTP/1.1" 304 - "-" "Mozilla/5.0 (Windows NT 10.0; Win64; x64) AppleWebKit/537.36 (KHTML, like Gecko) Chrome/87.0.4280.141 Safari/537.36"
2021-01-29 16:57:34 info: ::1 - - [29/Jan/2021:11:27:34 +0000] "GET /api-docs/ HTTP/1.1" 304 - "-" "Mozilla/5.0 (Windows NT 10.0; Win64; x64) AppleWebKit/537.36 (KHTML, like Gecko) Chrome/87.0.4280.141 Safari/537.36"
2021-01-29 16:57:34 info: ::1 - - [29/Jan/2021:11:27:34 +0000] "GET /api-docs/swagger-ui.css HTTP/1.1" 304 - "-" "Mozilla/5.0 (Windows NT 10.0; Win64; x64) AppleWebKit/537.36 (KHTML, like Gecko) Chrome/87.0.4280.141 Safari/537.36"
2021-01-29 16:57:34 info: ::1 - - [29/Jan/2021:11:27:34 +0000] "GET /api-docs/swagger-ui-bundle.js HTTP/1.1" 304 - "-" "Mozilla/5.0 (Windows NT 10.0; Win64; x64) AppleWebKit/537.36 (KHTML, like Gecko) Chrome/87.0.4280.141 Safari/537.36"
2021-01-29 16:57:34 info: ::1 - - [29/Jan/2021:11:27:34 +0000] "GET /api-docs/swagger-ui-init.js HTTP/1.1" 304 - "-" "Mozilla/5.0 (Windows NT 10.0; Win64; x64) AppleWebKit/537.36 (KHTML, like Gecko) Chrome/87.0.4280.141 Safari/537.36"
2021-01-29 16:57:34 info: ::1 - - [29/Jan/2021:11:27:34 +0000] "GET /api-docs/swagger-ui-standalone-preset.js HTTP/1.1" 304 - "-" "Mozilla/5.0 (Windows NT 10.0; Win64; x64) AppleWebKit/537.36 (KHTML, like Gecko) Chrome/87.0.4280.141 Safari/537.36"
2021-01-29 16:57:35 info: ::1 - - [29/Jan/2021:11:27:35 +0000] "GET /api-docs/[object%20Module] HTTP/1.1" 304 - "-" "Mozilla/5.0 (Windows NT 10.0; Win64; x64) AppleWebKit/537.36 (KHTML, like Gecko) Chrome/87.0.4280.141 Safari/537.36"
2021-01-29 16:57:44 info: ::1 - - [29/Jan/2021:11:27:44 +0000] "GET /api-docs/[object%20Module] HTTP/1.1" 304 - "-" "Mozilla/5.0 (Windows NT 10.0; Win64; x64) AppleWebKit/537.36 (KHTML, like Gecko) Chrome/87.0.4280.141 Safari/537.36"
2021-01-29 16:58:04 info: 🚀 App listening on the port 3000
2021-01-29 16:58:20 info: ::1 - - [29/Jan/2021:11:28:20 +0000] "GET /api-docs/ HTTP/1.1" 304 - "-" "Mozilla/5.0 (Windows NT 10.0; Win64; x64) AppleWebKit/537.36 (KHTML, like Gecko) Chrome/87.0.4280.141 Safari/537.36"
2021-01-29 16:58:21 info: ::1 - - [29/Jan/2021:11:28:21 +0000] "GET /api-docs/swagger-ui.css HTTP/1.1" 304 - "-" "Mozilla/5.0 (Windows NT 10.0; Win64; x64) AppleWebKit/537.36 (KHTML, like Gecko) Chrome/87.0.4280.141 Safari/537.36"
2021-01-29 16:58:21 info: ::1 - - [29/Jan/2021:11:28:21 +0000] "GET /api-docs/swagger-ui-bundle.js HTTP/1.1" 304 - "-" "Mozilla/5.0 (Windows NT 10.0; Win64; x64) AppleWebKit/537.36 (KHTML, like Gecko) Chrome/87.0.4280.141 Safari/537.36"
2021-01-29 16:58:21 info: ::1 - - [29/Jan/2021:11:28:21 +0000] "GET /api-docs/swagger-ui-init.js HTTP/1.1" 304 - "-" "Mozilla/5.0 (Windows NT 10.0; Win64; x64) AppleWebKit/537.36 (KHTML, like Gecko) Chrome/87.0.4280.141 Safari/537.36"
2021-01-29 16:58:21 info: ::1 - - [29/Jan/2021:11:28:21 +0000] "GET /api-docs/swagger-ui-standalone-preset.js HTTP/1.1" 304 - "-" "Mozilla/5.0 (Windows NT 10.0; Win64; x64) AppleWebKit/537.36 (KHTML, like Gecko) Chrome/87.0.4280.141 Safari/537.36"
2021-01-29 16:58:23 info: ::1 - - [29/Jan/2021:11:28:23 +0000] "GET /api-docs/[object%20Module] HTTP/1.1" 304 - "-" "Mozilla/5.0 (Windows NT 10.0; Win64; x64) AppleWebKit/537.36 (KHTML, like Gecko) Chrome/87.0.4280.141 Safari/537.36"
2021-01-29 16:58:26 info: ::1 - - [29/Jan/2021:11:28:26 +0000] "GET /users HTTP/1.1" 304 - "-" "Mozilla/5.0 (Windows NT 10.0; Win64; x64) AppleWebKit/537.36 (KHTML, like Gecko) Chrome/87.0.4280.141 Safari/537.36"
2021-01-29 16:58:35 info: ::1 - - [29/Jan/2021:11:28:35 +0000] "GET /api-docs/[object%20Module] HTTP/1.1" 304 - "-" "Mozilla/5.0 (Windows NT 10.0; Win64; x64) AppleWebKit/537.36 (KHTML, like Gecko) Chrome/87.0.4280.141 Safari/537.36"
2021-01-29 16:58:36 info: ::1 - - [29/Jan/2021:11:28:36 +0000] "GET /api-docs/[object%20Module] HTTP/1.1" 304 - "-" "Mozilla/5.0 (Windows NT 10.0; Win64; x64) AppleWebKit/537.36 (KHTML, like Gecko) Chrome/87.0.4280.141 Safari/537.36"
2021-01-29 16:59:18 info: ::1 - - [29/Jan/2021:11:29:18 +0000] "GET /api-docs/swagger-ui.css HTTP/1.1" 304 - "-" "Mozilla/5.0 (Windows NT 10.0; Win64; x64) AppleWebKit/537.36 (KHTML, like Gecko) Chrome/87.0.4280.141 Safari/537.36"
2021-01-29 16:59:18 info: ::1 - - [29/Jan/2021:11:29:18 +0000] "GET /api-docs/swagger-ui.css.map HTTP/1.1" 200 - "-" "Mozilla/5.0 (Windows NT 10.0; Win64; x64) AppleWebKit/537.36 (KHTML, like Gecko) Chrome/87.0.4280.141 Safari/537.36"
2021-01-29 16:59:18 info: ::1 - - [29/Jan/2021:11:29:18 +0000] "GET /api-docs/swagger-ui-standalone-preset.js.map HTTP/1.1" 200 - "-" "Mozilla/5.0 (Windows NT 10.0; Win64; x64) AppleWebKit/537.36 (KHTML, like Gecko) Chrome/87.0.4280.141 Safari/537.36"
2021-01-29 16:59:18 info: ::1 - - [29/Jan/2021:11:29:18 +0000] "GET /api-docs/swagger-ui-bundle.js.map HTTP/1.1" 200 - "-" "Mozilla/5.0 (Windows NT 10.0; Win64; x64) AppleWebKit/537.36 (KHTML, like Gecko) Chrome/87.0.4280.141 Safari/537.36"
2021-01-29 17:02:36 info: 🚀 App listening on the port 3000
2021-01-29 17:02:58 info: ::1 - - [29/Jan/2021:11:32:58 +0000] "GET /api-docs/ HTTP/1.1" 304 - "-" "Mozilla/5.0 (Windows NT 10.0; Win64; x64) AppleWebKit/537.36 (KHTML, like Gecko) Chrome/87.0.4280.141 Safari/537.36"
2021-01-29 17:02:58 info: ::1 - - [29/Jan/2021:11:32:58 +0000] "GET /api-docs/swagger-ui.css HTTP/1.1" 304 - "-" "Mozilla/5.0 (Windows NT 10.0; Win64; x64) AppleWebKit/537.36 (KHTML, like Gecko) Chrome/87.0.4280.141 Safari/537.36"
2021-01-29 17:02:58 info: ::1 - - [29/Jan/2021:11:32:58 +0000] "GET /api-docs/swagger-ui-bundle.js HTTP/1.1" 304 - "-" "Mozilla/5.0 (Windows NT 10.0; Win64; x64) AppleWebKit/537.36 (KHTML, like Gecko) Chrome/87.0.4280.141 Safari/537.36"
2021-01-29 17:02:58 info: ::1 - - [29/Jan/2021:11:32:58 +0000] "GET /api-docs/swagger-ui-init.js HTTP/1.1" 304 - "-" "Mozilla/5.0 (Windows NT 10.0; Win64; x64) AppleWebKit/537.36 (KHTML, like Gecko) Chrome/87.0.4280.141 Safari/537.36"
2021-01-29 17:02:58 info: ::1 - - [29/Jan/2021:11:32:58 +0000] "GET /api-docs/swagger-ui-standalone-preset.js HTTP/1.1" 304 - "-" "Mozilla/5.0 (Windows NT 10.0; Win64; x64) AppleWebKit/537.36 (KHTML, like Gecko) Chrome/87.0.4280.141 Safari/537.36"
2021-01-29 17:03:09 info: ::1 - - [29/Jan/2021:11:33:09 +0000] "GET /api-docs/[object%20Module] HTTP/1.1" 304 - "-" "Mozilla/5.0 (Windows NT 10.0; Win64; x64) AppleWebKit/537.36 (KHTML, like Gecko) Chrome/87.0.4280.141 Safari/537.36"
2021-01-29 17:03:13 info: ::1 - - [29/Jan/2021:11:33:13 +0000] "GET /users HTTP/1.1" 304 - "-" "Mozilla/5.0 (Windows NT 10.0; Win64; x64) AppleWebKit/537.36 (KHTML, like Gecko) Chrome/87.0.4280.141 Safari/537.36"
2021-01-29 17:03:22 info: ::1 - - [29/Jan/2021:11:33:22 +0000] "GET /api-docs/[object%20Module] HTTP/1.1" 304 - "-" "Mozilla/5.0 (Windows NT 10.0; Win64; x64) AppleWebKit/537.36 (KHTML, like Gecko) Chrome/87.0.4280.141 Safari/537.36"
2021-01-29 17:06:30 info: 🚀 App listening on the port 3000
2021-01-29 17:06:51 info: ::1 - - [29/Jan/2021:11:36:51 +0000] "GET /api-docs/ HTTP/1.1" 304 - "-" "Mozilla/5.0 (Windows NT 10.0; Win64; x64) AppleWebKit/537.36 (KHTML, like Gecko) Chrome/87.0.4280.141 Safari/537.36"
2021-01-29 17:06:52 info: ::1 - - [29/Jan/2021:11:36:52 +0000] "GET /api-docs/swagger-ui.css HTTP/1.1" 304 - "-" "Mozilla/5.0 (Windows NT 10.0; Win64; x64) AppleWebKit/537.36 (KHTML, like Gecko) Chrome/87.0.4280.141 Safari/537.36"
2021-01-29 17:06:52 info: ::1 - - [29/Jan/2021:11:36:52 +0000] "GET /api-docs/swagger-ui-bundle.js HTTP/1.1" 304 - "-" "Mozilla/5.0 (Windows NT 10.0; Win64; x64) AppleWebKit/537.36 (KHTML, like Gecko) Chrome/87.0.4280.141 Safari/537.36"
2021-01-29 17:06:52 info: ::1 - - [29/Jan/2021:11:36:52 +0000] "GET /api-docs/swagger-ui-standalone-preset.js HTTP/1.1" 304 - "-" "Mozilla/5.0 (Windows NT 10.0; Win64; x64) AppleWebKit/537.36 (KHTML, like Gecko) Chrome/87.0.4280.141 Safari/537.36"
2021-01-29 17:06:52 info: ::1 - - [29/Jan/2021:11:36:52 +0000] "GET /api-docs/swagger-ui-init.js HTTP/1.1" 200 - "-" "Mozilla/5.0 (Windows NT 10.0; Win64; x64) AppleWebKit/537.36 (KHTML, like Gecko) Chrome/87.0.4280.141 Safari/537.36"
2021-01-29 17:06:54 info: ::1 - - [29/Jan/2021:11:36:54 +0000] "GET /api-docs/[object%20Module] HTTP/1.1" 304 - "-" "Mozilla/5.0 (Windows NT 10.0; Win64; x64) AppleWebKit/537.36 (KHTML, like Gecko) Chrome/87.0.4280.141 Safari/537.36"
2021-01-29 17:06:59 info: ::1 - - [29/Jan/2021:11:36:59 +0000] "GET /users HTTP/1.1" 304 - "-" "Mozilla/5.0 (Windows NT 10.0; Win64; x64) AppleWebKit/537.36 (KHTML, like Gecko) Chrome/87.0.4280.141 Safari/537.36"
2021-01-29 17:07:12 info: ::1 - - [29/Jan/2021:11:37:12 +0000] "GET /api-docs/[object%20Module] HTTP/1.1" 304 - "-" "Mozilla/5.0 (Windows NT 10.0; Win64; x64) AppleWebKit/537.36 (KHTML, like Gecko) Chrome/87.0.4280.141 Safari/537.36"
2021-01-29 17:07:18 info: ::1 - - [29/Jan/2021:11:37:18 +0000] "GET /api-docs/[object%20Module] HTTP/1.1" 304 - "-" "Mozilla/5.0 (Windows NT 10.0; Win64; x64) AppleWebKit/537.36 (KHTML, like Gecko) Chrome/87.0.4280.141 Safari/537.36"
2021-01-29 17:07:29 info: ::1 - - [29/Jan/2021:11:37:29 +0000] "GET /users/600bd96ca83af14955e3ca15 HTTP/1.1" 404 169 "-" "Mozilla/5.0 (Windows NT 10.0; Win64; x64) AppleWebKit/537.36 (KHTML, like Gecko) Chrome/87.0.4280.141 Safari/537.36"
2021-01-29 17:07:38 info: ::1 - - [29/Jan/2021:11:37:38 +0000] "GET /api-docs/swagger-ui.css HTTP/1.1" 304 - "-" "Mozilla/5.0 (Windows NT 10.0; Win64; x64) AppleWebKit/537.36 (KHTML, like Gecko) Chrome/87.0.4280.141 Safari/537.36"
2021-01-29 17:07:38 info: ::1 - - [29/Jan/2021:11:37:38 +0000] "GET /api-docs/swagger-ui.css.map HTTP/1.1" 200 - "-" "Mozilla/5.0 (Windows NT 10.0; Win64; x64) AppleWebKit/537.36 (KHTML, like Gecko) Chrome/87.0.4280.141 Safari/537.36"
2021-01-29 17:07:38 info: ::1 - - [29/Jan/2021:11:37:38 +0000] "GET /api-docs/swagger-ui-standalone-preset.js.map HTTP/1.1" 200 - "-" "Mozilla/5.0 (Windows NT 10.0; Win64; x64) AppleWebKit/537.36 (KHTML, like Gecko) Chrome/87.0.4280.141 Safari/537.36"
2021-01-29 17:07:38 info: ::1 - - [29/Jan/2021:11:37:38 +0000] "GET /api-docs/swagger-ui-bundle.js.map HTTP/1.1" 200 - "-" "Mozilla/5.0 (Windows NT 10.0; Win64; x64) AppleWebKit/537.36 (KHTML, like Gecko) Chrome/87.0.4280.141 Safari/537.36"
2021-01-29 17:07:42 info: ::1 - - [29/Jan/2021:11:37:42 +0000] "GET /users/600bd96ca83af14955e3ca15 HTTP/1.1" 404 169 "-" "Mozilla/5.0 (Windows NT 10.0; Win64; x64) AppleWebKit/537.36 (KHTML, like Gecko) Chrome/87.0.4280.141 Safari/537.36"
2021-01-29 17:12:39 info: ::1 - - [29/Jan/2021:11:42:39 +0000] "GET /users/600bd96ca83af14955e3ca15 HTTP/1.1" 404 169 "-" "Mozilla/5.0 (Windows NT 10.0; Win64; x64) AppleWebKit/537.36 (KHTML, like Gecko) Chrome/87.0.4280.141 Safari/537.36"
2021-01-29 17:16:27 info: ::1 - - [29/Jan/2021:11:46:27 +0000] "GET /users/600bd96ca83af14955e3ca15 HTTP/1.1" 404 169 "-" "Mozilla/5.0 (Windows NT 10.0; Win64; x64) AppleWebKit/537.36 (KHTML, like Gecko) Chrome/87.0.4280.141 Safari/537.36"
2021-01-29 17:37:59 info: ::1 - - [29/Jan/2021:12:07:59 +0000] "GET /api-docs/ HTTP/1.1" 304 - "-" "Mozilla/5.0 (Windows NT 10.0; Win64; x64) AppleWebKit/537.36 (KHTML, like Gecko) Chrome/87.0.4280.141 Safari/537.36"
2021-01-29 17:38:00 info: ::1 - - [29/Jan/2021:12:08:00 +0000] "GET /api-docs/swagger-ui.css HTTP/1.1" 304 - "-" "Mozilla/5.0 (Windows NT 10.0; Win64; x64) AppleWebKit/537.36 (KHTML, like Gecko) Chrome/87.0.4280.141 Safari/537.36"
2021-01-29 17:38:00 info: ::1 - - [29/Jan/2021:12:08:00 +0000] "GET /api-docs/swagger-ui-bundle.js HTTP/1.1" 304 - "-" "Mozilla/5.0 (Windows NT 10.0; Win64; x64) AppleWebKit/537.36 (KHTML, like Gecko) Chrome/87.0.4280.141 Safari/537.36"
2021-01-29 17:38:00 info: ::1 - - [29/Jan/2021:12:08:00 +0000] "GET /api-docs/swagger-ui-standalone-preset.js HTTP/1.1" 304 - "-" "Mozilla/5.0 (Windows NT 10.0; Win64; x64) AppleWebKit/537.36 (KHTML, like Gecko) Chrome/87.0.4280.141 Safari/537.36"
2021-01-29 17:38:00 info: ::1 - - [29/Jan/2021:12:08:00 +0000] "GET /api-docs/swagger-ui-init.js HTTP/1.1" 304 - "-" "Mozilla/5.0 (Windows NT 10.0; Win64; x64) AppleWebKit/537.36 (KHTML, like Gecko) Chrome/87.0.4280.141 Safari/537.36"
2021-01-29 17:38:03 info: ::1 - - [29/Jan/2021:12:08:03 +0000] "GET /api-docs/[object%20Module] HTTP/1.1" 304 - "-" "Mozilla/5.0 (Windows NT 10.0; Win64; x64) AppleWebKit/537.36 (KHTML, like Gecko) Chrome/87.0.4280.141 Safari/537.36"
2021-01-29 17:38:07 info: ::1 - - [29/Jan/2021:12:08:07 +0000] "GET /users HTTP/1.1" 304 - "-" "Mozilla/5.0 (Windows NT 10.0; Win64; x64) AppleWebKit/537.36 (KHTML, like Gecko) Chrome/87.0.4280.141 Safari/537.36"
2021-01-29 17:38:17 info: ::1 - - [29/Jan/2021:12:08:17 +0000] "GET /api-docs/[object%20Module] HTTP/1.1" 304 - "-" "Mozilla/5.0 (Windows NT 10.0; Win64; x64) AppleWebKit/537.36 (KHTML, like Gecko) Chrome/87.0.4280.141 Safari/537.36"
2021-01-29 17:38:20 info: ::1 - - [29/Jan/2021:12:08:20 +0000] "GET /users/600bd8d88897284b5d8977c1 HTTP/1.1" 404 169 "-" "Mozilla/5.0 (Windows NT 10.0; Win64; x64) AppleWebKit/537.36 (KHTML, like Gecko) Chrome/87.0.4280.141 Safari/537.36"
2021-01-29 17:48:23 info: ::1 - - [29/Jan/2021:12:18:23 +0000] "GET /api-docs/[object%20Module] HTTP/1.1" 304 - "-" "Mozilla/5.0 (Windows NT 10.0; Win64; x64) AppleWebKit/537.36 (KHTML, like Gecko) Chrome/87.0.4280.141 Safari/537.36"
2021-01-29 17:49:09 info: ::1 - - [29/Jan/2021:12:19:09 +0000] "PUT /users/600e93d8580c334880abdaca HTTP/1.1" 200 21 "-" "Mozilla/5.0 (Windows NT 10.0; Win64; x64) AppleWebKit/537.36 (KHTML, like Gecko) Chrome/87.0.4280.141 Safari/537.36"
2021-01-29 17:49:16 info: ::1 - - [29/Jan/2021:12:19:16 +0000] "GET /api-docs/swagger-ui.css HTTP/1.1" 304 - "-" "Mozilla/5.0 (Windows NT 10.0; Win64; x64) AppleWebKit/537.36 (KHTML, like Gecko) Chrome/87.0.4280.141 Safari/537.36"
2021-01-29 17:49:16 info: ::1 - - [29/Jan/2021:12:19:16 +0000] "GET /api-docs/swagger-ui.css.map HTTP/1.1" 200 - "-" "Mozilla/5.0 (Windows NT 10.0; Win64; x64) AppleWebKit/537.36 (KHTML, like Gecko) Chrome/87.0.4280.141 Safari/537.36"
2021-01-29 17:49:16 info: ::1 - - [29/Jan/2021:12:19:16 +0000] "GET /api-docs/swagger-ui-standalone-preset.js.map HTTP/1.1" 200 - "-" "Mozilla/5.0 (Windows NT 10.0; Win64; x64) AppleWebKit/537.36 (KHTML, like Gecko) Chrome/87.0.4280.141 Safari/537.36"
2021-01-29 17:49:16 info: ::1 - - [29/Jan/2021:12:19:16 +0000] "GET /api-docs/swagger-ui-bundle.js.map HTTP/1.1" 200 - "-" "Mozilla/5.0 (Windows NT 10.0; Win64; x64) AppleWebKit/537.36 (KHTML, like Gecko) Chrome/87.0.4280.141 Safari/537.36"
2021-01-29 17:49:29 info: ::1 - - [29/Jan/2021:12:19:29 +0000] "PUT /users/600e93d8580c334880abdaca HTTP/1.1" 200 21 "-" "Mozilla/5.0 (Windows NT 10.0; Win64; x64) AppleWebKit/537.36 (KHTML, like Gecko) Chrome/87.0.4280.141 Safari/537.36"
2021-01-29 17:49:40 info: ::1 - - [29/Jan/2021:12:19:40 +0000] "GET /users HTTP/1.1" 304 - "-" "Mozilla/5.0 (Windows NT 10.0; Win64; x64) AppleWebKit/537.36 (KHTML, like Gecko) Chrome/87.0.4280.141 Safari/537.36"
2021-01-29 17:50:35 info: 🚀 App listening on the port 3000
2021-01-29 17:50:45 info: ::1 - - [29/Jan/2021:12:20:45 +0000] "GET /api-docs/ HTTP/1.1" 304 - "-" "Mozilla/5.0 (Windows NT 10.0; Win64; x64) AppleWebKit/537.36 (KHTML, like Gecko) Chrome/87.0.4280.141 Safari/537.36"
2021-01-29 17:50:46 info: ::1 - - [29/Jan/2021:12:20:46 +0000] "GET /api-docs/swagger-ui.css HTTP/1.1" 304 - "-" "Mozilla/5.0 (Windows NT 10.0; Win64; x64) AppleWebKit/537.36 (KHTML, like Gecko) Chrome/87.0.4280.141 Safari/537.36"
2021-01-29 17:50:46 info: ::1 - - [29/Jan/2021:12:20:46 +0000] "GET /api-docs/swagger-ui-bundle.js HTTP/1.1" 304 - "-" "Mozilla/5.0 (Windows NT 10.0; Win64; x64) AppleWebKit/537.36 (KHTML, like Gecko) Chrome/87.0.4280.141 Safari/537.36"
2021-01-29 17:50:46 info: ::1 - - [29/Jan/2021:12:20:46 +0000] "GET /api-docs/swagger-ui-standalone-preset.js HTTP/1.1" 304 - "-" "Mozilla/5.0 (Windows NT 10.0; Win64; x64) AppleWebKit/537.36 (KHTML, like Gecko) Chrome/87.0.4280.141 Safari/537.36"
2021-01-29 17:50:46 info: ::1 - - [29/Jan/2021:12:20:46 +0000] "GET /api-docs/swagger-ui-init.js HTTP/1.1" 304 - "-" "Mozilla/5.0 (Windows NT 10.0; Win64; x64) AppleWebKit/537.36 (KHTML, like Gecko) Chrome/87.0.4280.141 Safari/537.36"
2021-01-29 17:51:05 info: ::1 - - [29/Jan/2021:12:21:05 +0000] "GET /api-docs/[object%20Module] HTTP/1.1" 304 - "-" "Mozilla/5.0 (Windows NT 10.0; Win64; x64) AppleWebKit/537.36 (KHTML, like Gecko) Chrome/87.0.4280.141 Safari/537.36"
2021-01-29 17:51:10 info: ::1 - - [29/Jan/2021:12:21:10 +0000] "GET /users HTTP/1.1" 304 - "-" "Mozilla/5.0 (Windows NT 10.0; Win64; x64) AppleWebKit/537.36 (KHTML, like Gecko) Chrome/87.0.4280.141 Safari/537.36"
2021-01-29 17:51:34 info: ::1 - - [29/Jan/2021:12:21:34 +0000] "GET /api-docs/[object%20Module] HTTP/1.1" 304 - "-" "Mozilla/5.0 (Windows NT 10.0; Win64; x64) AppleWebKit/537.36 (KHTML, like Gecko) Chrome/87.0.4280.141 Safari/537.36"
2021-01-29 17:51:41 info: ::1 - - [29/Jan/2021:12:21:41 +0000] "GET /users/600e93d8580c334880abdaca HTTP/1.1" 404 169 "-" "Mozilla/5.0 (Windows NT 10.0; Win64; x64) AppleWebKit/537.36 (KHTML, like Gecko) Chrome/87.0.4280.141 Safari/537.36"
2021-01-29 18:06:26 info: 🚀 App listening on the port 3000
2021-01-29 18:06:33 info: ::1 - - [29/Jan/2021:12:36:33 +0000] "GET /api-docs/ HTTP/1.1" 304 - "-" "Mozilla/5.0 (Windows NT 10.0; Win64; x64) AppleWebKit/537.36 (KHTML, like Gecko) Chrome/87.0.4280.141 Safari/537.36"
2021-01-29 18:06:33 info: ::1 - - [29/Jan/2021:12:36:33 +0000] "GET /api-docs/swagger-ui.css HTTP/1.1" 304 - "-" "Mozilla/5.0 (Windows NT 10.0; Win64; x64) AppleWebKit/537.36 (KHTML, like Gecko) Chrome/87.0.4280.141 Safari/537.36"
2021-01-29 18:06:33 info: ::1 - - [29/Jan/2021:12:36:33 +0000] "GET /api-docs/swagger-ui-bundle.js HTTP/1.1" 304 - "-" "Mozilla/5.0 (Windows NT 10.0; Win64; x64) AppleWebKit/537.36 (KHTML, like Gecko) Chrome/87.0.4280.141 Safari/537.36"
2021-01-29 18:06:33 info: ::1 - - [29/Jan/2021:12:36:33 +0000] "GET /api-docs/swagger-ui-init.js HTTP/1.1" 304 - "-" "Mozilla/5.0 (Windows NT 10.0; Win64; x64) AppleWebKit/537.36 (KHTML, like Gecko) Chrome/87.0.4280.141 Safari/537.36"
2021-01-29 18:06:33 info: ::1 - - [29/Jan/2021:12:36:33 +0000] "GET /api-docs/swagger-ui-standalone-preset.js HTTP/1.1" 304 - "-" "Mozilla/5.0 (Windows NT 10.0; Win64; x64) AppleWebKit/537.36 (KHTML, like Gecko) Chrome/87.0.4280.141 Safari/537.36"
2021-01-29 18:24:31 info: 🚀 App listening on the port 3000
2021-01-29 19:41:14 info: 🚀 App listening on the port 3000
2021-01-29 19:42:48 info: ::1 - - [29/Jan/2021:14:12:48 +0000] "GET /api-docs HTTP/1.1" 301 183 "-" "Mozilla/5.0 (Windows NT 10.0; Win64; x64) AppleWebKit/537.36 (KHTML, like Gecko) Chrome/88.0.4324.104 Safari/537.36"
2021-01-29 19:42:48 info: ::1 - - [29/Jan/2021:14:12:48 +0000] "GET /api-docs/ HTTP/1.1" 200 - "-" "Mozilla/5.0 (Windows NT 10.0; Win64; x64) AppleWebKit/537.36 (KHTML, like Gecko) Chrome/88.0.4324.104 Safari/537.36"
2021-01-29 19:42:48 info: ::1 - - [29/Jan/2021:14:12:48 +0000] "GET /api-docs/swagger-ui-init.js HTTP/1.1" 200 - "-" "Mozilla/5.0 (Windows NT 10.0; Win64; x64) AppleWebKit/537.36 (KHTML, like Gecko) Chrome/88.0.4324.104 Safari/537.36"
2021-01-29 19:42:48 info: ::1 - - [29/Jan/2021:14:12:48 +0000] "GET /api-docs/swagger-ui.css HTTP/1.1" 200 - "-" "Mozilla/5.0 (Windows NT 10.0; Win64; x64) AppleWebKit/537.36 (KHTML, like Gecko) Chrome/88.0.4324.104 Safari/537.36"
2021-01-29 19:42:48 info: ::1 - - [29/Jan/2021:14:12:48 +0000] "GET /api-docs/swagger-ui-standalone-preset.js HTTP/1.1" 200 - "-" "Mozilla/5.0 (Windows NT 10.0; Win64; x64) AppleWebKit/537.36 (KHTML, like Gecko) Chrome/88.0.4324.104 Safari/537.36"
2021-01-29 19:42:49 info: ::1 - - [29/Jan/2021:14:12:49 +0000] "GET /api-docs/swagger-ui-bundle.js HTTP/1.1" 200 - "-" "Mozilla/5.0 (Windows NT 10.0; Win64; x64) AppleWebKit/537.36 (KHTML, like Gecko) Chrome/88.0.4324.104 Safari/537.36"
2021-01-29 19:44:17 info: ::1 - - [29/Jan/2021:14:14:17 +0000] "GET /api-docs/[object%20Module] HTTP/1.1" 200 - "-" "Mozilla/5.0 (Windows NT 10.0; Win64; x64) AppleWebKit/537.36 (KHTML, like Gecko) Chrome/88.0.4324.104 Safari/537.36"
2021-01-29 19:44:23 info: ::1 - - [29/Jan/2021:14:14:23 +0000] "GET /users HTTP/1.1" 200 876 "-" "Mozilla/5.0 (Windows NT 10.0; Win64; x64) AppleWebKit/537.36 (KHTML, like Gecko) Chrome/88.0.4324.104 Safari/537.36"
2021-01-29 19:45:33 info: ::1 - - [29/Jan/2021:14:15:33 +0000] "GET /api-docs/[object%20Module] HTTP/1.1" 304 - "-" "Mozilla/5.0 (Windows NT 10.0; Win64; x64) AppleWebKit/537.36 (KHTML, like Gecko) Chrome/88.0.4324.104 Safari/537.36"
2021-01-29 19:46:26 info: ::1 - - [29/Jan/2021:14:16:26 +0000] "GET /api-docs/[object%20Module] HTTP/1.1" 304 - "-" "Mozilla/5.0 (Windows NT 10.0; Win64; x64) AppleWebKit/537.36 (KHTML, like Gecko) Chrome/88.0.4324.104 Safari/537.36"
2021-01-29 19:53:43 info: ::1 - - [29/Jan/2021:14:23:43 +0000] "GET /users/600e93d8580c334880abdaca HTTP/1.1" 200 21 "-" "Mozilla/5.0 (Windows NT 10.0; Win64; x64) AppleWebKit/537.36 (KHTML, like Gecko) Chrome/88.0.4324.104 Safari/537.36"
2021-01-29 19:54:13 info: ::1 - - [29/Jan/2021:14:24:13 +0000] "GET /users HTTP/1.1" 304 - "-" "Mozilla/5.0 (Windows NT 10.0; Win64; x64) AppleWebKit/537.36 (KHTML, like Gecko) Chrome/88.0.4324.104 Safari/537.36"
2021-01-29 19:55:33 info: ::1 - - [29/Jan/2021:14:25:33 +0000] "GET /users/600e93d8580c334880abdaca HTTP/1.1" 304 - "-" "Mozilla/5.0 (Windows NT 10.0; Win64; x64) AppleWebKit/537.36 (KHTML, like Gecko) Chrome/88.0.4324.104 Safari/537.36"
2021-01-29 19:55:33 info: ::1 - - [29/Jan/2021:14:25:33 +0000] "GET /favicon.ico HTTP/1.1" 404 150 "-" "Mozilla/5.0 (Windows NT 10.0; Win64; x64) AppleWebKit/537.36 (KHTML, like Gecko) Chrome/88.0.4324.104 Safari/537.36"
2021-01-29 19:57:02 info: 🚀 App listening on the port 3000
2021-01-29 19:57:02 info: ::1 - - [29/Jan/2021:14:27:02 +0000] "GET /api-docs/ HTTP/1.1" 304 - "-" "Mozilla/5.0 (Windows NT 10.0; Win64; x64) AppleWebKit/537.36 (KHTML, like Gecko) Chrome/88.0.4324.104 Safari/537.36"
2021-01-29 19:57:02 info: ::1 - - [29/Jan/2021:14:27:02 +0000] "GET /api-docs/swagger-ui.css HTTP/1.1" 304 - "-" "Mozilla/5.0 (Windows NT 10.0; Win64; x64) AppleWebKit/537.36 (KHTML, like Gecko) Chrome/88.0.4324.104 Safari/537.36"
2021-01-29 19:57:02 info: ::1 - - [29/Jan/2021:14:27:02 +0000] "GET /api-docs/swagger-ui-bundle.js HTTP/1.1" 304 - "-" "Mozilla/5.0 (Windows NT 10.0; Win64; x64) AppleWebKit/537.36 (KHTML, like Gecko) Chrome/88.0.4324.104 Safari/537.36"
2021-01-29 19:57:02 info: ::1 - - [29/Jan/2021:14:27:02 +0000] "GET /api-docs/swagger-ui-init.js HTTP/1.1" 304 - "-" "Mozilla/5.0 (Windows NT 10.0; Win64; x64) AppleWebKit/537.36 (KHTML, like Gecko) Chrome/88.0.4324.104 Safari/537.36"
2021-01-29 19:57:02 info: ::1 - - [29/Jan/2021:14:27:02 +0000] "GET /api-docs/swagger-ui-standalone-preset.js HTTP/1.1" 304 - "-" "Mozilla/5.0 (Windows NT 10.0; Win64; x64) AppleWebKit/537.36 (KHTML, like Gecko) Chrome/88.0.4324.104 Safari/537.36"
2021-01-29 19:57:43 info: ::1 - - [29/Jan/2021:14:27:43 +0000] "GET /api-docs/[object%20Module] HTTP/1.1" 304 - "-" "Mozilla/5.0 (Windows NT 10.0; Win64; x64) AppleWebKit/537.36 (KHTML, like Gecko) Chrome/88.0.4324.104 Safari/537.36"
2021-01-29 19:57:57 info: ::1 - - [29/Jan/2021:14:27:57 +0000] "GET /api-docs/[object%20Module] HTTP/1.1" 304 - "-" "Mozilla/5.0 (Windows NT 10.0; Win64; x64) AppleWebKit/537.36 (KHTML, like Gecko) Chrome/88.0.4324.104 Safari/537.36"
2021-01-29 19:58:03 info: ::1 - - [29/Jan/2021:14:28:03 +0000] "GET /users HTTP/1.1" 304 - "-" "Mozilla/5.0 (Windows NT 10.0; Win64; x64) AppleWebKit/537.36 (KHTML, like Gecko) Chrome/88.0.4324.104 Safari/537.36"
2021-01-29 20:13:04 info: ::1 - - [29/Jan/2021:14:43:04 +0000] "GET /users/6012a09fc362dc0544429a45 HTTP/1.1" 200 21 "-" "Mozilla/5.0 (Windows NT 10.0; Win64; x64) AppleWebKit/537.36 (KHTML, like Gecko) Chrome/88.0.4324.104 Safari/537.36"
2021-01-29 20:33:17 info: 🚀 App listening on the port 3000
2021-01-29 20:33:18 info: ::ffff:127.0.0.1 - - [29/Jan/2021:15:03:18 +0000] "GET /api-docs/ HTTP/1.1" 304 - "-" "Mozilla/5.0 (Windows NT 10.0; Win64; x64) AppleWebKit/537.36 (KHTML, like Gecko) Chrome/88.0.4324.104 Safari/537.36"
2021-01-29 20:33:18 info: ::ffff:127.0.0.1 - - [29/Jan/2021:15:03:18 +0000] "GET /api-docs/swagger-ui-standalone-preset.js HTTP/1.1" 304 - "-" "Mozilla/5.0 (Windows NT 10.0; Win64; x64) AppleWebKit/537.36 (KHTML, like Gecko) Chrome/88.0.4324.104 Safari/537.36"
2021-01-29 20:33:18 info: ::ffff:127.0.0.1 - - [29/Jan/2021:15:03:18 +0000] "GET /api-docs/swagger-ui.css HTTP/1.1" 304 - "-" "Mozilla/5.0 (Windows NT 10.0; Win64; x64) AppleWebKit/537.36 (KHTML, like Gecko) Chrome/88.0.4324.104 Safari/537.36"
2021-01-29 20:33:18 info: ::1 - - [29/Jan/2021:15:03:18 +0000] "GET /api-docs/swagger-ui-bundle.js HTTP/1.1" 304 - "-" "Mozilla/5.0 (Windows NT 10.0; Win64; x64) AppleWebKit/537.36 (KHTML, like Gecko) Chrome/88.0.4324.104 Safari/537.36"
2021-01-29 20:33:18 info: ::1 - - [29/Jan/2021:15:03:18 +0000] "GET /api-docs/swagger-ui-init.js HTTP/1.1" 304 - "-" "Mozilla/5.0 (Windows NT 10.0; Win64; x64) AppleWebKit/537.36 (KHTML, like Gecko) Chrome/88.0.4324.104 Safari/537.36"
2021-01-29 20:33:18 info: ::1 - - [29/Jan/2021:15:03:18 +0000] "GET /api-docs/swagger-ui-init.js HTTP/1.1" 304 - "-" "Mozilla/5.0 (Windows NT 10.0; Win64; x64) AppleWebKit/537.36 (KHTML, like Gecko) Chrome/88.0.4324.104 Safari/537.36"
2021-01-29 20:33:18 info: ::ffff:127.0.0.1 - - [29/Jan/2021:15:03:18 +0000] "GET /api-docs/swagger-ui-standalone-preset.js HTTP/1.1" 304 - "-" "Mozilla/5.0 (Windows NT 10.0; Win64; x64) AppleWebKit/537.36 (KHTML, like Gecko) Chrome/88.0.4324.104 Safari/537.36"
2021-01-29 20:34:54 info: ::1 - - [29/Jan/2021:15:04:54 +0000] "GET /api-docs/[object%20Module] HTTP/1.1" 304 - "-" "Mozilla/5.0 (Windows NT 10.0; Win64; x64) AppleWebKit/537.36 (KHTML, like Gecko) Chrome/88.0.4324.104 Safari/537.36"
2021-01-29 20:35:15 info: ::1 - - [29/Jan/2021:15:05:15 +0000] "GET /users HTTP/1.1" 304 - "-" "Mozilla/5.0 (Windows NT 10.0; Win64; x64) AppleWebKit/537.36 (KHTML, like Gecko) Chrome/88.0.4324.104 Safari/537.36"
2021-01-29 20:36:56 info: ::1 - - [29/Jan/2021:15:06:56 +0000] "GET /api-docs/[object%20Module] HTTP/1.1" 304 - "-" "Mozilla/5.0 (Windows NT 10.0; Win64; x64) AppleWebKit/537.36 (KHTML, like Gecko) Chrome/88.0.4324.104 Safari/537.36"
2021-01-29 20:37:23 info: ::1 - - [29/Jan/2021:15:07:23 +0000] "GET /users/600e93d8580c334880abdaca HTTP/1.1" 304 - "-" "Mozilla/5.0 (Windows NT 10.0; Win64; x64) AppleWebKit/537.36 (KHTML, like Gecko) Chrome/88.0.4324.104 Safari/537.36"
2021-01-29 20:39:46 info: ::1 - - [29/Jan/2021:15:09:46 +0000] "GET /users HTTP/1.1" 304 - "-" "Mozilla/5.0 (Windows NT 10.0; Win64; x64) AppleWebKit/537.36 (KHTML, like Gecko) Chrome/88.0.4324.104 Safari/537.36"
2021-01-29 20:43:22 info: ::1 - - [29/Jan/2021:15:13:22 +0000] "GET /users HTTP/1.1" 304 - "-" "Mozilla/5.0 (Windows NT 10.0; Win64; x64) AppleWebKit/537.36 (KHTML, like Gecko) Chrome/88.0.4324.104 Safari/537.36"
2021-01-29 20:45:53 info: 🚀 App listening on the port 3000
2021-01-29 20:46:01 info: ::1 - - [29/Jan/2021:15:16:01 +0000] "GET /api-docs/ HTTP/1.1" 304 - "-" "Mozilla/5.0 (Windows NT 10.0; Win64; x64) AppleWebKit/537.36 (KHTML, like Gecko) Chrome/88.0.4324.104 Safari/537.36"
2021-01-29 20:46:01 info: ::1 - - [29/Jan/2021:15:16:01 +0000] "GET /api-docs/swagger-ui.css HTTP/1.1" 304 - "-" "Mozilla/5.0 (Windows NT 10.0; Win64; x64) AppleWebKit/537.36 (KHTML, like Gecko) Chrome/88.0.4324.104 Safari/537.36"
2021-01-29 20:46:01 info: ::1 - - [29/Jan/2021:15:16:01 +0000] "GET /api-docs/swagger-ui-bundle.js HTTP/1.1" 304 - "-" "Mozilla/5.0 (Windows NT 10.0; Win64; x64) AppleWebKit/537.36 (KHTML, like Gecko) Chrome/88.0.4324.104 Safari/537.36"
2021-01-29 20:46:01 info: ::1 - - [29/Jan/2021:15:16:01 +0000] "GET /api-docs/swagger-ui-standalone-preset.js HTTP/1.1" 304 - "-" "Mozilla/5.0 (Windows NT 10.0; Win64; x64) AppleWebKit/537.36 (KHTML, like Gecko) Chrome/88.0.4324.104 Safari/537.36"
2021-01-29 20:46:01 info: ::1 - - [29/Jan/2021:15:16:01 +0000] "GET /api-docs/swagger-ui-init.js HTTP/1.1" 304 - "-" "Mozilla/5.0 (Windows NT 10.0; Win64; x64) AppleWebKit/537.36 (KHTML, like Gecko) Chrome/88.0.4324.104 Safari/537.36"
2021-01-29 20:46:09 info: ::1 - - [29/Jan/2021:15:16:09 +0000] "GET /api-docs/[object%20Module] HTTP/1.1" 304 - "-" "Mozilla/5.0 (Windows NT 10.0; Win64; x64) AppleWebKit/537.36 (KHTML, like Gecko) Chrome/88.0.4324.104 Safari/537.36"
2021-01-29 20:46:14 info: ::1 - - [29/Jan/2021:15:16:14 +0000] "GET /users HTTP/1.1" 304 - "-" "Mozilla/5.0 (Windows NT 10.0; Win64; x64) AppleWebKit/537.36 (KHTML, like Gecko) Chrome/88.0.4324.104 Safari/537.36"
2021-01-29 20:46:56 info: ::1 - - [29/Jan/2021:15:16:56 +0000] "GET /api-docs/[object%20Module] HTTP/1.1" 304 - "-" "Mozilla/5.0 (Windows NT 10.0; Win64; x64) AppleWebKit/537.36 (KHTML, like Gecko) Chrome/88.0.4324.104 Safari/537.36"
2021-01-29 20:47:04 info: ::1 - - [29/Jan/2021:15:17:04 +0000] "GET /users/600bd96ca83af14955e3ca16 HTTP/1.1" 200 21 "-" "Mozilla/5.0 (Windows NT 10.0; Win64; x64) AppleWebKit/537.36 (KHTML, like Gecko) Chrome/88.0.4324.104 Safari/537.36"
2021-01-29 20:47:40 info: 🚀 App listening on the port 3000
2021-01-29 20:47:41 info: ::1 - - [29/Jan/2021:15:17:41 +0000] "GET /api-docs/ HTTP/1.1" 304 - "-" "Mozilla/5.0 (Windows NT 10.0; Win64; x64) AppleWebKit/537.36 (KHTML, like Gecko) Chrome/88.0.4324.104 Safari/537.36"
2021-01-29 20:47:42 info: ::1 - - [29/Jan/2021:15:17:42 +0000] "GET /api-docs/swagger-ui-init.js HTTP/1.1" 304 - "-" "Mozilla/5.0 (Windows NT 10.0; Win64; x64) AppleWebKit/537.36 (KHTML, like Gecko) Chrome/88.0.4324.104 Safari/537.36"
2021-01-29 20:47:42 info: ::1 - - [29/Jan/2021:15:17:42 +0000] "GET /api-docs/swagger-ui.css HTTP/1.1" 304 - "-" "Mozilla/5.0 (Windows NT 10.0; Win64; x64) AppleWebKit/537.36 (KHTML, like Gecko) Chrome/88.0.4324.104 Safari/537.36"
2021-01-29 20:47:42 info: ::1 - - [29/Jan/2021:15:17:42 +0000] "GET /api-docs/swagger-ui-bundle.js HTTP/1.1" 304 - "-" "Mozilla/5.0 (Windows NT 10.0; Win64; x64) AppleWebKit/537.36 (KHTML, like Gecko) Chrome/88.0.4324.104 Safari/537.36"
2021-01-29 20:47:42 info: ::1 - - [29/Jan/2021:15:17:42 +0000] "GET /api-docs/swagger-ui-standalone-preset.js HTTP/1.1" 304 - "-" "Mozilla/5.0 (Windows NT 10.0; Win64; x64) AppleWebKit/537.36 (KHTML, like Gecko) Chrome/88.0.4324.104 Safari/537.36"
2021-01-29 20:47:45 info: ::1 - - [29/Jan/2021:15:17:45 +0000] "GET /api-docs/[object%20Module] HTTP/1.1" 304 - "-" "Mozilla/5.0 (Windows NT 10.0; Win64; x64) AppleWebKit/537.36 (KHTML, like Gecko) Chrome/88.0.4324.104 Safari/537.36"
2021-01-29 20:47:51 info: ::1 - - [29/Jan/2021:15:17:51 +0000] "GET /api-docs/[object%20Module] HTTP/1.1" 304 - "-" "Mozilla/5.0 (Windows NT 10.0; Win64; x64) AppleWebKit/537.36 (KHTML, like Gecko) Chrome/88.0.4324.104 Safari/537.36"
2021-01-29 20:48:28 info: ::1 - - [29/Jan/2021:15:18:28 +0000] "GET /users/600e93d8580c334880abdacb HTTP/1.1" 200 21 "-" "Mozilla/5.0 (Windows NT 10.0; Win64; x64) AppleWebKit/537.36 (KHTML, like Gecko) Chrome/88.0.4324.104 Safari/537.36"
2021-01-29 20:49:29 info: 🚀 App listening on the port 3000
2021-01-29 20:49:31 info: ::1 - - [29/Jan/2021:15:19:31 +0000] "GET /api-docs/ HTTP/1.1" 304 - "-" "Mozilla/5.0 (Windows NT 10.0; Win64; x64) AppleWebKit/537.36 (KHTML, like Gecko) Chrome/88.0.4324.104 Safari/537.36"
2021-01-29 20:49:31 info: ::1 - - [29/Jan/2021:15:19:31 +0000] "GET /api-docs/swagger-ui-init.js HTTP/1.1" 304 - "-" "Mozilla/5.0 (Windows NT 10.0; Win64; x64) AppleWebKit/537.36 (KHTML, like Gecko) Chrome/88.0.4324.104 Safari/537.36"
2021-01-29 20:49:31 info: ::1 - - [29/Jan/2021:15:19:31 +0000] "GET /api-docs/swagger-ui.css HTTP/1.1" 304 - "-" "Mozilla/5.0 (Windows NT 10.0; Win64; x64) AppleWebKit/537.36 (KHTML, like Gecko) Chrome/88.0.4324.104 Safari/537.36"
2021-01-29 20:49:31 info: ::1 - - [29/Jan/2021:15:19:31 +0000] "GET /api-docs/swagger-ui-bundle.js HTTP/1.1" 304 - "-" "Mozilla/5.0 (Windows NT 10.0; Win64; x64) AppleWebKit/537.36 (KHTML, like Gecko) Chrome/88.0.4324.104 Safari/537.36"
2021-01-29 20:49:31 info: ::1 - - [29/Jan/2021:15:19:31 +0000] "GET /api-docs/swagger-ui-standalone-preset.js HTTP/1.1" 304 - "-" "Mozilla/5.0 (Windows NT 10.0; Win64; x64) AppleWebKit/537.36 (KHTML, like Gecko) Chrome/88.0.4324.104 Safari/537.36"
2021-01-29 20:49:34 info: ::1 - - [29/Jan/2021:15:19:34 +0000] "GET /api-docs/[object%20Module] HTTP/1.1" 304 - "-" "Mozilla/5.0 (Windows NT 10.0; Win64; x64) AppleWebKit/537.36 (KHTML, like Gecko) Chrome/88.0.4324.104 Safari/537.36"
2021-01-29 20:50:04 info: ::1 - - [29/Jan/2021:15:20:04 +0000] "GET /users/600e93d8580c334880abdacb HTTP/1.1" 304 - "-" "Mozilla/5.0 (Windows NT 10.0; Win64; x64) AppleWebKit/537.36 (KHTML, like Gecko) Chrome/88.0.4324.104 Safari/537.36"
2021-01-29 20:52:38 info: 🚀 App listening on the port 3000
2021-01-29 20:52:38 info: ::1 - - [29/Jan/2021:15:22:38 +0000] "GET /api-docs/ HTTP/1.1" 200 - "-" "Mozilla/5.0 (Windows NT 10.0; Win64; x64) AppleWebKit/537.36 (KHTML, like Gecko) Chrome/88.0.4324.104 Safari/537.36"
2021-01-29 20:52:38 info: ::1 - - [29/Jan/2021:15:22:38 +0000] "GET /api-docs/swagger-ui-init.js HTTP/1.1" 304 - "-" "Mozilla/5.0 (Windows NT 10.0; Win64; x64) AppleWebKit/537.36 (KHTML, like Gecko) Chrome/88.0.4324.104 Safari/537.36"
2021-01-29 20:52:38 info: ::1 - - [29/Jan/2021:15:22:38 +0000] "GET /api-docs/swagger-ui.css HTTP/1.1" 304 - "-" "Mozilla/5.0 (Windows NT 10.0; Win64; x64) AppleWebKit/537.36 (KHTML, like Gecko) Chrome/88.0.4324.104 Safari/537.36"
2021-01-29 20:52:38 info: ::1 - - [29/Jan/2021:15:22:38 +0000] "GET /api-docs/swagger-ui-bundle.js HTTP/1.1" 304 - "-" "Mozilla/5.0 (Windows NT 10.0; Win64; x64) AppleWebKit/537.36 (KHTML, like Gecko) Chrome/88.0.4324.104 Safari/537.36"
2021-01-29 20:52:38 info: ::1 - - [29/Jan/2021:15:22:38 +0000] "GET /api-docs/swagger-ui-standalone-preset.js HTTP/1.1" 304 - "-" "Mozilla/5.0 (Windows NT 10.0; Win64; x64) AppleWebKit/537.36 (KHTML, like Gecko) Chrome/88.0.4324.104 Safari/537.36"
2021-01-29 20:52:39 info: ::1 - - [29/Jan/2021:15:22:39 +0000] "GET /api-docs/favicon-32x32.png HTTP/1.1" 200 628 "-" "Mozilla/5.0 (Windows NT 10.0; Win64; x64) AppleWebKit/537.36 (KHTML, like Gecko) Chrome/88.0.4324.104 Safari/537.36"
2021-01-29 20:52:43 info: ::1 - - [29/Jan/2021:15:22:43 +0000] "GET /api-docs/[object%20Module] HTTP/1.1" 304 - "-" "Mozilla/5.0 (Windows NT 10.0; Win64; x64) AppleWebKit/537.36 (KHTML, like Gecko) Chrome/88.0.4324.104 Safari/537.36"
2021-01-29 20:52:47 info: ::1 - - [29/Jan/2021:15:22:47 +0000] "GET /api-docs/[object%20Module] HTTP/1.1" 304 - "-" "Mozilla/5.0 (Windows NT 10.0; Win64; x64) AppleWebKit/537.36 (KHTML, like Gecko) Chrome/88.0.4324.104 Safari/537.36"
2021-01-29 20:53:11 info: ::1 - - [29/Jan/2021:15:23:11 +0000] "GET /users/60128a2ce3859f03205ef17e HTTP/1.1" 200 21 "-" "Mozilla/5.0 (Windows NT 10.0; Win64; x64) AppleWebKit/537.36 (KHTML, like Gecko) Chrome/88.0.4324.104 Safari/537.36"
2021-01-29 21:02:17 info: 🚀 App listening on the port 3000
2021-01-29 21:02:22 info: ::1 - - [29/Jan/2021:15:32:22 +0000] "GET /api-docs/ HTTP/1.1" 304 - "-" "Mozilla/5.0 (Windows NT 10.0; Win64; x64) AppleWebKit/537.36 (KHTML, like Gecko) Chrome/88.0.4324.104 Safari/537.36"
2021-01-29 21:02:22 info: ::1 - - [29/Jan/2021:15:32:22 +0000] "GET /api-docs/swagger-ui.css HTTP/1.1" 304 - "-" "Mozilla/5.0 (Windows NT 10.0; Win64; x64) AppleWebKit/537.36 (KHTML, like Gecko) Chrome/88.0.4324.104 Safari/537.36"
2021-01-29 21:02:22 info: ::1 - - [29/Jan/2021:15:32:22 +0000] "GET /api-docs/swagger-ui-bundle.js HTTP/1.1" 304 - "-" "Mozilla/5.0 (Windows NT 10.0; Win64; x64) AppleWebKit/537.36 (KHTML, like Gecko) Chrome/88.0.4324.104 Safari/537.36"
2021-01-29 21:02:22 info: ::1 - - [29/Jan/2021:15:32:22 +0000] "GET /api-docs/swagger-ui-init.js HTTP/1.1" 304 - "-" "Mozilla/5.0 (Windows NT 10.0; Win64; x64) AppleWebKit/537.36 (KHTML, like Gecko) Chrome/88.0.4324.104 Safari/537.36"
2021-01-29 21:02:22 info: ::1 - - [29/Jan/2021:15:32:22 +0000] "GET /api-docs/swagger-ui-standalone-preset.js HTTP/1.1" 304 - "-" "Mozilla/5.0 (Windows NT 10.0; Win64; x64) AppleWebKit/537.36 (KHTML, like Gecko) Chrome/88.0.4324.104 Safari/537.36"
2021-01-29 21:02:28 info: ::1 - - [29/Jan/2021:15:32:28 +0000] "GET /api-docs/[object%20Module] HTTP/1.1" 304 - "-" "Mozilla/5.0 (Windows NT 10.0; Win64; x64) AppleWebKit/537.36 (KHTML, like Gecko) Chrome/88.0.4324.104 Safari/537.36"
2021-01-29 21:02:35 info: ::1 - - [29/Jan/2021:15:32:35 +0000] "GET /users/60128a2ce3859f03205ef17e HTTP/1.1" 304 - "-" "Mozilla/5.0 (Windows NT 10.0; Win64; x64) AppleWebKit/537.36 (KHTML, like Gecko) Chrome/88.0.4324.104 Safari/537.36"
2021-01-29 21:07:02 info: 🚀 App listening on the port 3000
2021-01-29 21:07:21 info: ::1 - - [29/Jan/2021:15:37:21 +0000] "GET /api-docs/ HTTP/1.1" 304 - "-" "Mozilla/5.0 (Windows NT 10.0; Win64; x64) AppleWebKit/537.36 (KHTML, like Gecko) Chrome/88.0.4324.104 Safari/537.36"
2021-01-29 21:07:21 info: ::1 - - [29/Jan/2021:15:37:21 +0000] "GET /api-docs/swagger-ui-init.js HTTP/1.1" 304 - "-" "Mozilla/5.0 (Windows NT 10.0; Win64; x64) AppleWebKit/537.36 (KHTML, like Gecko) Chrome/88.0.4324.104 Safari/537.36"
2021-01-29 21:07:21 info: ::1 - - [29/Jan/2021:15:37:21 +0000] "GET /api-docs/swagger-ui.css HTTP/1.1" 304 - "-" "Mozilla/5.0 (Windows NT 10.0; Win64; x64) AppleWebKit/537.36 (KHTML, like Gecko) Chrome/88.0.4324.104 Safari/537.36"
2021-01-29 21:07:21 info: ::1 - - [29/Jan/2021:15:37:21 +0000] "GET /api-docs/swagger-ui-bundle.js HTTP/1.1" 304 - "-" "Mozilla/5.0 (Windows NT 10.0; Win64; x64) AppleWebKit/537.36 (KHTML, like Gecko) Chrome/88.0.4324.104 Safari/537.36"
2021-01-29 21:07:21 info: ::1 - - [29/Jan/2021:15:37:21 +0000] "GET /api-docs/swagger-ui-standalone-preset.js HTTP/1.1" 304 - "-" "Mozilla/5.0 (Windows NT 10.0; Win64; x64) AppleWebKit/537.36 (KHTML, like Gecko) Chrome/88.0.4324.104 Safari/537.36"
2021-01-29 21:07:27 info: ::1 - - [29/Jan/2021:15:37:27 +0000] "GET /api-docs/[object%20Module] HTTP/1.1" 304 - "-" "Mozilla/5.0 (Windows NT 10.0; Win64; x64) AppleWebKit/537.36 (KHTML, like Gecko) Chrome/88.0.4324.104 Safari/537.36"
2021-01-29 21:07:38 info: ::1 - - [29/Jan/2021:15:37:38 +0000] "GET /users/600bd96ca83af14955e3ca16 HTTP/1.1" 304 - "-" "Mozilla/5.0 (Windows NT 10.0; Win64; x64) AppleWebKit/537.36 (KHTML, like Gecko) Chrome/88.0.4324.104 Safari/537.36"
2021-01-29 21:12:02 info: 🚀 App listening on the port 3000
2021-01-29 21:12:38 info: ::1 - - [29/Jan/2021:15:42:38 +0000] "GET /api-docs/ HTTP/1.1" 304 - "-" "Mozilla/5.0 (Windows NT 10.0; Win64; x64) AppleWebKit/537.36 (KHTML, like Gecko) Chrome/88.0.4324.104 Safari/537.36"
2021-01-29 21:12:38 info: ::1 - - [29/Jan/2021:15:42:38 +0000] "GET /api-docs/swagger-ui.css HTTP/1.1" 304 - "-" "Mozilla/5.0 (Windows NT 10.0; Win64; x64) AppleWebKit/537.36 (KHTML, like Gecko) Chrome/88.0.4324.104 Safari/537.36"
2021-01-29 21:12:38 info: ::1 - - [29/Jan/2021:15:42:38 +0000] "GET /api-docs/swagger-ui-bundle.js HTTP/1.1" 304 - "-" "Mozilla/5.0 (Windows NT 10.0; Win64; x64) AppleWebKit/537.36 (KHTML, like Gecko) Chrome/88.0.4324.104 Safari/537.36"
2021-01-29 21:12:38 info: ::1 - - [29/Jan/2021:15:42:38 +0000] "GET /api-docs/swagger-ui-init.js HTTP/1.1" 304 - "-" "Mozilla/5.0 (Windows NT 10.0; Win64; x64) AppleWebKit/537.36 (KHTML, like Gecko) Chrome/88.0.4324.104 Safari/537.36"
2021-01-29 21:12:38 info: ::1 - - [29/Jan/2021:15:42:38 +0000] "GET /api-docs/swagger-ui-standalone-preset.js HTTP/1.1" 304 - "-" "Mozilla/5.0 (Windows NT 10.0; Win64; x64) AppleWebKit/537.36 (KHTML, like Gecko) Chrome/88.0.4324.104 Safari/537.36"
2021-01-29 21:12:41 info: ::1 - - [29/Jan/2021:15:42:41 +0000] "GET /api-docs/[object%20Module] HTTP/1.1" 304 - "-" "Mozilla/5.0 (Windows NT 10.0; Win64; x64) AppleWebKit/537.36 (KHTML, like Gecko) Chrome/88.0.4324.104 Safari/537.36"
2021-01-29 21:12:48 info: ::1 - - [29/Jan/2021:15:42:48 +0000] "GET /users/600e93d8580c334880abdacb HTTP/1.1" 304 - "-" "Mozilla/5.0 (Windows NT 10.0; Win64; x64) AppleWebKit/537.36 (KHTML, like Gecko) Chrome/88.0.4324.104 Safari/537.36"
