2021-01-25 12:36:22 info: 🚀 App listening on the port 3000
2021-01-25 12:36:34 info: ::1 - - [25/Jan/2021:07:06:34 +0000] "GET /api-docs/ HTTP/1.1" 200 - "-" "Mozilla/5.0 (Windows NT 10.0; Win64; x64) AppleWebKit/537.36 (KHTML, like Gecko) Chrome/87.0.4280.141 Safari/537.36"
2021-01-25 12:36:34 info: ::1 - - [25/Jan/2021:07:06:34 +0000] "GET /api-docs/swagger-ui-bundle.js HTTP/1.1" 304 - "-" "Mozilla/5.0 (Windows NT 10.0; Win64; x64) AppleWebKit/537.36 (KHTML, like Gecko) Chrome/87.0.4280.141 Safari/537.36"
2021-01-25 12:36:34 info: ::1 - - [25/Jan/2021:07:06:34 +0000] "GET /api-docs/swagger-ui.css HTTP/1.1" 304 - "-" "Mozilla/5.0 (Windows NT 10.0; Win64; x64) AppleWebKit/537.36 (KHTML, like Gecko) Chrome/87.0.4280.141 Safari/537.36"
2021-01-25 12:36:34 info: ::1 - - [25/Jan/2021:07:06:34 +0000] "GET /api-docs/swagger-ui-init.js HTTP/1.1" 304 - "-" "Mozilla/5.0 (Windows NT 10.0; Win64; x64) AppleWebKit/537.36 (KHTML, like Gecko) Chrome/87.0.4280.141 Safari/537.36"
2021-01-25 12:36:34 info: ::1 - - [25/Jan/2021:07:06:34 +0000] "GET /api-docs/swagger-ui-standalone-preset.js HTTP/1.1" 304 - "-" "Mozilla/5.0 (Windows NT 10.0; Win64; x64) AppleWebKit/537.36 (KHTML, like Gecko) Chrome/87.0.4280.141 Safari/537.36"
2021-01-25 12:36:37 info: ::1 - - [25/Jan/2021:07:06:37 +0000] "GET /api-docs/favicon-32x32.png HTTP/1.1" 304 - "-" "Mozilla/5.0 (Windows NT 10.0; Win64; x64) AppleWebKit/537.36 (KHTML, like Gecko) Chrome/87.0.4280.141 Safari/537.36"
2021-01-25 12:36:39 info: ::1 - - [25/Jan/2021:07:06:39 +0000] "GET /api-docs/[object%20Module] HTTP/1.1" 304 - "-" "Mozilla/5.0 (Windows NT 10.0; Win64; x64) AppleWebKit/537.36 (KHTML, like Gecko) Chrome/87.0.4280.141 Safari/537.36"
2021-01-25 12:36:52 error: StatusCode : 500, Message : no primary server available
2021-01-25 12:36:52 info: ::1 - - [25/Jan/2021:07:06:52 +0000] "GET /users HTTP/1.1" 500 41 "-" "Mozilla/5.0 (Windows NT 10.0; Win64; x64) AppleWebKit/537.36 (KHTML, like Gecko) Chrome/87.0.4280.141 Safari/537.36"
2021-01-25 12:39:05 info: ::1 - - [25/Jan/2021:07:09:05 +0000] "GET /api-docs/ HTTP/1.1" 304 - "-" "Mozilla/5.0 (Windows NT 10.0; Win64; x64) AppleWebKit/537.36 (KHTML, like Gecko) Chrome/87.0.4280.141 Safari/537.36"
2021-01-25 12:39:05 info: ::1 - - [25/Jan/2021:07:09:05 +0000] "GET /api-docs/swagger-ui-init.js HTTP/1.1" 304 - "-" "Mozilla/5.0 (Windows NT 10.0; Win64; x64) AppleWebKit/537.36 (KHTML, like Gecko) Chrome/87.0.4280.141 Safari/537.36"
2021-01-25 12:39:05 info: ::1 - - [25/Jan/2021:07:09:05 +0000] "GET /api-docs/swagger-ui.css HTTP/1.1" 304 - "-" "Mozilla/5.0 (Windows NT 10.0; Win64; x64) AppleWebKit/537.36 (KHTML, like Gecko) Chrome/87.0.4280.141 Safari/537.36"
2021-01-25 12:39:05 info: ::1 - - [25/Jan/2021:07:09:05 +0000] "GET /api-docs/swagger-ui-bundle.js HTTP/1.1" 304 - "-" "Mozilla/5.0 (Windows NT 10.0; Win64; x64) AppleWebKit/537.36 (KHTML, like Gecko) Chrome/87.0.4280.141 Safari/537.36"
2021-01-25 12:39:05 info: ::1 - - [25/Jan/2021:07:09:05 +0000] "GET /api-docs/swagger-ui-standalone-preset.js HTTP/1.1" 304 - "-" "Mozilla/5.0 (Windows NT 10.0; Win64; x64) AppleWebKit/537.36 (KHTML, like Gecko) Chrome/87.0.4280.141 Safari/537.36"
2021-01-25 12:40:44 info: 🚀 App listening on the port 3000
2021-01-25 12:40:55 info: ::1 - - [25/Jan/2021:07:10:55 +0000] "GET /api-docs/ HTTP/1.1" 304 - "-" "Mozilla/5.0 (Windows NT 10.0; Win64; x64) AppleWebKit/537.36 (KHTML, like Gecko) Chrome/87.0.4280.141 Safari/537.36"
2021-01-25 12:40:55 info: ::1 - - [25/Jan/2021:07:10:55 +0000] "GET /api-docs/swagger-ui.css HTTP/1.1" 304 - "-" "Mozilla/5.0 (Windows NT 10.0; Win64; x64) AppleWebKit/537.36 (KHTML, like Gecko) Chrome/87.0.4280.141 Safari/537.36"
2021-01-25 12:40:55 info: ::1 - - [25/Jan/2021:07:10:55 +0000] "GET /api-docs/swagger-ui-bundle.js HTTP/1.1" 304 - "-" "Mozilla/5.0 (Windows NT 10.0; Win64; x64) AppleWebKit/537.36 (KHTML, like Gecko) Chrome/87.0.4280.141 Safari/537.36"
2021-01-25 12:40:55 info: ::1 - - [25/Jan/2021:07:10:55 +0000] "GET /api-docs/swagger-ui-init.js HTTP/1.1" 304 - "-" "Mozilla/5.0 (Windows NT 10.0; Win64; x64) AppleWebKit/537.36 (KHTML, like Gecko) Chrome/87.0.4280.141 Safari/537.36"
2021-01-25 12:40:55 info: ::1 - - [25/Jan/2021:07:10:55 +0000] "GET /api-docs/swagger-ui-standalone-preset.js HTTP/1.1" 304 - "-" "Mozilla/5.0 (Windows NT 10.0; Win64; x64) AppleWebKit/537.36 (KHTML, like Gecko) Chrome/87.0.4280.141 Safari/537.36"
2021-01-25 12:41:02 info: ::1 - - [25/Jan/2021:07:11:02 +0000] "GET /api-docs/[object%20Module] HTTP/1.1" 304 - "-" "Mozilla/5.0 (Windows NT 10.0; Win64; x64) AppleWebKit/537.36 (KHTML, like Gecko) Chrome/87.0.4280.141 Safari/537.36"
2021-01-25 12:41:34 error: StatusCode : 500, Message : no primary server available
2021-01-25 12:41:34 info: ::1 - - [25/Jan/2021:07:11:34 +0000] "GET /users HTTP/1.1" 500 41 "-" "Mozilla/5.0 (Windows NT 10.0; Win64; x64) AppleWebKit/537.36 (KHTML, like Gecko) Chrome/87.0.4280.141 Safari/537.36"
2021-01-25 12:41:49 info: ::1 - - [25/Jan/2021:07:11:49 +0000] "GET /users HTTP/1.1" - - "-" "Mozilla/5.0 (Windows NT 10.0; Win64; x64) AppleWebKit/537.36 (KHTML, like Gecko) Chrome/87.0.4280.141 Safari/537.36"
2021-01-25 12:41:54 error: StatusCode : 500, Message : no primary server available
2021-01-25 12:41:59 error: StatusCode : 500, Message : no primary server available
2021-01-25 12:41:59 info: ::1 - - [25/Jan/2021:07:11:59 +0000] "GET /users HTTP/1.1" 500 41 "-" "Mozilla/5.0 (Windows NT 10.0; Win64; x64) AppleWebKit/537.36 (KHTML, like Gecko) Chrome/87.0.4280.141 Safari/537.36"
2021-01-25 12:41:59 info: ::1 - - [25/Jan/2021:07:11:59 +0000] "GET /favicon.ico HTTP/1.1" 404 150 "-" "Mozilla/5.0 (Windows NT 10.0; Win64; x64) AppleWebKit/537.36 (KHTML, like Gecko) Chrome/87.0.4280.141 Safari/537.36"
2021-01-25 12:47:41 info: 🚀 App listening on the port 3000
2021-01-25 12:47:48 info: ::1 - - [25/Jan/2021:07:17:48 +0000] "GET /api-docs/ HTTP/1.1" 304 - "-" "Mozilla/5.0 (Windows NT 10.0; Win64; x64) AppleWebKit/537.36 (KHTML, like Gecko) Chrome/87.0.4280.141 Safari/537.36"
2021-01-25 12:47:49 info: ::1 - - [25/Jan/2021:07:17:49 +0000] "GET /api-docs/swagger-ui.css HTTP/1.1" 304 - "-" "Mozilla/5.0 (Windows NT 10.0; Win64; x64) AppleWebKit/537.36 (KHTML, like Gecko) Chrome/87.0.4280.141 Safari/537.36"
2021-01-25 12:47:49 info: ::1 - - [25/Jan/2021:07:17:49 +0000] "GET /api-docs/swagger-ui-init.js HTTP/1.1" 304 - "-" "Mozilla/5.0 (Windows NT 10.0; Win64; x64) AppleWebKit/537.36 (KHTML, like Gecko) Chrome/87.0.4280.141 Safari/537.36"
2021-01-25 12:47:49 info: ::1 - - [25/Jan/2021:07:17:49 +0000] "GET /api-docs/swagger-ui-bundle.js HTTP/1.1" 304 - "-" "Mozilla/5.0 (Windows NT 10.0; Win64; x64) AppleWebKit/537.36 (KHTML, like Gecko) Chrome/87.0.4280.141 Safari/537.36"
2021-01-25 12:47:49 info: ::1 - - [25/Jan/2021:07:17:49 +0000] "GET /api-docs/swagger-ui-standalone-preset.js HTTP/1.1" 304 - "-" "Mozilla/5.0 (Windows NT 10.0; Win64; x64) AppleWebKit/537.36 (KHTML, like Gecko) Chrome/87.0.4280.141 Safari/537.36"
2021-01-25 12:47:51 info: ::1 - - [25/Jan/2021:07:17:51 +0000] "GET /api-docs/[object%20Module] HTTP/1.1" 304 - "-" "Mozilla/5.0 (Windows NT 10.0; Win64; x64) AppleWebKit/537.36 (KHTML, like Gecko) Chrome/87.0.4280.141 Safari/537.36"
2021-01-25 12:48:10 error: StatusCode : 500, Message : no primary server available
2021-01-25 12:48:10 info: ::1 - - [25/Jan/2021:07:18:10 +0000] "GET /users HTTP/1.1" 500 41 "-" "Mozilla/5.0 (Windows NT 10.0; Win64; x64) AppleWebKit/537.36 (KHTML, like Gecko) Chrome/87.0.4280.141 Safari/537.36"
2021-01-25 12:51:26 info: ::1 - - [25/Jan/2021:07:21:26 +0000] "GET /api-docs/ HTTP/1.1" 200 - "-" "PostmanRuntime/7.26.8"
2021-01-25 12:52:03 info: ::1 - - [25/Jan/2021:07:22:03 +0000] "GET /users%0A HTTP/1.1" 404 147 "-" "PostmanRuntime/7.26.8"
2021-01-25 12:52:45 info: ::1 - - [25/Jan/2021:07:22:45 +0000] "GET /api-docs/[object%20Module] HTTP/1.1" 304 - "-" "Mozilla/5.0 (Windows NT 10.0; Win64; x64) AppleWebKit/537.36 (KHTML, like Gecko) Chrome/87.0.4280.141 Safari/537.36"
2021-01-25 12:53:19 error: StatusCode : 400, Message : username must be a string
2021-01-25 12:53:19 info: ::1 - - [25/Jan/2021:07:23:19 +0000] "POST /users HTTP/1.1" 400 39 "-" "Mozilla/5.0 (Windows NT 10.0; Win64; x64) AppleWebKit/537.36 (KHTML, like Gecko) Chrome/87.0.4280.141 Safari/537.36"
2021-01-25 12:53:23 error: StatusCode : 400, Message : username must be a string
2021-01-25 12:53:23 info: ::1 - - [25/Jan/2021:07:23:23 +0000] "POST /users HTTP/1.1" 400 39 "-" "Mozilla/5.0 (Windows NT 10.0; Win64; x64) AppleWebKit/537.36 (KHTML, like Gecko) Chrome/87.0.4280.141 Safari/537.36"
2021-01-25 13:01:19 error: StatusCode : 500, Message : Cannot read property 'find' of undefined
2021-01-25 13:01:19 info: ::1 - - [25/Jan/2021:07:31:19 +0000] "POST /users HTTP/1.1" 500 54 "-" "Mozilla/5.0 (Windows NT 10.0; Win64; x64) AppleWebKit/537.36 (KHTML, like Gecko) Chrome/87.0.4280.141 Safari/537.36"
2021-01-25 13:09:49 error: StatusCode : 500, Message : no primary server available
2021-01-25 13:09:49 info: ::1 - - [25/Jan/2021:07:39:49 +0000] "GET /users HTTP/1.1" 500 41 "-" "Mozilla/5.0 (Windows NT 10.0; Win64; x64) AppleWebKit/537.36 (KHTML, like Gecko) Chrome/87.0.4280.141 Safari/537.36"
2021-01-25 13:18:17 info: 🚀 App listening on the port 3000
2021-01-25 13:18:28 info: ::1 - - [25/Jan/2021:07:48:28 +0000] "GET /api-docs/ HTTP/1.1" 304 - "-" "Mozilla/5.0 (Windows NT 10.0; Win64; x64) AppleWebKit/537.36 (KHTML, like Gecko) Chrome/87.0.4280.141 Safari/537.36"
2021-01-25 13:18:28 info: ::1 - - [25/Jan/2021:07:48:28 +0000] "GET /api-docs/swagger-ui-init.js HTTP/1.1" 304 - "-" "Mozilla/5.0 (Windows NT 10.0; Win64; x64) AppleWebKit/537.36 (KHTML, like Gecko) Chrome/87.0.4280.141 Safari/537.36"
2021-01-25 13:18:28 info: ::1 - - [25/Jan/2021:07:48:28 +0000] "GET /api-docs/swagger-ui-standalone-preset.js HTTP/1.1" 304 - "-" "Mozilla/5.0 (Windows NT 10.0; Win64; x64) AppleWebKit/537.36 (KHTML, like Gecko) Chrome/87.0.4280.141 Safari/537.36"
2021-01-25 13:18:28 info: ::1 - - [25/Jan/2021:07:48:28 +0000] "GET /api-docs/swagger-ui-bundle.js HTTP/1.1" 304 - "-" "Mozilla/5.0 (Windows NT 10.0; Win64; x64) AppleWebKit/537.36 (KHTML, like Gecko) Chrome/87.0.4280.141 Safari/537.36"
2021-01-25 13:18:28 info: ::1 - - [25/Jan/2021:07:48:28 +0000] "GET /api-docs/swagger-ui.css HTTP/1.1" 304 - "-" "Mozilla/5.0 (Windows NT 10.0; Win64; x64) AppleWebKit/537.36 (KHTML, like Gecko) Chrome/87.0.4280.141 Safari/537.36"
2021-01-25 13:18:30 info: ::1 - - [25/Jan/2021:07:48:30 +0000] "GET /api-docs/[object%20Module] HTTP/1.1" 304 - "-" "Mozilla/5.0 (Windows NT 10.0; Win64; x64) AppleWebKit/537.36 (KHTML, like Gecko) Chrome/87.0.4280.141 Safari/537.36"
2021-01-25 13:18:34 info: ::1 - - [25/Jan/2021:07:48:34 +0000] "GET /users HTTP/1.1" 200 460 "-" "Mozilla/5.0 (Windows NT 10.0; Win64; x64) AppleWebKit/537.36 (KHTML, like Gecko) Chrome/87.0.4280.141 Safari/537.36"
2021-01-25 13:44:16 info: 🚀 App listening on the port 3000
2021-01-25 13:44:24 info: ::1 - - [25/Jan/2021:08:14:24 +0000] "GET /api-docs/ HTTP/1.1" 304 - "-" "Mozilla/5.0 (Windows NT 10.0; Win64; x64) AppleWebKit/537.36 (KHTML, like Gecko) Chrome/87.0.4280.141 Safari/537.36"
2021-01-25 13:44:24 info: ::1 - - [25/Jan/2021:08:14:24 +0000] "GET /api-docs/swagger-ui.css HTTP/1.1" 304 - "-" "Mozilla/5.0 (Windows NT 10.0; Win64; x64) AppleWebKit/537.36 (KHTML, like Gecko) Chrome/87.0.4280.141 Safari/537.36"
2021-01-25 13:44:24 info: ::1 - - [25/Jan/2021:08:14:24 +0000] "GET /api-docs/swagger-ui-bundle.js HTTP/1.1" 304 - "-" "Mozilla/5.0 (Windows NT 10.0; Win64; x64) AppleWebKit/537.36 (KHTML, like Gecko) Chrome/87.0.4280.141 Safari/537.36"
2021-01-25 13:44:24 info: ::1 - - [25/Jan/2021:08:14:24 +0000] "GET /api-docs/swagger-ui-init.js HTTP/1.1" 304 - "-" "Mozilla/5.0 (Windows NT 10.0; Win64; x64) AppleWebKit/537.36 (KHTML, like Gecko) Chrome/87.0.4280.141 Safari/537.36"
2021-01-25 13:44:24 info: ::1 - - [25/Jan/2021:08:14:24 +0000] "GET /api-docs/swagger-ui-standalone-preset.js HTTP/1.1" 304 - "-" "Mozilla/5.0 (Windows NT 10.0; Win64; x64) AppleWebKit/537.36 (KHTML, like Gecko) Chrome/87.0.4280.141 Safari/537.36"
2021-01-25 13:44:29 info: ::1 - - [25/Jan/2021:08:14:29 +0000] "GET /api-docs/[object%20Module] HTTP/1.1" 304 - "-" "Mozilla/5.0 (Windows NT 10.0; Win64; x64) AppleWebKit/537.36 (KHTML, like Gecko) Chrome/87.0.4280.141 Safari/537.36"
2021-01-25 13:44:33 info: ::1 - - [25/Jan/2021:08:14:33 +0000] "GET /users HTTP/1.1" 304 - "-" "Mozilla/5.0 (Windows NT 10.0; Win64; x64) AppleWebKit/537.36 (KHTML, like Gecko) Chrome/87.0.4280.141 Safari/537.36"
2021-01-25 13:48:10 info: 🚀 App listening on the port 3000
2021-01-25 13:48:21 info: ::1 - - [25/Jan/2021:08:18:21 +0000] "GET /api-docs/ HTTP/1.1" 304 - "-" "Mozilla/5.0 (Windows NT 10.0; Win64; x64) AppleWebKit/537.36 (KHTML, like Gecko) Chrome/87.0.4280.141 Safari/537.36"
2021-01-25 13:48:21 info: ::1 - - [25/Jan/2021:08:18:21 +0000] "GET /api-docs/swagger-ui.css HTTP/1.1" 304 - "-" "Mozilla/5.0 (Windows NT 10.0; Win64; x64) AppleWebKit/537.36 (KHTML, like Gecko) Chrome/87.0.4280.141 Safari/537.36"
2021-01-25 13:48:21 info: ::1 - - [25/Jan/2021:08:18:21 +0000] "GET /api-docs/swagger-ui-bundle.js HTTP/1.1" 304 - "-" "Mozilla/5.0 (Windows NT 10.0; Win64; x64) AppleWebKit/537.36 (KHTML, like Gecko) Chrome/87.0.4280.141 Safari/537.36"
2021-01-25 13:48:21 info: ::1 - - [25/Jan/2021:08:18:21 +0000] "GET /api-docs/swagger-ui-init.js HTTP/1.1" 304 - "-" "Mozilla/5.0 (Windows NT 10.0; Win64; x64) AppleWebKit/537.36 (KHTML, like Gecko) Chrome/87.0.4280.141 Safari/537.36"
2021-01-25 13:48:21 info: ::1 - - [25/Jan/2021:08:18:21 +0000] "GET /api-docs/swagger-ui-standalone-preset.js HTTP/1.1" 304 - "-" "Mozilla/5.0 (Windows NT 10.0; Win64; x64) AppleWebKit/537.36 (KHTML, like Gecko) Chrome/87.0.4280.141 Safari/537.36"
2021-01-25 13:48:23 info: ::1 - - [25/Jan/2021:08:18:23 +0000] "GET /api-docs/[object%20Module] HTTP/1.1" 304 - "-" "Mozilla/5.0 (Windows NT 10.0; Win64; x64) AppleWebKit/537.36 (KHTML, like Gecko) Chrome/87.0.4280.141 Safari/537.36"
2021-01-25 13:48:27 info: ::1 - - [25/Jan/2021:08:18:27 +0000] "GET /users HTTP/1.1" 304 - "-" "Mozilla/5.0 (Windows NT 10.0; Win64; x64) AppleWebKit/537.36 (KHTML, like Gecko) Chrome/87.0.4280.141 Safari/537.36"
2021-01-25 14:47:36 info: 🚀 App listening on the port 3000
2021-01-25 14:47:46 info: ::1 - - [25/Jan/2021:09:17:46 +0000] "GET /api-docs/ HTTP/1.1" 304 - "-" "Mozilla/5.0 (Windows NT 10.0; Win64; x64) AppleWebKit/537.36 (KHTML, like Gecko) Chrome/87.0.4280.141 Safari/537.36"
2021-01-25 14:47:46 info: ::1 - - [25/Jan/2021:09:17:46 +0000] "GET /api-docs/swagger-ui.css HTTP/1.1" 304 - "-" "Mozilla/5.0 (Windows NT 10.0; Win64; x64) AppleWebKit/537.36 (KHTML, like Gecko) Chrome/87.0.4280.141 Safari/537.36"
2021-01-25 14:47:46 info: ::1 - - [25/Jan/2021:09:17:46 +0000] "GET /api-docs/swagger-ui-bundle.js HTTP/1.1" 304 - "-" "Mozilla/5.0 (Windows NT 10.0; Win64; x64) AppleWebKit/537.36 (KHTML, like Gecko) Chrome/87.0.4280.141 Safari/537.36"
2021-01-25 14:47:46 info: ::1 - - [25/Jan/2021:09:17:46 +0000] "GET /api-docs/swagger-ui-standalone-preset.js HTTP/1.1" 304 - "-" "Mozilla/5.0 (Windows NT 10.0; Win64; x64) AppleWebKit/537.36 (KHTML, like Gecko) Chrome/87.0.4280.141 Safari/537.36"
2021-01-25 14:47:46 info: ::1 - - [25/Jan/2021:09:17:46 +0000] "GET /api-docs/swagger-ui-init.js HTTP/1.1" 304 - "-" "Mozilla/5.0 (Windows NT 10.0; Win64; x64) AppleWebKit/537.36 (KHTML, like Gecko) Chrome/87.0.4280.141 Safari/537.36"
2021-01-25 14:47:52 info: ::1 - - [25/Jan/2021:09:17:52 +0000] "GET /api-docs/[object%20Module] HTTP/1.1" 304 - "-" "Mozilla/5.0 (Windows NT 10.0; Win64; x64) AppleWebKit/537.36 (KHTML, like Gecko) Chrome/87.0.4280.141 Safari/537.36"
2021-01-25 14:47:56 info: ::1 - - [25/Jan/2021:09:17:56 +0000] "GET /users HTTP/1.1" 304 - "-" "Mozilla/5.0 (Windows NT 10.0; Win64; x64) AppleWebKit/537.36 (KHTML, like Gecko) Chrome/87.0.4280.141 Safari/537.36"
2021-01-25 15:17:45 info: 🚀 App listening on the port 3000
2021-01-25 15:18:03 info: ::1 - - [25/Jan/2021:09:48:03 +0000] "GET /api-docs/ HTTP/1.1" 304 - "-" "Mozilla/5.0 (Windows NT 10.0; Win64; x64) AppleWebKit/537.36 (KHTML, like Gecko) Chrome/87.0.4280.141 Safari/537.36"
2021-01-25 15:18:03 info: ::1 - - [25/Jan/2021:09:48:03 +0000] "GET /api-docs/swagger-ui.css HTTP/1.1" 304 - "-" "Mozilla/5.0 (Windows NT 10.0; Win64; x64) AppleWebKit/537.36 (KHTML, like Gecko) Chrome/87.0.4280.141 Safari/537.36"
2021-01-25 15:18:03 info: ::1 - - [25/Jan/2021:09:48:03 +0000] "GET /api-docs/swagger-ui-bundle.js HTTP/1.1" 304 - "-" "Mozilla/5.0 (Windows NT 10.0; Win64; x64) AppleWebKit/537.36 (KHTML, like Gecko) Chrome/87.0.4280.141 Safari/537.36"
2021-01-25 15:18:03 info: ::1 - - [25/Jan/2021:09:48:03 +0000] "GET /api-docs/swagger-ui-init.js HTTP/1.1" 304 - "-" "Mozilla/5.0 (Windows NT 10.0; Win64; x64) AppleWebKit/537.36 (KHTML, like Gecko) Chrome/87.0.4280.141 Safari/537.36"
2021-01-25 15:18:03 info: ::1 - - [25/Jan/2021:09:48:03 +0000] "GET /api-docs/swagger-ui-standalone-preset.js HTTP/1.1" 304 - "-" "Mozilla/5.0 (Windows NT 10.0; Win64; x64) AppleWebKit/537.36 (KHTML, like Gecko) Chrome/87.0.4280.141 Safari/537.36"
2021-01-25 15:18:03 info: ::1 - - [25/Jan/2021:09:48:03 +0000] "GET /api-docs/swagger-ui-init.js HTTP/1.1" 304 - "-" "Mozilla/5.0 (Windows NT 10.0; Win64; x64) AppleWebKit/537.36 (KHTML, like Gecko) Chrome/87.0.4280.141 Safari/537.36"
2021-01-25 15:18:03 info: ::1 - - [25/Jan/2021:09:48:03 +0000] "GET /api-docs/swagger-ui-bundle.js HTTP/1.1" 304 - "-" "Mozilla/5.0 (Windows NT 10.0; Win64; x64) AppleWebKit/537.36 (KHTML, like Gecko) Chrome/87.0.4280.141 Safari/537.36"
2021-01-25 15:18:03 info: ::1 - - [25/Jan/2021:09:48:03 +0000] "GET /api-docs/swagger-ui-standalone-preset.js HTTP/1.1" 304 - "-" "Mozilla/5.0 (Windows NT 10.0; Win64; x64) AppleWebKit/537.36 (KHTML, like Gecko) Chrome/87.0.4280.141 Safari/537.36"
2021-01-25 15:18:05 info: ::1 - - [25/Jan/2021:09:48:05 +0000] "GET /api-docs/[object%20Module] HTTP/1.1" 304 - "-" "Mozilla/5.0 (Windows NT 10.0; Win64; x64) AppleWebKit/537.36 (KHTML, like Gecko) Chrome/87.0.4280.141 Safari/537.36"
2021-01-25 15:18:09 info: ::1 - - [25/Jan/2021:09:48:09 +0000] "GET /users HTTP/1.1" 304 - "-" "Mozilla/5.0 (Windows NT 10.0; Win64; x64) AppleWebKit/537.36 (KHTML, like Gecko) Chrome/87.0.4280.141 Safari/537.36"
2021-01-25 15:18:13 info: ::1 - - [25/Jan/2021:09:48:13 +0000] "GET /api-docs/[object%20Module] HTTP/1.1" 304 - "-" "Mozilla/5.0 (Windows NT 10.0; Win64; x64) AppleWebKit/537.36 (KHTML, like Gecko) Chrome/87.0.4280.141 Safari/537.36"
2021-01-25 15:18:30 error: StatusCode : 400, Message : email must be an email, username must be a string
2021-01-25 15:18:30 info: ::1 - - [25/Jan/2021:09:48:30 +0000] "POST /users HTTP/1.1" 400 63 "-" "Mozilla/5.0 (Windows NT 10.0; Win64; x64) AppleWebKit/537.36 (KHTML, like Gecko) Chrome/87.0.4280.141 Safari/537.36"
2021-01-25 15:19:01 error: StatusCode : 400, Message : username must be a string
2021-01-25 15:19:01 info: ::1 - - [25/Jan/2021:09:49:01 +0000] "POST /users HTTP/1.1" 400 39 "-" "Mozilla/5.0 (Windows NT 10.0; Win64; x64) AppleWebKit/537.36 (KHTML, like Gecko) Chrome/87.0.4280.141 Safari/537.36"
2021-01-25 15:19:39 info: ::1 - - [25/Jan/2021:09:49:39 +0000] "POST /users HTTP/1.1" 201 671 "-" "Mozilla/5.0 (Windows NT 10.0; Win64; x64) AppleWebKit/537.36 (KHTML, like Gecko) Chrome/87.0.4280.141 Safari/537.36"
2021-01-25 15:22:13 info: ::1 - - [25/Jan/2021:09:52:13 +0000] "GET /api-docs/ HTTP/1.1" 304 - "-" "Mozilla/5.0 (Windows NT 10.0; Win64; x64) AppleWebKit/537.36 (KHTML, like Gecko) Chrome/87.0.4280.141 Safari/537.36"
2021-01-25 15:22:13 info: ::1 - - [25/Jan/2021:09:52:13 +0000] "GET /api-docs/swagger-ui.css HTTP/1.1" 304 - "-" "Mozilla/5.0 (Windows NT 10.0; Win64; x64) AppleWebKit/537.36 (KHTML, like Gecko) Chrome/87.0.4280.141 Safari/537.36"
2021-01-25 15:22:13 info: ::1 - - [25/Jan/2021:09:52:13 +0000] "GET /api-docs/swagger-ui-init.js HTTP/1.1" 304 - "-" "Mozilla/5.0 (Windows NT 10.0; Win64; x64) AppleWebKit/537.36 (KHTML, like Gecko) Chrome/87.0.4280.141 Safari/537.36"
2021-01-25 15:22:13 info: ::1 - - [25/Jan/2021:09:52:13 +0000] "GET /api-docs/swagger-ui-bundle.js HTTP/1.1" 304 - "-" "Mozilla/5.0 (Windows NT 10.0; Win64; x64) AppleWebKit/537.36 (KHTML, like Gecko) Chrome/87.0.4280.141 Safari/537.36"
2021-01-25 15:22:13 info: ::1 - - [25/Jan/2021:09:52:13 +0000] "GET /api-docs/swagger-ui-standalone-preset.js HTTP/1.1" 304 - "-" "Mozilla/5.0 (Windows NT 10.0; Win64; x64) AppleWebKit/537.36 (KHTML, like Gecko) Chrome/87.0.4280.141 Safari/537.36"
2021-01-25 15:22:15 info: ::1 - - [25/Jan/2021:09:52:15 +0000] "GET /api-docs/[object%20Module] HTTP/1.1" 304 - "-" "Mozilla/5.0 (Windows NT 10.0; Win64; x64) AppleWebKit/537.36 (KHTML, like Gecko) Chrome/87.0.4280.141 Safari/537.36"
2021-01-25 15:22:21 error: StatusCode : 400, Message : email must be an email, username must be a string
2021-01-25 15:22:21 info: ::1 - - [25/Jan/2021:09:52:21 +0000] "POST /users HTTP/1.1" 400 63 "-" "Mozilla/5.0 (Windows NT 10.0; Win64; x64) AppleWebKit/537.36 (KHTML, like Gecko) Chrome/87.0.4280.141 Safari/537.36"
2021-01-25 15:22:39 error: StatusCode : 400, Message : email must be an email
2021-01-25 15:22:39 info: ::1 - - [25/Jan/2021:09:52:39 +0000] "POST /users HTTP/1.1" 400 36 "-" "Mozilla/5.0 (Windows NT 10.0; Win64; x64) AppleWebKit/537.36 (KHTML, like Gecko) Chrome/87.0.4280.141 Safari/537.36"
2021-01-25 15:22:57 error: StatusCode : 400, Message : email must be an email
2021-01-25 15:22:57 info: ::1 - - [25/Jan/2021:09:52:57 +0000] "POST /users HTTP/1.1" 400 36 "-" "Mozilla/5.0 (Windows NT 10.0; Win64; x64) AppleWebKit/537.36 (KHTML, like Gecko) Chrome/87.0.4280.141 Safari/537.36"
2021-01-25 15:25:38 info: ::1 - - [25/Jan/2021:09:55:38 +0000] "POST /users HTTP/1.1" 201 671 "-" "Mozilla/5.0 (Windows NT 10.0; Win64; x64) AppleWebKit/537.36 (KHTML, like Gecko) Chrome/87.0.4280.141 Safari/537.36"
2021-01-25 15:26:52 info: ::1 - - [25/Jan/2021:09:56:52 +0000] "POST /users HTTP/1.1" 201 671 "-" "Mozilla/5.0 (Windows NT 10.0; Win64; x64) AppleWebKit/537.36 (KHTML, like Gecko) Chrome/87.0.4280.141 Safari/537.36"
2021-01-25 15:27:25 info: ::1 - - [25/Jan/2021:09:57:25 +0000] "GET /users HTTP/1.1" 200 671 "-" "Mozilla/5.0 (Windows NT 10.0; Win64; x64) AppleWebKit/537.36 (KHTML, like Gecko) Chrome/87.0.4280.141 Safari/537.36"
2021-01-25 15:39:39 info: 🚀 App listening on the port 3000
2021-01-25 15:39:47 info: ::1 - - [25/Jan/2021:10:09:47 +0000] "GET /api-docs/ HTTP/1.1" 304 - "-" "Mozilla/5.0 (Windows NT 10.0; Win64; x64) AppleWebKit/537.36 (KHTML, like Gecko) Chrome/87.0.4280.141 Safari/537.36"
2021-01-25 15:39:47 info: ::1 - - [25/Jan/2021:10:09:47 +0000] "GET /api-docs/swagger-ui.css HTTP/1.1" 304 - "-" "Mozilla/5.0 (Windows NT 10.0; Win64; x64) AppleWebKit/537.36 (KHTML, like Gecko) Chrome/87.0.4280.141 Safari/537.36"
2021-01-25 15:39:47 info: ::1 - - [25/Jan/2021:10:09:47 +0000] "GET /api-docs/swagger-ui-standalone-preset.js HTTP/1.1" 304 - "-" "Mozilla/5.0 (Windows NT 10.0; Win64; x64) AppleWebKit/537.36 (KHTML, like Gecko) Chrome/87.0.4280.141 Safari/537.36"
2021-01-25 15:39:47 info: ::1 - - [25/Jan/2021:10:09:47 +0000] "GET /api-docs/swagger-ui-init.js HTTP/1.1" 304 - "-" "Mozilla/5.0 (Windows NT 10.0; Win64; x64) AppleWebKit/537.36 (KHTML, like Gecko) Chrome/87.0.4280.141 Safari/537.36"
2021-01-25 15:39:47 info: ::1 - - [25/Jan/2021:10:09:47 +0000] "GET /api-docs/swagger-ui-bundle.js HTTP/1.1" 304 - "-" "Mozilla/5.0 (Windows NT 10.0; Win64; x64) AppleWebKit/537.36 (KHTML, like Gecko) Chrome/87.0.4280.141 Safari/537.36"
2021-01-25 15:39:50 info: ::1 - - [25/Jan/2021:10:09:50 +0000] "GET /apidocs HTTP/1.1" 404 146 "-" "Mozilla/5.0 (Windows NT 10.0; Win64; x64) AppleWebKit/537.36 (KHTML, like Gecko) Chrome/87.0.4280.141 Safari/537.36"
2021-01-25 15:40:07 info: ::1 - - [25/Jan/2021:10:10:07 +0000] "GET /api-docs/[object%20Module] HTTP/1.1" 304 - "-" "Mozilla/5.0 (Windows NT 10.0; Win64; x64) AppleWebKit/537.36 (KHTML, like Gecko) Chrome/87.0.4280.141 Safari/537.36"
2021-01-25 15:40:11 info: ::1 - - [25/Jan/2021:10:10:11 +0000] "GET /users HTTP/1.1" 304 - "-" "Mozilla/5.0 (Windows NT 10.0; Win64; x64) AppleWebKit/537.36 (KHTML, like Gecko) Chrome/87.0.4280.141 Safari/537.36"
2021-01-25 15:40:41 info: ::1 - - [25/Jan/2021:10:10:41 +0000] "GET /api-docs/[object%20Module] HTTP/1.1" 304 - "-" "Mozilla/5.0 (Windows NT 10.0; Win64; x64) AppleWebKit/537.36 (KHTML, like Gecko) Chrome/87.0.4280.141 Safari/537.36"
2021-01-25 15:40:49 error: StatusCode : 400, Message : email must be an email, username must be a string
2021-01-25 15:40:49 info: ::1 - - [25/Jan/2021:10:10:49 +0000] "POST /users HTTP/1.1" 400 63 "-" "Mozilla/5.0 (Windows NT 10.0; Win64; x64) AppleWebKit/537.36 (KHTML, like Gecko) Chrome/87.0.4280.141 Safari/537.36"
2021-01-25 15:51:08 info: 🚀 App listening on the port 3000
2021-01-25 15:51:08 info: ::1 - - [25/Jan/2021:10:21:08 +0000] "GET /api-docs/ HTTP/1.1" 304 - "-" "Mozilla/5.0 (Windows NT 10.0; Win64; x64) AppleWebKit/537.36 (KHTML, like Gecko) Chrome/87.0.4280.141 Safari/537.36"
2021-01-25 15:51:08 info: ::1 - - [25/Jan/2021:10:21:08 +0000] "GET /api-docs/swagger-ui.css HTTP/1.1" 304 - "-" "Mozilla/5.0 (Windows NT 10.0; Win64; x64) AppleWebKit/537.36 (KHTML, like Gecko) Chrome/87.0.4280.141 Safari/537.36"
2021-01-25 15:51:08 info: ::ffff:127.0.0.1 - - [25/Jan/2021:10:21:08 +0000] "GET /api-docs/swagger-ui-bundle.js HTTP/1.1" 304 - "-" "Mozilla/5.0 (Windows NT 10.0; Win64; x64) AppleWebKit/537.36 (KHTML, like Gecko) Chrome/87.0.4280.141 Safari/537.36"
2021-01-25 15:51:08 info: ::ffff:127.0.0.1 - - [25/Jan/2021:10:21:08 +0000] "GET /api-docs/swagger-ui-standalone-preset.js HTTP/1.1" 304 - "-" "Mozilla/5.0 (Windows NT 10.0; Win64; x64) AppleWebKit/537.36 (KHTML, like Gecko) Chrome/87.0.4280.141 Safari/537.36"
2021-01-25 15:51:08 info: ::ffff:127.0.0.1 - - [25/Jan/2021:10:21:08 +0000] "GET /api-docs/swagger-ui-init.js HTTP/1.1" 200 - "-" "Mozilla/5.0 (Windows NT 10.0; Win64; x64) AppleWebKit/537.36 (KHTML, like Gecko) Chrome/87.0.4280.141 Safari/537.36"
2021-01-25 15:51:17 info: ::1 - - [25/Jan/2021:10:21:17 +0000] "GET /api-docs/[object%20Module] HTTP/1.1" 304 - "-" "Mozilla/5.0 (Windows NT 10.0; Win64; x64) AppleWebKit/537.36 (KHTML, like Gecko) Chrome/87.0.4280.141 Safari/537.36"
2021-01-25 15:51:24 error: StatusCode : 400, Message : email must be an email
2021-01-25 15:51:24 info: ::1 - - [25/Jan/2021:10:21:24 +0000] "POST /users HTTP/1.1" 400 36 "-" "Mozilla/5.0 (Windows NT 10.0; Win64; x64) AppleWebKit/537.36 (KHTML, like Gecko) Chrome/87.0.4280.141 Safari/537.36"
2021-01-25 15:51:39 error: StatusCode : 400, Message : email must be an email
2021-01-25 15:51:39 info: ::1 - - [25/Jan/2021:10:21:39 +0000] "POST /users HTTP/1.1" 400 36 "-" "Mozilla/5.0 (Windows NT 10.0; Win64; x64) AppleWebKit/537.36 (KHTML, like Gecko) Chrome/87.0.4280.141 Safari/537.36"
2021-01-25 15:51:47 error: StatusCode : 500, Message : Cannot read property 'find' of undefined
2021-01-25 15:51:47 info: ::1 - - [25/Jan/2021:10:21:47 +0000] "POST /users HTTP/1.1" 500 54 "-" "Mozilla/5.0 (Windows NT 10.0; Win64; x64) AppleWebKit/537.36 (KHTML, like Gecko) Chrome/87.0.4280.141 Safari/537.36"
2021-01-25 15:52:19 error: StatusCode : 500, Message : Cannot read property 'find' of undefined
2021-01-25 15:52:19 info: ::1 - - [25/Jan/2021:10:22:19 +0000] "POST /users HTTP/1.1" 500 54 "-" "Mozilla/5.0 (Windows NT 10.0; Win64; x64) AppleWebKit/537.36 (KHTML, like Gecko) Chrome/87.0.4280.141 Safari/537.36"
2021-01-25 15:52:58 error: StatusCode : 500, Message : Cannot read property 'find' of undefined
2021-01-25 15:52:58 info: ::1 - - [25/Jan/2021:10:22:58 +0000] "POST /users HTTP/1.1" 500 54 "-" "Mozilla/5.0 (Windows NT 10.0; Win64; x64) AppleWebKit/537.36 (KHTML, like Gecko) Chrome/87.0.4280.141 Safari/537.36"
2021-01-25 16:06:17 info: 🚀 App listening on the port 3000
2021-01-25 16:06:29 info: ::1 - - [25/Jan/2021:10:36:29 +0000] "GET /api-docs/ HTTP/1.1" 304 - "-" "Mozilla/5.0 (Windows NT 10.0; Win64; x64) AppleWebKit/537.36 (KHTML, like Gecko) Chrome/87.0.4280.141 Safari/537.36"
2021-01-25 16:06:29 info: ::1 - - [25/Jan/2021:10:36:29 +0000] "GET /api-docs/swagger-ui.css HTTP/1.1" 304 - "-" "Mozilla/5.0 (Windows NT 10.0; Win64; x64) AppleWebKit/537.36 (KHTML, like Gecko) Chrome/87.0.4280.141 Safari/537.36"
2021-01-25 16:06:29 info: ::1 - - [25/Jan/2021:10:36:29 +0000] "GET /api-docs/swagger-ui-bundle.js HTTP/1.1" 304 - "-" "Mozilla/5.0 (Windows NT 10.0; Win64; x64) AppleWebKit/537.36 (KHTML, like Gecko) Chrome/87.0.4280.141 Safari/537.36"
2021-01-25 16:06:29 info: ::1 - - [25/Jan/2021:10:36:29 +0000] "GET /api-docs/swagger-ui-standalone-preset.js HTTP/1.1" 304 - "-" "Mozilla/5.0 (Windows NT 10.0; Win64; x64) AppleWebKit/537.36 (KHTML, like Gecko) Chrome/87.0.4280.141 Safari/537.36"
2021-01-25 16:06:29 info: ::1 - - [25/Jan/2021:10:36:29 +0000] "GET /api-docs/swagger-ui-init.js HTTP/1.1" 200 - "-" "Mozilla/5.0 (Windows NT 10.0; Win64; x64) AppleWebKit/537.36 (KHTML, like Gecko) Chrome/87.0.4280.141 Safari/537.36"
2021-01-25 16:06:40 info: ::1 - - [25/Jan/2021:10:36:40 +0000] "GET /api-docs/[object%20Module] HTTP/1.1" 304 - "-" "Mozilla/5.0 (Windows NT 10.0; Win64; x64) AppleWebKit/537.36 (KHTML, like Gecko) Chrome/87.0.4280.141 Safari/537.36"
2021-01-25 16:06:47 info: ::1 - - [25/Jan/2021:10:36:47 +0000] "GET /users HTTP/1.1" 304 - "-" "Mozilla/5.0 (Windows NT 10.0; Win64; x64) AppleWebKit/537.36 (KHTML, like Gecko) Chrome/87.0.4280.141 Safari/537.36"
2021-01-25 16:06:54 info: ::1 - - [25/Jan/2021:10:36:54 +0000] "GET /api-docs/[object%20Module] HTTP/1.1" 304 - "-" "Mozilla/5.0 (Windows NT 10.0; Win64; x64) AppleWebKit/537.36 (KHTML, like Gecko) Chrome/87.0.4280.141 Safari/537.36"
2021-01-25 16:08:19 info: ::1 - - [25/Jan/2021:10:38:19 +0000] "POST /users HTTP/1.1" 201 21 "-" "Mozilla/5.0 (Windows NT 10.0; Win64; x64) AppleWebKit/537.36 (KHTML, like Gecko) Chrome/87.0.4280.141 Safari/537.36"
2021-01-25 16:09:34 info: ::1 - - [25/Jan/2021:10:39:34 +0000] "GET /users HTTP/1.1" 200 671 "-" "Mozilla/5.0 (Windows NT 10.0; Win64; x64) AppleWebKit/537.36 (KHTML, like Gecko) Chrome/87.0.4280.141 Safari/537.36"
2021-01-25 16:12:24 info: ::1 - - [25/Jan/2021:10:42:24 +0000] "POST /users HTTP/1.1" 201 21 "-" "Mozilla/5.0 (Windows NT 10.0; Win64; x64) AppleWebKit/537.36 (KHTML, like Gecko) Chrome/87.0.4280.141 Safari/537.36"
2021-01-25 16:13:52 info: ::1 - - [25/Jan/2021:10:43:52 +0000] "GET /users HTTP/1.1" 200 671 "-" "Mozilla/5.0 (Windows NT 10.0; Win64; x64) AppleWebKit/537.36 (KHTML, like Gecko) Chrome/87.0.4280.141 Safari/537.36"
2021-01-25 16:15:23 info: 🚀 App listening on the port 3000
2021-01-25 16:15:29 info: ::1 - - [25/Jan/2021:10:45:29 +0000] "GET /api-docs/ HTTP/1.1" 304 - "-" "Mozilla/5.0 (Windows NT 10.0; Win64; x64) AppleWebKit/537.36 (KHTML, like Gecko) Chrome/87.0.4280.141 Safari/537.36"
2021-01-25 16:15:29 info: ::1 - - [25/Jan/2021:10:45:29 +0000] "GET /api-docs/swagger-ui.css HTTP/1.1" 304 - "-" "Mozilla/5.0 (Windows NT 10.0; Win64; x64) AppleWebKit/537.36 (KHTML, like Gecko) Chrome/87.0.4280.141 Safari/537.36"
2021-01-25 16:15:29 info: ::1 - - [25/Jan/2021:10:45:29 +0000] "GET /api-docs/swagger-ui-bundle.js HTTP/1.1" 304 - "-" "Mozilla/5.0 (Windows NT 10.0; Win64; x64) AppleWebKit/537.36 (KHTML, like Gecko) Chrome/87.0.4280.141 Safari/537.36"
2021-01-25 16:15:29 info: ::1 - - [25/Jan/2021:10:45:29 +0000] "GET /api-docs/swagger-ui-init.js HTTP/1.1" 304 - "-" "Mozilla/5.0 (Windows NT 10.0; Win64; x64) AppleWebKit/537.36 (KHTML, like Gecko) Chrome/87.0.4280.141 Safari/537.36"
2021-01-25 16:15:29 info: ::1 - - [25/Jan/2021:10:45:29 +0000] "GET /api-docs/swagger-ui-standalone-preset.js HTTP/1.1" 304 - "-" "Mozilla/5.0 (Windows NT 10.0; Win64; x64) AppleWebKit/537.36 (KHTML, like Gecko) Chrome/87.0.4280.141 Safari/537.36"
2021-01-25 16:15:35 info: ::1 - - [25/Jan/2021:10:45:35 +0000] "GET /api-docs/[object%20Module] HTTP/1.1" 304 - "-" "Mozilla/5.0 (Windows NT 10.0; Win64; x64) AppleWebKit/537.36 (KHTML, like Gecko) Chrome/87.0.4280.141 Safari/537.36"
2021-01-25 16:15:38 info: ::1 - - [25/Jan/2021:10:45:38 +0000] "GET /api-docs/[object%20Module] HTTP/1.1" 304 - "-" "Mozilla/5.0 (Windows NT 10.0; Win64; x64) AppleWebKit/537.36 (KHTML, like Gecko) Chrome/87.0.4280.141 Safari/537.36"
2021-01-25 16:16:10 info: ::1 - - [25/Jan/2021:10:46:10 +0000] "GET /api-docs/ HTTP/1.1" 304 - "-" "Mozilla/5.0 (Windows NT 10.0; Win64; x64) AppleWebKit/537.36 (KHTML, like Gecko) Chrome/87.0.4280.141 Safari/537.36"
2021-01-25 16:16:10 info: ::1 - - [25/Jan/2021:10:46:10 +0000] "GET /api-docs/swagger-ui-init.js HTTP/1.1" 304 - "-" "Mozilla/5.0 (Windows NT 10.0; Win64; x64) AppleWebKit/537.36 (KHTML, like Gecko) Chrome/87.0.4280.141 Safari/537.36"
2021-01-25 16:16:10 info: ::1 - - [25/Jan/2021:10:46:10 +0000] "GET /api-docs/swagger-ui.css HTTP/1.1" 304 - "-" "Mozilla/5.0 (Windows NT 10.0; Win64; x64) AppleWebKit/537.36 (KHTML, like Gecko) Chrome/87.0.4280.141 Safari/537.36"
2021-01-25 16:16:10 info: ::1 - - [25/Jan/2021:10:46:10 +0000] "GET /api-docs/swagger-ui-bundle.js HTTP/1.1" 304 - "-" "Mozilla/5.0 (Windows NT 10.0; Win64; x64) AppleWebKit/537.36 (KHTML, like Gecko) Chrome/87.0.4280.141 Safari/537.36"
2021-01-25 16:16:10 info: ::1 - - [25/Jan/2021:10:46:10 +0000] "GET /api-docs/swagger-ui-standalone-preset.js HTTP/1.1" 304 - "-" "Mozilla/5.0 (Windows NT 10.0; Win64; x64) AppleWebKit/537.36 (KHTML, like Gecko) Chrome/87.0.4280.141 Safari/537.36"
2021-01-25 16:16:11 info: ::1 - - [25/Jan/2021:10:46:11 +0000] "GET /api-docs/[object%20Module] HTTP/1.1" 304 - "-" "Mozilla/5.0 (Windows NT 10.0; Win64; x64) AppleWebKit/537.36 (KHTML, like Gecko) Chrome/87.0.4280.141 Safari/537.36"
2021-01-25 16:16:11 info: ::1 - - [25/Jan/2021:10:46:11 +0000] "GET /api-docs/favicon-32x32.png HTTP/1.1" 304 - "-" "Mozilla/5.0 (Windows NT 10.0; Win64; x64) AppleWebKit/537.36 (KHTML, like Gecko) Chrome/87.0.4280.141 Safari/537.36"
2021-01-25 16:16:31 info: 🚀 App listening on the port 3000
2021-01-25 16:16:33 info: ::ffff:127.0.0.1 - - [25/Jan/2021:10:46:33 +0000] "GET /api-docs/ HTTP/1.1" 304 - "-" "Mozilla/5.0 (Windows NT 10.0; Win64; x64) AppleWebKit/537.36 (KHTML, like Gecko) Chrome/87.0.4280.141 Safari/537.36"
2021-01-25 16:16:33 info: ::ffff:127.0.0.1 - - [25/Jan/2021:10:46:33 +0000] "GET /api-docs/swagger-ui.css HTTP/1.1" 304 - "-" "Mozilla/5.0 (Windows NT 10.0; Win64; x64) AppleWebKit/537.36 (KHTML, like Gecko) Chrome/87.0.4280.141 Safari/537.36"
2021-01-25 16:16:33 info: ::ffff:127.0.0.1 - - [25/Jan/2021:10:46:33 +0000] "GET /api-docs/swagger-ui-bundle.js HTTP/1.1" 304 - "-" "Mozilla/5.0 (Windows NT 10.0; Win64; x64) AppleWebKit/537.36 (KHTML, like Gecko) Chrome/87.0.4280.141 Safari/537.36"
2021-01-25 16:16:33 info: ::1 - - [25/Jan/2021:10:46:33 +0000] "GET /api-docs/swagger-ui-init.js HTTP/1.1" 304 - "-" "Mozilla/5.0 (Windows NT 10.0; Win64; x64) AppleWebKit/537.36 (KHTML, like Gecko) Chrome/87.0.4280.141 Safari/537.36"
2021-01-25 16:16:33 info: ::1 - - [25/Jan/2021:10:46:33 +0000] "GET /api-docs/swagger-ui-standalone-preset.js HTTP/1.1" 304 - "-" "Mozilla/5.0 (Windows NT 10.0; Win64; x64) AppleWebKit/537.36 (KHTML, like Gecko) Chrome/87.0.4280.141 Safari/537.36"
2021-01-25 16:16:35 info: ::1 - - [25/Jan/2021:10:46:35 +0000] "GET /api-docs/[object%20Module] HTTP/1.1" 304 - "-" "Mozilla/5.0 (Windows NT 10.0; Win64; x64) AppleWebKit/537.36 (KHTML, like Gecko) Chrome/87.0.4280.141 Safari/537.36"
2021-01-25 16:17:33 info: ::1 - - [25/Jan/2021:10:47:33 +0000] "POST /users HTTP/1.1" 201 20 "-" "Mozilla/5.0 (Windows NT 10.0; Win64; x64) AppleWebKit/537.36 (KHTML, like Gecko) Chrome/87.0.4280.141 Safari/537.36"
2021-01-25 16:17:38 info: ::1 - - [25/Jan/2021:10:47:38 +0000] "GET /api-docs/[object%20Module] HTTP/1.1" 304 - "-" "Mozilla/5.0 (Windows NT 10.0; Win64; x64) AppleWebKit/537.36 (KHTML, like Gecko) Chrome/87.0.4280.141 Safari/537.36"
2021-01-25 16:17:44 info: ::1 - - [25/Jan/2021:10:47:44 +0000] "GET /users HTTP/1.1" 200 671 "-" "Mozilla/5.0 (Windows NT 10.0; Win64; x64) AppleWebKit/537.36 (KHTML, like Gecko) Chrome/87.0.4280.141 Safari/537.36"
2021-01-25 16:18:50 info: ::1 - - [25/Jan/2021:10:48:50 +0000] "GET /users HTTP/1.1" 304 - "-" "Mozilla/5.0 (Windows NT 10.0; Win64; x64) AppleWebKit/537.36 (KHTML, like Gecko) Chrome/87.0.4280.141 Safari/537.36"
2021-01-25 16:29:57 info: 🚀 App listening on the port 3000
2021-01-25 16:30:09 info: ::1 - - [25/Jan/2021:11:00:09 +0000] "GET /api-docs/ HTTP/1.1" 304 - "-" "Mozilla/5.0 (Windows NT 10.0; Win64; x64) AppleWebKit/537.36 (KHTML, like Gecko) Chrome/87.0.4280.141 Safari/537.36"
2021-01-25 16:30:10 info: ::1 - - [25/Jan/2021:11:00:10 +0000] "GET /api-docs/swagger-ui.css HTTP/1.1" 304 - "-" "Mozilla/5.0 (Windows NT 10.0; Win64; x64) AppleWebKit/537.36 (KHTML, like Gecko) Chrome/87.0.4280.141 Safari/537.36"
2021-01-25 16:30:10 info: ::1 - - [25/Jan/2021:11:00:10 +0000] "GET /api-docs/swagger-ui-bundle.js HTTP/1.1" 304 - "-" "Mozilla/5.0 (Windows NT 10.0; Win64; x64) AppleWebKit/537.36 (KHTML, like Gecko) Chrome/87.0.4280.141 Safari/537.36"
2021-01-25 16:30:10 info: ::1 - - [25/Jan/2021:11:00:10 +0000] "GET /api-docs/swagger-ui-standalone-preset.js HTTP/1.1" 304 - "-" "Mozilla/5.0 (Windows NT 10.0; Win64; x64) AppleWebKit/537.36 (KHTML, like Gecko) Chrome/87.0.4280.141 Safari/537.36"
2021-01-25 16:30:10 info: ::1 - - [25/Jan/2021:11:00:10 +0000] "GET /api-docs/swagger-ui-init.js HTTP/1.1" 304 - "-" "Mozilla/5.0 (Windows NT 10.0; Win64; x64) AppleWebKit/537.36 (KHTML, like Gecko) Chrome/87.0.4280.141 Safari/537.36"
2021-01-25 16:30:15 info: ::1 - - [25/Jan/2021:11:00:15 +0000] "GET /api-docs/[object%20Module] HTTP/1.1" 304 - "-" "Mozilla/5.0 (Windows NT 10.0; Win64; x64) AppleWebKit/537.36 (KHTML, like Gecko) Chrome/87.0.4280.141 Safari/537.36"
2021-01-25 16:30:20 info: ::1 - - [25/Jan/2021:11:00:20 +0000] "GET /users HTTP/1.1" 304 - "-" "Mozilla/5.0 (Windows NT 10.0; Win64; x64) AppleWebKit/537.36 (KHTML, like Gecko) Chrome/87.0.4280.141 Safari/537.36"
2021-01-25 16:30:26 info: ::1 - - [25/Jan/2021:11:00:26 +0000] "GET /api-docs/[object%20Module] HTTP/1.1" 304 - "-" "Mozilla/5.0 (Windows NT 10.0; Win64; x64) AppleWebKit/537.36 (KHTML, like Gecko) Chrome/87.0.4280.141 Safari/537.36"
2021-01-25 16:31:00 info: ::1 - - [25/Jan/2021:11:01:00 +0000] "POST /users HTTP/1.1" 201 20 "-" "Mozilla/5.0 (Windows NT 10.0; Win64; x64) AppleWebKit/537.36 (KHTML, like Gecko) Chrome/87.0.4280.141 Safari/537.36"
2021-01-25 16:31:10 info: ::1 - - [25/Jan/2021:11:01:10 +0000] "GET /users HTTP/1.1" 200 671 "-" "Mozilla/5.0 (Windows NT 10.0; Win64; x64) AppleWebKit/537.36 (KHTML, like Gecko) Chrome/87.0.4280.141 Safari/537.36"
2021-01-25 16:32:13 info: 🚀 App listening on the port 3000
2021-01-25 16:32:31 info: ::1 - - [25/Jan/2021:11:02:31 +0000] "GET /api-docs/ HTTP/1.1" 304 - "-" "Mozilla/5.0 (Windows NT 10.0; Win64; x64) AppleWebKit/537.36 (KHTML, like Gecko) Chrome/87.0.4280.141 Safari/537.36"
2021-01-25 16:32:31 info: ::1 - - [25/Jan/2021:11:02:31 +0000] "GET /api-docs/swagger-ui.css HTTP/1.1" 304 - "-" "Mozilla/5.0 (Windows NT 10.0; Win64; x64) AppleWebKit/537.36 (KHTML, like Gecko) Chrome/87.0.4280.141 Safari/537.36"
2021-01-25 16:32:31 info: ::1 - - [25/Jan/2021:11:02:31 +0000] "GET /api-docs/swagger-ui-bundle.js HTTP/1.1" 304 - "-" "Mozilla/5.0 (Windows NT 10.0; Win64; x64) AppleWebKit/537.36 (KHTML, like Gecko) Chrome/87.0.4280.141 Safari/537.36"
2021-01-25 16:32:31 info: ::1 - - [25/Jan/2021:11:02:31 +0000] "GET /api-docs/swagger-ui-init.js HTTP/1.1" 304 - "-" "Mozilla/5.0 (Windows NT 10.0; Win64; x64) AppleWebKit/537.36 (KHTML, like Gecko) Chrome/87.0.4280.141 Safari/537.36"
2021-01-25 16:32:31 info: ::1 - - [25/Jan/2021:11:02:31 +0000] "GET /api-docs/swagger-ui-standalone-preset.js HTTP/1.1" 304 - "-" "Mozilla/5.0 (Windows NT 10.0; Win64; x64) AppleWebKit/537.36 (KHTML, like Gecko) Chrome/87.0.4280.141 Safari/537.36"
2021-01-25 16:32:33 info: ::1 - - [25/Jan/2021:11:02:33 +0000] "GET /api-docs/[object%20Module] HTTP/1.1" 304 - "-" "Mozilla/5.0 (Windows NT 10.0; Win64; x64) AppleWebKit/537.36 (KHTML, like Gecko) Chrome/87.0.4280.141 Safari/537.36"
2021-01-25 16:32:49 error: StatusCode : 400, Message : email must be an email
2021-01-25 16:32:49 info: ::1 - - [25/Jan/2021:11:02:49 +0000] "POST /users HTTP/1.1" 400 36 "-" "Mozilla/5.0 (Windows NT 10.0; Win64; x64) AppleWebKit/537.36 (KHTML, like Gecko) Chrome/87.0.4280.141 Safari/537.36"
2021-01-25 16:32:59 info: ::1 - - [25/Jan/2021:11:02:59 +0000] "POST /users HTTP/1.1" 201 20 "-" "Mozilla/5.0 (Windows NT 10.0; Win64; x64) AppleWebKit/537.36 (KHTML, like Gecko) Chrome/87.0.4280.141 Safari/537.36"
2021-01-25 16:33:08 info: ::1 - - [25/Jan/2021:11:03:08 +0000] "GET /api-docs/[object%20Module] HTTP/1.1" 304 - "-" "Mozilla/5.0 (Windows NT 10.0; Win64; x64) AppleWebKit/537.36 (KHTML, like Gecko) Chrome/87.0.4280.141 Safari/537.36"
2021-01-25 16:33:12 info: ::1 - - [25/Jan/2021:11:03:12 +0000] "GET /users HTTP/1.1" 200 785 "-" "Mozilla/5.0 (Windows NT 10.0; Win64; x64) AppleWebKit/537.36 (KHTML, like Gecko) Chrome/87.0.4280.141 Safari/537.36"
2021-01-25 16:53:06 info: ::1 - - [25/Jan/2021:11:23:06 +0000] "GET /api-docs/ HTTP/1.1" 304 - "-" "Mozilla/5.0 (Windows NT 10.0; Win64; x64) AppleWebKit/537.36 (KHTML, like Gecko) Chrome/87.0.4280.141 Safari/537.36"
2021-01-25 16:53:06 info: ::1 - - [25/Jan/2021:11:23:06 +0000] "GET /api-docs/swagger-ui.css HTTP/1.1" 304 - "-" "Mozilla/5.0 (Windows NT 10.0; Win64; x64) AppleWebKit/537.36 (KHTML, like Gecko) Chrome/87.0.4280.141 Safari/537.36"
2021-01-25 16:53:06 info: ::1 - - [25/Jan/2021:11:23:06 +0000] "GET /api-docs/swagger-ui-init.js HTTP/1.1" 304 - "-" "Mozilla/5.0 (Windows NT 10.0; Win64; x64) AppleWebKit/537.36 (KHTML, like Gecko) Chrome/87.0.4280.141 Safari/537.36"
2021-01-25 16:53:06 info: ::1 - - [25/Jan/2021:11:23:06 +0000] "GET /api-docs/swagger-ui-bundle.js HTTP/1.1" 304 - "-" "Mozilla/5.0 (Windows NT 10.0; Win64; x64) AppleWebKit/537.36 (KHTML, like Gecko) Chrome/87.0.4280.141 Safari/537.36"
2021-01-25 16:53:06 info: ::1 - - [25/Jan/2021:11:23:06 +0000] "GET /api-docs/swagger-ui-standalone-preset.js HTTP/1.1" 304 - "-" "Mozilla/5.0 (Windows NT 10.0; Win64; x64) AppleWebKit/537.36 (KHTML, like Gecko) Chrome/87.0.4280.141 Safari/537.36"
2021-01-25 16:53:12 info: ::1 - - [25/Jan/2021:11:23:12 +0000] "GET /api-docs/[object%20Module] HTTP/1.1" 304 - "-" "Mozilla/5.0 (Windows NT 10.0; Win64; x64) AppleWebKit/537.36 (KHTML, like Gecko) Chrome/87.0.4280.141 Safari/537.36"
2021-01-25 16:53:21 info: ::1 - - [25/Jan/2021:11:23:21 +0000] "GET /users HTTP/1.1" 304 - "-" "Mozilla/5.0 (Windows NT 10.0; Win64; x64) AppleWebKit/537.36 (KHTML, like Gecko) Chrome/87.0.4280.141 Safari/537.36"
2021-01-25 17:01:33 info: ::1 - - [25/Jan/2021:11:31:33 +0000] "GET /api-docs/[object%20Module] HTTP/1.1" 304 - "-" "Mozilla/5.0 (Windows NT 10.0; Win64; x64) AppleWebKit/537.36 (KHTML, like Gecko) Chrome/87.0.4280.141 Safari/537.36"
2021-01-25 17:01:39 error: StatusCode : 400, Message : email must be an email
2021-01-25 17:01:39 info: ::1 - - [25/Jan/2021:11:31:39 +0000] "POST /users HTTP/1.1" 400 36 "-" "Mozilla/5.0 (Windows NT 10.0; Win64; x64) AppleWebKit/537.36 (KHTML, like Gecko) Chrome/87.0.4280.141 Safari/537.36"
2021-01-25 17:24:08 info: ::1 - - [25/Jan/2021:11:54:08 +0000] "POST /users HTTP/1.1" 201 20 "-" "Mozilla/5.0 (Windows NT 10.0; Win64; x64) AppleWebKit/537.36 (KHTML, like Gecko) Chrome/87.0.4280.141 Safari/537.36"
2021-01-25 19:00:40 info: 🚀 App listening on the port 3000
2021-01-25 19:02:30 info: 🚀 App listening on the port 3000
2021-01-25 19:02:31 info: ::1 - - [25/Jan/2021:13:32:31 +0000] "GET /api-docs/ HTTP/1.1" 304 - "-" "Mozilla/5.0 (Windows NT 10.0; Win64; x64) AppleWebKit/537.36 (KHTML, like Gecko) Chrome/87.0.4280.141 Safari/537.36"
2021-01-25 19:02:31 info: ::1 - - [25/Jan/2021:13:32:31 +0000] "GET /api-docs/swagger-ui-init.js HTTP/1.1" 304 - "-" "Mozilla/5.0 (Windows NT 10.0; Win64; x64) AppleWebKit/537.36 (KHTML, like Gecko) Chrome/87.0.4280.141 Safari/537.36"
2021-01-25 19:02:31 info: ::1 - - [25/Jan/2021:13:32:31 +0000] "GET /api-docs/swagger-ui.css HTTP/1.1" 304 - "-" "Mozilla/5.0 (Windows NT 10.0; Win64; x64) AppleWebKit/537.36 (KHTML, like Gecko) Chrome/87.0.4280.141 Safari/537.36"
2021-01-25 19:02:31 info: ::1 - - [25/Jan/2021:13:32:31 +0000] "GET /api-docs/swagger-ui-bundle.js HTTP/1.1" 304 - "-" "Mozilla/5.0 (Windows NT 10.0; Win64; x64) AppleWebKit/537.36 (KHTML, like Gecko) Chrome/87.0.4280.141 Safari/537.36"
2021-01-25 19:02:31 info: ::1 - - [25/Jan/2021:13:32:31 +0000] "GET /api-docs/swagger-ui-standalone-preset.js HTTP/1.1" 304 - "-" "Mozilla/5.0 (Windows NT 10.0; Win64; x64) AppleWebKit/537.36 (KHTML, like Gecko) Chrome/87.0.4280.141 Safari/537.36"
2021-01-25 19:02:35 info: ::1 - - [25/Jan/2021:13:32:35 +0000] "GET /api-docs/[object%20Module] HTTP/1.1" 304 - "-" "Mozilla/5.0 (Windows NT 10.0; Win64; x64) AppleWebKit/537.36 (KHTML, like Gecko) Chrome/87.0.4280.141 Safari/537.36"
2021-01-25 19:02:39 info: ::1 - - [25/Jan/2021:13:32:39 +0000] "GET /users HTTP/1.1" 200 890 "-" "Mozilla/5.0 (Windows NT 10.0; Win64; x64) AppleWebKit/537.36 (KHTML, like Gecko) Chrome/87.0.4280.141 Safari/537.36"
2021-01-25 19:02:44 info: ::1 - - [25/Jan/2021:13:32:44 +0000] "GET /api-docs/[object%20Module] HTTP/1.1" 304 - "-" "Mozilla/5.0 (Windows NT 10.0; Win64; x64) AppleWebKit/537.36 (KHTML, like Gecko) Chrome/87.0.4280.141 Safari/537.36"
2021-01-25 19:11:45 info: 🚀 App listening on the port 3000
2021-01-25 19:11:53 info: ::1 - - [25/Jan/2021:13:41:53 +0000] "GET /api-docs/ HTTP/1.1" 304 - "-" "Mozilla/5.0 (Windows NT 10.0; Win64; x64) AppleWebKit/537.36 (KHTML, like Gecko) Chrome/87.0.4280.141 Safari/537.36"
2021-01-25 19:11:53 info: ::1 - - [25/Jan/2021:13:41:53 +0000] "GET /api-docs/swagger-ui.css HTTP/1.1" 304 - "-" "Mozilla/5.0 (Windows NT 10.0; Win64; x64) AppleWebKit/537.36 (KHTML, like Gecko) Chrome/87.0.4280.141 Safari/537.36"
2021-01-25 19:11:53 info: ::1 - - [25/Jan/2021:13:41:53 +0000] "GET /api-docs/swagger-ui-bundle.js HTTP/1.1" 304 - "-" "Mozilla/5.0 (Windows NT 10.0; Win64; x64) AppleWebKit/537.36 (KHTML, like Gecko) Chrome/87.0.4280.141 Safari/537.36"
2021-01-25 19:11:53 info: ::1 - - [25/Jan/2021:13:41:53 +0000] "GET /api-docs/swagger-ui-init.js HTTP/1.1" 304 - "-" "Mozilla/5.0 (Windows NT 10.0; Win64; x64) AppleWebKit/537.36 (KHTML, like Gecko) Chrome/87.0.4280.141 Safari/537.36"
2021-01-25 19:11:53 info: ::1 - - [25/Jan/2021:13:41:53 +0000] "GET /api-docs/swagger-ui-standalone-preset.js HTTP/1.1" 304 - "-" "Mozilla/5.0 (Windows NT 10.0; Win64; x64) AppleWebKit/537.36 (KHTML, like Gecko) Chrome/87.0.4280.141 Safari/537.36"
2021-01-25 19:11:55 info: ::1 - - [25/Jan/2021:13:41:55 +0000] "GET /api-docs/[object%20Module] HTTP/1.1" 304 - "-" "Mozilla/5.0 (Windows NT 10.0; Win64; x64) AppleWebKit/537.36 (KHTML, like Gecko) Chrome/87.0.4280.141 Safari/537.36"
2021-01-25 19:12:52 info: ::1 - - [25/Jan/2021:13:42:52 +0000] "GET /api-docs/[object%20Module] HTTP/1.1" 304 - "-" "Mozilla/5.0 (Windows NT 10.0; Win64; x64) AppleWebKit/537.36 (KHTML, like Gecko) Chrome/87.0.4280.141 Safari/537.36"
2021-01-25 19:12:59 info: ::1 - - [25/Jan/2021:13:42:59 +0000] "GET /users HTTP/1.1" 304 - "-" "Mozilla/5.0 (Windows NT 10.0; Win64; x64) AppleWebKit/537.36 (KHTML, like Gecko) Chrome/87.0.4280.141 Safari/537.36"
