2021-01-18 11:12:16 info: 🚀 App listening on the port 3000
2021-01-18 11:12:16 info: ::1 - - [18/Jan/2021:05:42:16 +0000] "GET / HTTP/1.1" 304 - "-" "Mozilla/5.0 (Windows NT 10.0; Win64; x64) AppleWebKit/537.36 (KHTML, like Gecko) Chrome/87.0.4280.141 Safari/537.36"
2021-01-18 11:12:17 info: ::1 - - [18/Jan/2021:05:42:17 +0000] "GET /favicon.ico HTTP/1.1" 404 150 "-" "Mozilla/5.0 (Windows NT 10.0; Win64; x64) AppleWebKit/537.36 (KHTML, like Gecko) Chrome/87.0.4280.141 Safari/537.36"
2021-01-18 11:17:09 info: ::1 - - [18/Jan/2021:05:47:09 +0000] "GET /api-docs/ HTTP/1.1" 304 - "-" "Mozilla/5.0 (Windows NT 10.0; Win64; x64) AppleWebKit/537.36 (KHTML, like Gecko) Chrome/87.0.4280.141 Safari/537.36"
2021-01-18 11:17:09 info: ::1 - - [18/Jan/2021:05:47:09 +0000] "GET /api-docs/swagger-ui.css HTTP/1.1" 304 - "-" "Mozilla/5.0 (Windows NT 10.0; Win64; x64) AppleWebKit/537.36 (KHTML, like Gecko) Chrome/87.0.4280.141 Safari/537.36"
2021-01-18 11:17:09 info: ::1 - - [18/Jan/2021:05:47:09 +0000] "GET /api-docs/swagger-ui-init.js HTTP/1.1" 304 - "-" "Mozilla/5.0 (Windows NT 10.0; Win64; x64) AppleWebKit/537.36 (KHTML, like Gecko) Chrome/87.0.4280.141 Safari/537.36"
2021-01-18 11:17:09 info: ::1 - - [18/Jan/2021:05:47:09 +0000] "GET /api-docs/swagger-ui-bundle.js HTTP/1.1" 304 - "-" "Mozilla/5.0 (Windows NT 10.0; Win64; x64) AppleWebKit/537.36 (KHTML, like Gecko) Chrome/87.0.4280.141 Safari/537.36"
2021-01-18 11:17:09 info: ::1 - - [18/Jan/2021:05:47:09 +0000] "GET /api-docs/swagger-ui-standalone-preset.js HTTP/1.1" 304 - "-" "Mozilla/5.0 (Windows NT 10.0; Win64; x64) AppleWebKit/537.36 (KHTML, like Gecko) Chrome/87.0.4280.141 Safari/537.36"
2021-01-18 11:23:09 info: ::1 - - [18/Jan/2021:05:53:09 +0000] "GET /api-docs/[object%20Module] HTTP/1.1" 304 - "-" "Mozilla/5.0 (Windows NT 10.0; Win64; x64) AppleWebKit/537.36 (KHTML, like Gecko) Chrome/87.0.4280.141 Safari/537.36"
2021-01-18 11:24:16 info: ::1 - - [18/Jan/2021:05:54:16 +0000] "GET /api-docs/[object%20Module] HTTP/1.1" 304 - "-" "Mozilla/5.0 (Windows NT 10.0; Win64; x64) AppleWebKit/537.36 (KHTML, like Gecko) Chrome/87.0.4280.141 Safari/537.36"
2021-01-18 11:24:31 error: StatusCode : 409, Message : You're not user
2021-01-18 11:24:31 info: ::1 - - [18/Jan/2021:05:54:31 +0000] "GET /users/1001 HTTP/1.1" 409 29 "-" "Mozilla/5.0 (Windows NT 10.0; Win64; x64) AppleWebKit/537.36 (KHTML, like Gecko) Chrome/87.0.4280.141 Safari/537.36"
2021-01-18 11:24:33 error: StatusCode : 409, Message : You're not user
2021-01-18 11:24:33 info: ::1 - - [18/Jan/2021:05:54:33 +0000] "GET /users/1001 HTTP/1.1" 409 29 "-" "Mozilla/5.0 (Windows NT 10.0; Win64; x64) AppleWebKit/537.36 (KHTML, like Gecko) Chrome/87.0.4280.141 Safari/537.36"
2021-01-18 11:24:35 error: StatusCode : 409, Message : You're not user
2021-01-18 11:24:35 info: ::1 - - [18/Jan/2021:05:54:35 +0000] "GET /users/1001 HTTP/1.1" 409 29 "-" "Mozilla/5.0 (Windows NT 10.0; Win64; x64) AppleWebKit/537.36 (KHTML, like Gecko) Chrome/87.0.4280.141 Safari/537.36"
2021-01-18 11:34:40 info: ::1 - - [18/Jan/2021:06:04:40 +0000] "GET /users/1 HTTP/1.1" 200 135 "-" "Mozilla/5.0 (Windows NT 10.0; Win64; x64) AppleWebKit/537.36 (KHTML, like Gecko) Chrome/87.0.4280.141 Safari/537.36"
2021-01-18 11:35:08 info: ::1 - - [18/Jan/2021:06:05:08 +0000] "GET /users/4 HTTP/1.1" 200 136 "-" "Mozilla/5.0 (Windows NT 10.0; Win64; x64) AppleWebKit/537.36 (KHTML, like Gecko) Chrome/87.0.4280.141 Safari/537.36"
2021-01-18 11:38:09 error: StatusCode : 409, Message : You're not user
2021-01-18 11:38:09 info: ::1 - - [18/Jan/2021:06:08:09 +0000] "GET /users/5 HTTP/1.1" 409 29 "-" "Mozilla/5.0 (Windows NT 10.0; Win64; x64) AppleWebKit/537.36 (KHTML, like Gecko) Chrome/87.0.4280.141 Safari/537.36"
2021-01-18 11:39:23 error: StatusCode : 409, Message : You're not user
2021-01-18 11:39:23 info: ::1 - - [18/Jan/2021:06:09:23 +0000] "GET /users/0 HTTP/1.1" 409 29 "-" "Mozilla/5.0 (Windows NT 10.0; Win64; x64) AppleWebKit/537.36 (KHTML, like Gecko) Chrome/87.0.4280.141 Safari/537.36"
2021-01-18 11:57:03 info: ::1 - - [18/Jan/2021:06:27:03 +0000] "GET /api-docs/[object%20Module] HTTP/1.1" 304 - "-" "Mozilla/5.0 (Windows NT 10.0; Win64; x64) AppleWebKit/537.36 (KHTML, like Gecko) Chrome/87.0.4280.141 Safari/537.36"
2021-01-18 12:06:50 info: ::1 - - [18/Jan/2021:06:36:50 +0000] "GET /signup HTTP/1.1" 404 145 "-" "Mozilla/5.0 (Windows NT 10.0; Win64; x64) AppleWebKit/537.36 (KHTML, like Gecko) Chrome/87.0.4280.141 Safari/537.36"
2021-01-18 12:07:00 info: ::1 - - [18/Jan/2021:06:37:00 +0000] "GET /signup/ HTTP/1.1" 404 146 "-" "Mozilla/5.0 (Windows NT 10.0; Win64; x64) AppleWebKit/537.36 (KHTML, like Gecko) Chrome/87.0.4280.141 Safari/537.36"
2021-01-18 12:07:23 info: ::1 - - [18/Jan/2021:06:37:23 +0000] "GET /signup/ HTTP/1.1" 404 146 "-" "Mozilla/5.0 (Windows NT 10.0; Win64; x64) AppleWebKit/537.36 (KHTML, like Gecko) Chrome/87.0.4280.141 Safari/537.36"
2021-01-18 12:07:28 info: ::1 - - [18/Jan/2021:06:37:28 +0000] "GET /signup HTTP/1.1" 404 145 "-" "Mozilla/5.0 (Windows NT 10.0; Win64; x64) AppleWebKit/537.36 (KHTML, like Gecko) Chrome/87.0.4280.141 Safari/537.36"
2021-01-18 12:32:42 info: ::1 - - [18/Jan/2021:07:02:42 +0000] "GET /s HTTP/1.1" 404 140 "-" "Mozilla/5.0 (Windows NT 10.0; Win64; x64) AppleWebKit/537.36 (KHTML, like Gecko) Chrome/87.0.4280.141 Safari/537.36"
2021-01-18 12:32:49 info: ::1 - - [18/Jan/2021:07:02:49 +0000] "GET /users HTTP/1.1" 200 460 "-" "Mozilla/5.0 (Windows NT 10.0; Win64; x64) AppleWebKit/537.36 (KHTML, like Gecko) Chrome/87.0.4280.141 Safari/537.36"
2021-01-18 12:33:50 info: ::1 - - [18/Jan/2021:07:03:50 +0000] "GET /user HTTP/1.1" 404 143 "-" "Mozilla/5.0 (Windows NT 10.0; Win64; x64) AppleWebKit/537.36 (KHTML, like Gecko) Chrome/87.0.4280.141 Safari/537.36"
2021-01-18 12:33:59 info: ::1 - - [18/Jan/2021:07:03:59 +0000] "GET /users HTTP/1.1" 304 - "-" "Mozilla/5.0 (Windows NT 10.0; Win64; x64) AppleWebKit/537.36 (KHTML, like Gecko) Chrome/87.0.4280.141 Safari/537.36"
2021-01-18 12:34:42 info: ::1 - - [18/Jan/2021:07:04:42 +0000] "GET / HTTP/1.1" 304 - "-" "Mozilla/5.0 (Windows NT 10.0; Win64; x64) AppleWebKit/537.36 (KHTML, like Gecko) Chrome/87.0.4280.141 Safari/537.36"
2021-01-18 12:51:40 info: ::1 - - [18/Jan/2021:07:21:40 +0000] "GET / HTTP/1.1" 304 - "-" "Mozilla/5.0 (Windows NT 10.0; Win64; x64) AppleWebKit/537.36 (KHTML, like Gecko) Chrome/87.0.4280.141 Safari/537.36"
2021-01-18 12:51:46 info: ::1 - - [18/Jan/2021:07:21:46 +0000] "GET /api-docs/ HTTP/1.1" 304 - "-" "Mozilla/5.0 (Windows NT 10.0; Win64; x64) AppleWebKit/537.36 (KHTML, like Gecko) Chrome/87.0.4280.141 Safari/537.36"
2021-01-18 12:51:46 info: ::1 - - [18/Jan/2021:07:21:46 +0000] "GET /api-docs/swagger-ui-init.js HTTP/1.1" 304 - "-" "Mozilla/5.0 (Windows NT 10.0; Win64; x64) AppleWebKit/537.36 (KHTML, like Gecko) Chrome/87.0.4280.141 Safari/537.36"
2021-01-18 12:51:46 info: ::1 - - [18/Jan/2021:07:21:46 +0000] "GET /api-docs/swagger-ui.css HTTP/1.1" 304 - "-" "Mozilla/5.0 (Windows NT 10.0; Win64; x64) AppleWebKit/537.36 (KHTML, like Gecko) Chrome/87.0.4280.141 Safari/537.36"
2021-01-18 12:51:46 info: ::1 - - [18/Jan/2021:07:21:46 +0000] "GET /api-docs/swagger-ui-bundle.js HTTP/1.1" 304 - "-" "Mozilla/5.0 (Windows NT 10.0; Win64; x64) AppleWebKit/537.36 (KHTML, like Gecko) Chrome/87.0.4280.141 Safari/537.36"
2021-01-18 12:51:46 info: ::1 - - [18/Jan/2021:07:21:46 +0000] "GET /api-docs/swagger-ui-standalone-preset.js HTTP/1.1" 304 - "-" "Mozilla/5.0 (Windows NT 10.0; Win64; x64) AppleWebKit/537.36 (KHTML, like Gecko) Chrome/87.0.4280.141 Safari/537.36"
2021-01-18 13:11:07 info: ::1 - - [18/Jan/2021:07:41:07 +0000] "GET /api-docs/[object%20Module] HTTP/1.1" 304 - "-" "Mozilla/5.0 (Windows NT 10.0; Win64; x64) AppleWebKit/537.36 (KHTML, like Gecko) Chrome/87.0.4280.141 Safari/537.36"
2021-01-18 18:15:51 info: 🚀 App listening on the port 3000
2021-01-18 18:16:38 info: 🚀 App listening on the port 3000
2021-01-18 18:18:33 info: 🚀 App listening on the port 3000
2021-01-18 18:22:09 info: 🚀 App listening on the port 3000
2021-01-18 18:23:00 info: 🚀 App listening on the port 3000
