2021-01-20 16:40:05 error: uncaughtException: Operation `users.insertOne()` buffering timed out after 10000ms
MongooseError: Operation `users.insertOne()` buffering timed out after 10000ms
    at Timeout.<anonymous> (C:\Users\bvign\myapp\node_modules\mongoose\lib\drivers\node-mongodb-native\collection.js:185:20)
    at listOnTimeout (internal/timers.js:554:17)
    at processTimers (internal/timers.js:497:7)
2021-01-20 16:40:05 error: uncaughtException: Operation `users.insertOne()` buffering timed out after 10000ms
MongooseError: Operation `users.insertOne()` buffering timed out after 10000ms
    at Timeout.<anonymous> (C:\Users\bvign\myapp\node_modules\mongoose\lib\drivers\node-mongodb-native\collection.js:185:20)
    at listOnTimeout (internal/timers.js:554:17)
    at processTimers (internal/timers.js:497:7)
2021-01-20 17:00:31 error: uncaughtException: Operation `users.find()` buffering timed out after 10000ms
MongooseError: Operation `users.find()` buffering timed out after 10000ms
    at Timeout.<anonymous> (C:\Users\bvign\myapp\node_modules\mongoose\lib\drivers\node-mongodb-native\collection.js:185:20)
    at listOnTimeout (internal/timers.js:554:17)
    at processTimers (internal/timers.js:497:7)
2021-01-20 17:00:31 error: uncaughtException: Operation `users.insertOne()` buffering timed out after 10000ms
MongooseError: Operation `users.insertOne()` buffering timed out after 10000ms
    at Timeout.<anonymous> (C:\Users\bvign\myapp\node_modules\mongoose\lib\drivers\node-mongodb-native\collection.js:185:20)
    at listOnTimeout (internal/timers.js:554:17)
    at processTimers (internal/timers.js:497:7)
2021-01-20 17:00:31 error: uncaughtException: Operation `users.insertOne()` buffering timed out after 10000ms
MongooseError: Operation `users.insertOne()` buffering timed out after 10000ms
    at Timeout.<anonymous> (C:\Users\bvign\myapp\node_modules\mongoose\lib\drivers\node-mongodb-native\collection.js:185:20)
    at listOnTimeout (internal/timers.js:554:17)
    at processTimers (internal/timers.js:497:7)
2021-01-20 17:36:16 error: uncaughtException: Operation `users.find()` buffering timed out after 10000ms
MongooseError: Operation `users.find()` buffering timed out after 10000ms
    at Timeout.<anonymous> (C:\Users\bvign\myapp\node_modules\mongoose\lib\drivers\node-mongodb-native\collection.js:185:20)
    at listOnTimeout (internal/timers.js:554:17)
    at processTimers (internal/timers.js:497:7)
2021-01-20 17:36:16 error: uncaughtException: Operation `users.insertOne()` buffering timed out after 10000ms
MongooseError: Operation `users.insertOne()` buffering timed out after 10000ms
    at Timeout.<anonymous> (C:\Users\bvign\myapp\node_modules\mongoose\lib\drivers\node-mongodb-native\collection.js:185:20)
    at listOnTimeout (internal/timers.js:554:17)
    at processTimers (internal/timers.js:497:7)
2021-01-20 17:36:16 error: uncaughtException: Operation `users.insertOne()` buffering timed out after 10000ms
MongooseError: Operation `users.insertOne()` buffering timed out after 10000ms
    at Timeout.<anonymous> (C:\Users\bvign\myapp\node_modules\mongoose\lib\drivers\node-mongodb-native\collection.js:185:20)
    at listOnTimeout (internal/timers.js:554:17)
    at processTimers (internal/timers.js:497:7)
2021-01-20 17:47:55 error: uncaughtException: Operation `users.find()` buffering timed out after 10000ms
MongooseError: Operation `users.find()` buffering timed out after 10000ms
    at Timeout.<anonymous> (C:\Users\bvign\myapp\node_modules\mongoose\lib\drivers\node-mongodb-native\collection.js:185:20)
    at listOnTimeout (internal/timers.js:554:17)
    at processTimers (internal/timers.js:497:7)
2021-01-20 17:47:55 error: uncaughtException: Operation `users.insertOne()` buffering timed out after 10000ms
MongooseError: Operation `users.insertOne()` buffering timed out after 10000ms
    at Timeout.<anonymous> (C:\Users\bvign\myapp\node_modules\mongoose\lib\drivers\node-mongodb-native\collection.js:185:20)
    at listOnTimeout (internal/timers.js:554:17)
    at processTimers (internal/timers.js:497:7)
2021-01-20 17:47:55 error: uncaughtException: Operation `users.insertOne()` buffering timed out after 10000ms
MongooseError: Operation `users.insertOne()` buffering timed out after 10000ms
    at Timeout.<anonymous> (C:\Users\bvign\myapp\node_modules\mongoose\lib\drivers\node-mongodb-native\collection.js:185:20)
    at listOnTimeout (internal/timers.js:554:17)
    at processTimers (internal/timers.js:497:7)
2021-01-20 18:27:31 error: uncaughtException: listen EADDRINUSE: address already in use :::3000
Error: listen EADDRINUSE: address already in use :::3000
    at Server.setupListenHandle [as _listen2] (net.js:1318:16)
    at listenInCluster (net.js:1366:12)
    at Server.listen (net.js:1452:7)
    at Function.listen (C:\Users\bvign\myapp\node_modules\express\lib\application.js:618:24)
    at App.listen (C:\Users\bvign\myapp\build\app.js:30:18)
    at Object.<anonymous> (C:\Users\bvign\myapp\build\server.js:14:5)
    at Module._compile (internal/modules/cjs/loader.js:1063:30)
    at Object.Module._extensions..js (internal/modules/cjs/loader.js:1092:10)
    at Module.load (internal/modules/cjs/loader.js:928:32)
    at Function.Module._load (internal/modules/cjs/loader.js:769:14)
    at Function.executeUserEntryPoint [as runMain] (internal/modules/run_main.js:72:12)
    at internal/main/run_main_module.js:17:47
2021-01-20 18:34:43 error: uncaughtException: listen EADDRINUSE: address already in use :::3000
Error: listen EADDRINUSE: address already in use :::3000
    at Server.setupListenHandle [as _listen2] (net.js:1318:16)
    at listenInCluster (net.js:1366:12)
    at Server.listen (net.js:1452:7)
    at Function.listen (C:\Users\bvign\myapp\node_modules\express\lib\application.js:618:24)
    at App.listen (C:\Users\bvign\myapp\build\app.js:30:18)
    at Object.<anonymous> (C:\Users\bvign\myapp\build\server.js:14:5)
    at Module._compile (internal/modules/cjs/loader.js:1063:30)
    at Object.Module._extensions..js (internal/modules/cjs/loader.js:1092:10)
    at Module.load (internal/modules/cjs/loader.js:928:32)
    at Function.Module._load (internal/modules/cjs/loader.js:769:14)
    at Function.executeUserEntryPoint [as runMain] (internal/modules/run_main.js:72:12)
    at internal/main/run_main_module.js:17:47
